<?xml version="1.0" encoding="UTF-8"?>
<!-- Generated by org.testng.reporters.JUnitXMLReporter -->
<testsuite ignored="0" hostname="DESKTOP-PSABS8C" failures="0" tests="1003" name="Command line test" time="0.497" errors="0" timestamp="2021-09-11T20:09:29 COT">
  <testcase classname="cs.ing.software.lab1.Lab01Test" name="Test01" time="0.025"/>
  <testcase classname="cs.ing.software.lab1.Lab01Test" name="Test01" time="0.024"/>
  <testcase classname="cs.ing.software.lab1.Lab01Test" name="Test01" time="0.035"/>
  <testcase classname="cs.ing.software.lab1.Lab01Test" name="Test01" time="0.036"/>
  <testcase classname="cs.ing.software.lab1.Lab01Test" name="Test01" time="0.036"/>
  <testcase classname="cs.ing.software.lab1.Lab01Test" name="Test01" time="0.035"/>
  <testcase classname="cs.ing.software.lab1.Lab01Test" name="Test01" time="0.035"/>
  <testcase classname="cs.ing.software.lab1.Lab01Test" name="Test01" time="0.0"/>
  <testcase classname="cs.ing.software.lab1.Lab01Test" name="Test01" time="0.0"/>
  <testcase classname="cs.ing.software.lab1.Lab01Test" name="Test01" time="0.036"/>
  <testcase classname="cs.ing.software.lab1.Lab01Test" name="Test01" time="0.024"/>
  <testcase classname="cs.ing.software.lab1.Lab01Test" name="Test01" time="0.001"/>
  <testcase classname="cs.ing.software.lab1.Lab01Test" name="Test01" time="0.025"/>
  <testcase classname="cs.ing.software.lab1.Lab01Test" name="Test01" time="0.0"/>
  <testcase classname="cs.ing.software.lab1.Lab01Test" name="Test01" time="0.0"/>
  <testcase classname="cs.ing.software.lab1.Lab01Test" name="Test01" time="0.024"/>
  <testcase classname="cs.ing.software.lab1.Lab01Test" name="Test01" time="0.0"/>
  <testcase classname="cs.ing.software.lab1.Lab01Test" name="Test01" time="0.0"/>
  <testcase classname="cs.ing.software.lab1.Lab01Test" name="Test01" time="0.001"/>
  <testcase classname="cs.ing.software.lab1.Lab01Test" name="Test01" time="0.036"/>
  <testcase classname="cs.ing.software.lab1.Lab01Test" name="Test01" time="0.026"/>
  <testcase classname="cs.ing.software.lab1.Lab01Test" name="Test01" time="0.024"/>
  <testcase classname="cs.ing.software.lab1.Lab01Test" name="Test01" time="0.0"/>
  <testcase classname="cs.ing.software.lab1.Lab01Test" name="Test01" time="0.001"/>
  <testcase classname="cs.ing.software.lab1.Lab01Test" name="Test01" time="0.035"/>
  <testcase classname="cs.ing.software.lab1.Lab01Test" name="Test01" time="0.001"/>
  <testcase classname="cs.ing.software.lab1.Lab01Test" name="Test01" time="0.0"/>
  <testcase classname="cs.ing.software.lab1.Lab01Test" name="Test01" time="0.0"/>
  <testcase classname="cs.ing.software.lab1.Lab01Test" name="Test01" time="0.0"/>
  <testcase classname="cs.ing.software.lab1.Lab01Test" name="Test01" time="0.0"/>
  <testcase classname="cs.ing.software.lab1.Lab01Test" name="Test01" time="0.0"/>
  <testcase classname="cs.ing.software.lab1.Lab01Test" name="Test01" time="0.001"/>
  <testcase classname="cs.ing.software.lab1.Lab01Test" name="Test01" time="0.037"/>
  <testcase classname="cs.ing.software.lab1.Lab01Test" name="Test01" time="0.0"/>
  <testcase classname="cs.ing.software.lab1.Lab01Test" name="Test01" time="0.0"/>
  <testcase classname="cs.ing.software.lab1.Lab01Test" name="Test01" time="0.035"/>
  <testcase classname="cs.ing.software.lab1.Lab01Test" name="Test01" time="0.039"/>
  <testcase classname="cs.ing.software.lab1.Lab01Test" name="Test01" time="0.0"/>
  <testcase classname="cs.ing.software.lab1.Lab01Test" name="Test01" time="0.0"/>
  <testcase classname="cs.ing.software.lab1.Lab01Test" name="Test01" time="0.024"/>
  <testcase classname="cs.ing.software.lab1.Lab01Test" name="Test01" time="0.0"/>
  <testcase classname="cs.ing.software.lab1.Lab01Test" name="Test01" time="0.0"/>
  <testcase classname="cs.ing.software.lab1.Lab01Test" name="Test01" time="0.031"/>
  <testcase classname="cs.ing.software.lab1.Lab01Test" name="Test01" time="0.036"/>
  <testcase classname="cs.ing.software.lab1.Lab01Test" name="Test01" time="0.0"/>
  <testcase classname="cs.ing.software.lab1.Lab01Test" name="Test01" time="0.0"/>
  <testcase classname="cs.ing.software.lab1.Lab01Test" name="Test01" time="0.0"/>
  <testcase classname="cs.ing.software.lab1.Lab01Test" name="Test01" time="0.001"/>
  <testcase classname="cs.ing.software.lab1.Lab01Test" name="Test01" time="0.0"/>
  <testcase classname="cs.ing.software.lab1.Lab01Test" name="Test01" time="0.034"/>
  <testcase classname="cs.ing.software.lab1.Lab01Test" name="Test01" time="0.032"/>
  <testcase classname="cs.ing.software.lab1.Lab01Test" name="Test01" time="0.0"/>
  <testcase classname="cs.ing.software.lab1.Lab01Test" name="Test01" time="0.039"/>
  <testcase classname="cs.ing.software.lab1.Lab01Test" name="Test01" time="0.035"/>
  <testcase classname="cs.ing.software.lab1.Lab01Test" name="Test01" time="0.022"/>
  <testcase classname="cs.ing.software.lab1.Lab01Test" name="Test01" time="0.036"/>
  <testcase classname="cs.ing.software.lab1.Lab01Test" name="Test01" time="0.0"/>
  <testcase classname="cs.ing.software.lab1.Lab01Test" name="Test01" time="0.001"/>
  <testcase classname="cs.ing.software.lab1.Lab01Test" name="Test01" time="0.0"/>
  <testcase classname="cs.ing.software.lab1.Lab01Test" name="Test01" time="0.0"/>
  <testcase classname="cs.ing.software.lab1.Lab01Test" name="Test01" time="0.001"/>
  <testcase classname="cs.ing.software.lab1.Lab01Test" name="Test01" time="0.001"/>
  <testcase classname="cs.ing.software.lab1.Lab01Test" name="Test01" time="0.0"/>
  <testcase classname="cs.ing.software.lab1.Lab01Test" name="Test01" time="0.001"/>
  <testcase classname="cs.ing.software.lab1.Lab01Test" name="Test01" time="0.001"/>
  <testcase classname="cs.ing.software.lab1.Lab01Test" name="Test01" time="0.0"/>
  <testcase classname="cs.ing.software.lab1.Lab01Test" name="Test01" time="0.0"/>
  <testcase classname="cs.ing.software.lab1.Lab01Test" name="Test01" time="0.001"/>
  <testcase classname="cs.ing.software.lab1.Lab01Test" name="Test01" time="0.0"/>
  <testcase classname="cs.ing.software.lab1.Lab01Test" name="Test01" time="0.001"/>
  <testcase classname="cs.ing.software.lab1.Lab01Test" name="Test01" time="0.0"/>
  <testcase classname="cs.ing.software.lab1.Lab01Test" name="Test01" time="0.0"/>
  <testcase classname="cs.ing.software.lab1.Lab01Test" name="Test01" time="0.001"/>
  <testcase classname="cs.ing.software.lab1.Lab01Test" name="Test01" time="0.0"/>
  <testcase classname="cs.ing.software.lab1.Lab01Test" name="Test01" time="0.039"/>
  <testcase classname="cs.ing.software.lab1.Lab01Test" name="Test01" time="0.03"/>
  <testcase classname="cs.ing.software.lab1.Lab01Test" name="Test01" time="0.0"/>
  <testcase classname="cs.ing.software.lab1.Lab01Test" name="Test01" time="0.0"/>
  <testcase classname="cs.ing.software.lab1.Lab01Test" name="Test01" time="0.001"/>
  <testcase classname="cs.ing.software.lab1.Lab01Test" name="Test01" time="0.0"/>
  <testcase classname="cs.ing.software.lab1.Lab01Test" name="Test01" time="0.0"/>
  <testcase classname="cs.ing.software.lab1.Lab01Test" name="Test01" time="0.0"/>
  <testcase classname="cs.ing.software.lab1.Lab01Test" name="Test01" time="0.004"/>
  <testcase classname="cs.ing.software.lab1.Lab01Test" name="Test01" time="0.0"/>
  <testcase classname="cs.ing.software.lab1.Lab01Test" name="Test01" time="0.0"/>
  <testcase classname="cs.ing.software.lab1.Lab01Test" name="Test01" time="0.0"/>
  <testcase classname="cs.ing.software.lab1.Lab01Test" name="Test01" time="0.011"/>
  <testcase classname="cs.ing.software.lab1.Lab01Test" name="Test01" time="0.024"/>
  <testcase classname="cs.ing.software.lab1.Lab01Test" name="Test01" time="0.037"/>
  <testcase classname="cs.ing.software.lab1.Lab01Test" name="Test01" time="0.034"/>
  <testcase classname="cs.ing.software.lab1.Lab01Test" name="Test01" time="0.0"/>
  <testcase classname="cs.ing.software.lab1.Lab01Test" name="Test01" time="0.001"/>
  <testcase classname="cs.ing.software.lab1.Lab01Test" name="Test01" time="0.0"/>
  <testcase classname="cs.ing.software.lab1.Lab01Test" name="Test01" time="0.0"/>
  <testcase classname="cs.ing.software.lab1.Lab01Test" name="Test01" time="0.037"/>
  <testcase classname="cs.ing.software.lab1.Lab01Test" name="Test01" time="0.001"/>
  <testcase classname="cs.ing.software.lab1.Lab01Test" name="Test01" time="0.0"/>
  <testcase classname="cs.ing.software.lab1.Lab01Test" name="Test01" time="0.0"/>
  <testcase classname="cs.ing.software.lab1.Lab01Test" name="Test01" time="0.0"/>
  <testcase classname="cs.ing.software.lab1.Lab01Test" name="Test01" time="0.001"/>
  <testcase classname="cs.ing.software.lab1.Lab01Test" name="Test01" time="0.036"/>
  <testcase classname="cs.ing.software.lab1.Lab01Test" name="Test01" time="0.036"/>
  <testcase classname="cs.ing.software.lab1.Lab01Test" name="Test01" time="0.025"/>
  <testcase classname="cs.ing.software.lab1.Lab01Test" name="Test01" time="0.036"/>
  <testcase classname="cs.ing.software.lab1.Lab01Test" name="Test01" time="0.033"/>
  <testcase classname="cs.ing.software.lab1.Lab01Test" name="Test01" time="0.038"/>
  <testcase classname="cs.ing.software.lab1.Lab01Test" name="Test01" time="0.025"/>
  <testcase classname="cs.ing.software.lab1.Lab01Test" name="Test01" time="0.0"/>
  <testcase classname="cs.ing.software.lab1.Lab01Test" name="Test01" time="0.0"/>
  <testcase classname="cs.ing.software.lab1.Lab01Test" name="Test01" time="0.0"/>
  <testcase classname="cs.ing.software.lab1.Lab01Test" name="Test01" time="0.023"/>
  <testcase classname="cs.ing.software.lab1.Lab01Test" name="Test01" time="0.0"/>
  <testcase classname="cs.ing.software.lab1.Lab01Test" name="Test01" time="0.0"/>
  <testcase classname="cs.ing.software.lab1.Lab01Test" name="Test01" time="0.001"/>
  <testcase classname="cs.ing.software.lab1.Lab01Test" name="Test01" time="0.001"/>
  <testcase classname="cs.ing.software.lab1.Lab01Test" name="Test01" time="0.001"/>
  <testcase classname="cs.ing.software.lab1.Lab01Test" name="Test01" time="0.0"/>
  <testcase classname="cs.ing.software.lab1.Lab01Test" name="Test01" time="0.001"/>
  <testcase classname="cs.ing.software.lab1.Lab01Test" name="Test01" time="0.04"/>
  <testcase classname="cs.ing.software.lab1.Lab01Test" name="Test01" time="0.024"/>
  <testcase classname="cs.ing.software.lab1.Lab01Test" name="Test01" time="0.04"/>
  <testcase classname="cs.ing.software.lab1.Lab01Test" name="Test01" time="0.0"/>
  <testcase classname="cs.ing.software.lab1.Lab01Test" name="Test01" time="0.001"/>
  <testcase classname="cs.ing.software.lab1.Lab01Test" name="Test01" time="0.0"/>
  <testcase classname="cs.ing.software.lab1.Lab01Test" name="Test01" time="0.0"/>
  <testcase classname="cs.ing.software.lab1.Lab01Test" name="Test01" time="0.001"/>
  <testcase classname="cs.ing.software.lab1.Lab01Test" name="Test01" time="0.033"/>
  <testcase classname="cs.ing.software.lab1.Lab01Test" name="Test01" time="0.0"/>
  <testcase classname="cs.ing.software.lab1.Lab01Test" name="Test01" time="0.0"/>
  <testcase classname="cs.ing.software.lab1.Lab01Test" name="Test01" time="0.039"/>
  <testcase classname="cs.ing.software.lab1.Lab01Test" name="Test01" time="0.037"/>
  <testcase classname="cs.ing.software.lab1.Lab01Test" name="Test01" time="0.0"/>
  <testcase classname="cs.ing.software.lab1.Lab01Test" name="Test01" time="0.0"/>
  <testcase classname="cs.ing.software.lab1.Lab01Test" name="Test01" time="0.038"/>
  <testcase classname="cs.ing.software.lab1.Lab01Test" name="Test01" time="0.0"/>
  <testcase classname="cs.ing.software.lab1.Lab01Test" name="Test01" time="0.035"/>
  <testcase classname="cs.ing.software.lab1.Lab01Test" name="Test01" time="0.03"/>
  <testcase classname="cs.ing.software.lab1.Lab01Test" name="Test01" time="0.0"/>
  <testcase classname="cs.ing.software.lab1.Lab01Test" name="Test01" time="0.0"/>
  <testcase classname="cs.ing.software.lab1.Lab01Test" name="Test01" time="0.038"/>
  <testcase classname="cs.ing.software.lab1.Lab01Test" name="Test01" time="0.0"/>
  <testcase classname="cs.ing.software.lab1.Lab01Test" name="Test01" time="0.036"/>
  <testcase classname="cs.ing.software.lab1.Lab01Test" name="Test01" time="0.037"/>
  <testcase classname="cs.ing.software.lab1.Lab01Test" name="Test01" time="0.0"/>
  <testcase classname="cs.ing.software.lab1.Lab01Test" name="Test01" time="0.024"/>
  <testcase classname="cs.ing.software.lab1.Lab01Test" name="Test01" time="0.036"/>
  <testcase classname="cs.ing.software.lab1.Lab01Test" name="Test01" time="0.001"/>
  <testcase classname="cs.ing.software.lab1.Lab01Test" name="Test01" time="0.002"/>
  <testcase classname="cs.ing.software.lab1.Lab01Test" name="Test01" time="0.023"/>
  <testcase classname="cs.ing.software.lab1.Lab01Test" name="Test01" time="0.0"/>
  <testcase classname="cs.ing.software.lab1.Lab01Test" name="Test01" time="0.0"/>
  <testcase classname="cs.ing.software.lab1.Lab01Test" name="Test01" time="0.037"/>
  <testcase classname="cs.ing.software.lab1.Lab01Test" name="Test01" time="0.029"/>
  <testcase classname="cs.ing.software.lab1.Lab01Test" name="Test01" time="0.048"/>
  <testcase classname="cs.ing.software.lab1.Lab01Test" name="Test01" time="0.04"/>
  <testcase classname="cs.ing.software.lab1.Lab01Test" name="Test01" time="0.0"/>
  <testcase classname="cs.ing.software.lab1.Lab01Test" name="Test01" time="0.0"/>
  <testcase classname="cs.ing.software.lab1.Lab01Test" name="Test01" time="0.001"/>
  <testcase classname="cs.ing.software.lab1.Lab01Test" name="Test01" time="0.001"/>
  <testcase classname="cs.ing.software.lab1.Lab01Test" name="Test01" time="0.028"/>
  <testcase classname="cs.ing.software.lab1.Lab01Test" name="Test01" time="0.024"/>
  <testcase classname="cs.ing.software.lab1.Lab01Test" name="Test01" time="0.049"/>
  <testcase classname="cs.ing.software.lab1.Lab01Test" name="Test01" time="0.0"/>
  <testcase classname="cs.ing.software.lab1.Lab01Test" name="Test01" time="0.036"/>
  <testcase classname="cs.ing.software.lab1.Lab01Test" name="Test01" time="0.001"/>
  <testcase classname="cs.ing.software.lab1.Lab01Test" name="Test01" time="0.0"/>
  <testcase classname="cs.ing.software.lab1.Lab01Test" name="Test01" time="0.0"/>
  <testcase classname="cs.ing.software.lab1.Lab01Test" name="Test01" time="0.0"/>
  <testcase classname="cs.ing.software.lab1.Lab01Test" name="Test01" time="0.0"/>
  <testcase classname="cs.ing.software.lab1.Lab01Test" name="Test01" time="0.026"/>
  <testcase classname="cs.ing.software.lab1.Lab01Test" name="Test01" time="0.0"/>
  <testcase classname="cs.ing.software.lab1.Lab01Test" name="Test01" time="0.024"/>
  <testcase classname="cs.ing.software.lab1.Lab01Test" name="Test01" time="0.024"/>
  <testcase classname="cs.ing.software.lab1.Lab01Test" name="Test01" time="0.051"/>
  <testcase classname="cs.ing.software.lab1.Lab01Test" name="Test01" time="0.0"/>
  <testcase classname="cs.ing.software.lab1.Lab01Test" name="Test01" time="0.0"/>
  <testcase classname="cs.ing.software.lab1.Lab01Test" name="Test01" time="0.0"/>
  <testcase classname="cs.ing.software.lab1.Lab01Test" name="Test01" time="0.001"/>
  <testcase classname="cs.ing.software.lab1.Lab01Test" name="Test01" time="0.001"/>
  <testcase classname="cs.ing.software.lab1.Lab01Test" name="Test01" time="0.0"/>
  <testcase classname="cs.ing.software.lab1.Lab01Test" name="Test01" time="0.055"/>
  <testcase classname="cs.ing.software.lab1.Lab01Test" name="Test01" time="0.0"/>
  <testcase classname="cs.ing.software.lab1.Lab01Test" name="Test01" time="0.04"/>
  <testcase classname="cs.ing.software.lab1.Lab01Test" name="Test01" time="0.0"/>
  <testcase classname="cs.ing.software.lab1.Lab01Test" name="Test01" time="0.0"/>
  <testcase classname="cs.ing.software.lab1.Lab01Test" name="Test01" time="0.001"/>
  <testcase classname="cs.ing.software.lab1.Lab01Test" name="Test01" time="0.024"/>
  <testcase classname="cs.ing.software.lab1.Lab01Test" name="Test01" time="0.0"/>
  <testcase classname="cs.ing.software.lab1.Lab01Test" name="Test01" time="0.0"/>
  <testcase classname="cs.ing.software.lab1.Lab01Test" name="Test01" time="0.056"/>
  <testcase classname="cs.ing.software.lab1.Lab01Test" name="Test01" time="0.001"/>
  <testcase classname="cs.ing.software.lab1.Lab01Test" name="Test01" time="0.035"/>
  <testcase classname="cs.ing.software.lab1.Lab01Test" name="Test01" time="0.024"/>
  <testcase classname="cs.ing.software.lab1.Lab01Test" name="Test01" time="0.026"/>
  <testcase classname="cs.ing.software.lab1.Lab01Test" name="Test01" time="0.024"/>
  <testcase classname="cs.ing.software.lab1.Lab01Test" name="Test01" time="0.0"/>
  <testcase classname="cs.ing.software.lab1.Lab01Test" name="Test01" time="0.0"/>
  <testcase classname="cs.ing.software.lab1.Lab01Test" name="Test01" time="0.0"/>
  <testcase classname="cs.ing.software.lab1.Lab01Test" name="Test01" time="0.0"/>
  <testcase classname="cs.ing.software.lab1.Lab01Test" name="Test01" time="0.0"/>
  <testcase classname="cs.ing.software.lab1.Lab01Test" name="Test01" time="0.0"/>
  <testcase classname="cs.ing.software.lab1.Lab01Test" name="Test01" time="0.0"/>
  <testcase classname="cs.ing.software.lab1.Lab01Test" name="Test01" time="0.062"/>
  <testcase classname="cs.ing.software.lab1.Lab01Test" name="Test01" time="0.035"/>
  <testcase classname="cs.ing.software.lab1.Lab01Test" name="Test01" time="0.0"/>
  <testcase classname="cs.ing.software.lab1.Lab01Test" name="Test01" time="0.001"/>
  <testcase classname="cs.ing.software.lab1.Lab01Test" name="Test01" time="0.024"/>
  <testcase classname="cs.ing.software.lab1.Lab01Test" name="Test01" time="0.003"/>
  <testcase classname="cs.ing.software.lab1.Lab01Test" name="Test01" time="0.0"/>
  <testcase classname="cs.ing.software.lab1.Lab01Test" name="Test01" time="0.0"/>
  <testcase classname="cs.ing.software.lab1.Lab01Test" name="Test01" time="0.06"/>
  <testcase classname="cs.ing.software.lab1.Lab01Test" name="Test01" time="0.026"/>
  <testcase classname="cs.ing.software.lab1.Lab01Test" name="Test01" time="0.001"/>
  <testcase classname="cs.ing.software.lab1.Lab01Test" name="Test01" time="0.031"/>
  <testcase classname="cs.ing.software.lab1.Lab01Test" name="Test01" time="0.005"/>
  <testcase classname="cs.ing.software.lab1.Lab01Test" name="Test01" time="0.0"/>
  <testcase classname="cs.ing.software.lab1.Lab01Test" name="Test01" time="0.0"/>
  <testcase classname="cs.ing.software.lab1.Lab01Test" name="Test01" time="0.0"/>
  <testcase classname="cs.ing.software.lab1.Lab01Test" name="Test01" time="0.0"/>
  <testcase classname="cs.ing.software.lab1.Lab01Test" name="Test01" time="0.0"/>
  <testcase classname="cs.ing.software.lab1.Lab01Test" name="Test01" time="0.001"/>
  <testcase classname="cs.ing.software.lab1.Lab01Test" name="Test01" time="0.039"/>
  <testcase classname="cs.ing.software.lab1.Lab01Test" name="Test01" time="0.0"/>
  <testcase classname="cs.ing.software.lab1.Lab01Test" name="Test01" time="0.063"/>
  <testcase classname="cs.ing.software.lab1.Lab01Test" name="Test01" time="0.0"/>
  <testcase classname="cs.ing.software.lab1.Lab01Test" name="Test01" time="0.031"/>
  <testcase classname="cs.ing.software.lab1.Lab01Test" name="Test01" time="0.025"/>
  <testcase classname="cs.ing.software.lab1.Lab01Test" name="Test01" time="0.001"/>
  <testcase classname="cs.ing.software.lab1.Lab01Test" name="Test01" time="0.0"/>
  <testcase classname="cs.ing.software.lab1.Lab01Test" name="Test01" time="0.001"/>
  <testcase classname="cs.ing.software.lab1.Lab01Test" name="Test01" time="0.01"/>
  <testcase classname="cs.ing.software.lab1.Lab01Test" name="Test01" time="0.0"/>
  <testcase classname="cs.ing.software.lab1.Lab01Test" name="Test01" time="0.0"/>
  <testcase classname="cs.ing.software.lab1.Lab01Test" name="Test01" time="0.0"/>
  <testcase classname="cs.ing.software.lab1.Lab01Test" name="Test01" time="0.001"/>
  <testcase classname="cs.ing.software.lab1.Lab01Test" name="Test01" time="0.001"/>
  <testcase classname="cs.ing.software.lab1.Lab01Test" name="Test01" time="0.0"/>
  <testcase classname="cs.ing.software.lab1.Lab01Test" name="Test01" time="0.0"/>
  <testcase classname="cs.ing.software.lab1.Lab01Test" name="Test01" time="0.023"/>
  <testcase classname="cs.ing.software.lab1.Lab01Test" name="Test01" time="0.0"/>
  <testcase classname="cs.ing.software.lab1.Lab01Test" name="Test01" time="0.015"/>
  <testcase classname="cs.ing.software.lab1.Lab01Test" name="Test01" time="0.0"/>
  <testcase classname="cs.ing.software.lab1.Lab01Test" name="Test01" time="0.0"/>
  <testcase classname="cs.ing.software.lab1.Lab01Test" name="Test01" time="0.023"/>
  <testcase classname="cs.ing.software.lab1.Lab01Test" name="Test01" time="0.006"/>
  <testcase classname="cs.ing.software.lab1.Lab01Test" name="Test01" time="0.017"/>
  <testcase classname="cs.ing.software.lab1.Lab01Test" name="Test01" time="0.0"/>
  <testcase classname="cs.ing.software.lab1.Lab01Test" name="Test01" time="0.0"/>
  <testcase classname="cs.ing.software.lab1.Lab01Test" name="Test01" time="0.001"/>
  <testcase classname="cs.ing.software.lab1.Lab01Test" name="Test01" time="0.001"/>
  <testcase classname="cs.ing.software.lab1.Lab01Test" name="Test01" time="0.0"/>
  <testcase classname="cs.ing.software.lab1.Lab01Test" name="Test01" time="0.023"/>
  <testcase classname="cs.ing.software.lab1.Lab01Test" name="Test01" time="0.0"/>
  <testcase classname="cs.ing.software.lab1.Lab01Test" name="Test01" time="0.001"/>
  <testcase classname="cs.ing.software.lab1.Lab01Test" name="Test01" time="0.023"/>
  <testcase classname="cs.ing.software.lab1.Lab01Test" name="Test01" time="0.001"/>
  <testcase classname="cs.ing.software.lab1.Lab01Test" name="Test01" time="0.001"/>
  <testcase classname="cs.ing.software.lab1.Lab01Test" name="Test01" time="0.024"/>
  <testcase classname="cs.ing.software.lab1.Lab01Test" name="Test01" time="0.0"/>
  <testcase classname="cs.ing.software.lab1.Lab01Test" name="Test01" time="0.026"/>
  <testcase classname="cs.ing.software.lab1.Lab01Test" name="Test01" time="0.0"/>
  <testcase classname="cs.ing.software.lab1.Lab01Test" name="Test01" time="0.0"/>
  <testcase classname="cs.ing.software.lab1.Lab01Test" name="Test01" time="0.0"/>
  <testcase classname="cs.ing.software.lab1.Lab01Test" name="Test01" time="0.0"/>
  <testcase classname="cs.ing.software.lab1.Lab01Test" name="Test01" time="0.001"/>
  <testcase classname="cs.ing.software.lab1.Lab01Test" name="Test01" time="0.0"/>
  <testcase classname="cs.ing.software.lab1.Lab01Test" name="Test01" time="0.0"/>
  <testcase classname="cs.ing.software.lab1.Lab01Test" name="Test01" time="0.001"/>
  <testcase classname="cs.ing.software.lab1.Lab01Test" name="Test01" time="0.0"/>
  <testcase classname="cs.ing.software.lab1.Lab01Test" name="Test01" time="0.001"/>
  <testcase classname="cs.ing.software.lab1.Lab01Test" name="Test01" time="0.0"/>
  <testcase classname="cs.ing.software.lab1.Lab01Test" name="Test01" time="0.0"/>
  <testcase classname="cs.ing.software.lab1.Lab01Test" name="Test01" time="0.001"/>
  <testcase classname="cs.ing.software.lab1.Lab01Test" name="Test01" time="0.0"/>
  <testcase classname="cs.ing.software.lab1.Lab01Test" name="Test01" time="0.001"/>
  <testcase classname="cs.ing.software.lab1.Lab01Test" name="Test01" time="0.036"/>
  <testcase classname="cs.ing.software.lab1.Lab01Test" name="Test01" time="0.0"/>
  <testcase classname="cs.ing.software.lab1.Lab01Test" name="Test01" time="0.0"/>
  <testcase classname="cs.ing.software.lab1.Lab01Test" name="Test01" time="0.001"/>
  <testcase classname="cs.ing.software.lab1.Lab01Test" name="Test01" time="0.0"/>
  <testcase classname="cs.ing.software.lab1.Lab01Test" name="Test01" time="0.0"/>
  <testcase classname="cs.ing.software.lab1.Lab01Test" name="Test01" time="0.001"/>
  <testcase classname="cs.ing.software.lab1.Lab01Test" name="Test01" time="0.0"/>
  <testcase classname="cs.ing.software.lab1.Lab01Test" name="Test01" time="0.0"/>
  <testcase classname="cs.ing.software.lab1.Lab01Test" name="Test01" time="0.0"/>
  <testcase classname="cs.ing.software.lab1.Lab01Test" name="Test01" time="0.001"/>
  <testcase classname="cs.ing.software.lab1.Lab01Test" name="Test01" time="0.0"/>
  <testcase classname="cs.ing.software.lab1.Lab01Test" name="Test01" time="0.001"/>
  <testcase classname="cs.ing.software.lab1.Lab01Test" name="Test01" time="0.0"/>
  <testcase classname="cs.ing.software.lab1.Lab01Test" name="Test01" time="0.004"/>
  <testcase classname="cs.ing.software.lab1.Lab01Test" name="Test01" time="0.0"/>
  <testcase classname="cs.ing.software.lab1.Lab01Test" name="Test01" time="0.001"/>
  <testcase classname="cs.ing.software.lab1.Lab01Test" name="Test01" time="0.0"/>
  <testcase classname="cs.ing.software.lab1.Lab01Test" name="Test01" time="0.0"/>
  <testcase classname="cs.ing.software.lab1.Lab01Test" name="Test01" time="0.0"/>
  <testcase classname="cs.ing.software.lab1.Lab01Test" name="Test01" time="0.0"/>
  <testcase classname="cs.ing.software.lab1.Lab01Test" name="Test01" time="0.0"/>
  <testcase classname="cs.ing.software.lab1.Lab01Test" name="Test01" time="0.001"/>
  <testcase classname="cs.ing.software.lab1.Lab01Test" name="Test01" time="0.0"/>
  <testcase classname="cs.ing.software.lab1.Lab01Test" name="Test01" time="0.01"/>
  <testcase classname="cs.ing.software.lab1.Lab01Test" name="Test01" time="0.0"/>
  <testcase classname="cs.ing.software.lab1.Lab01Test" name="Test01" time="0.052"/>
  <testcase classname="cs.ing.software.lab1.Lab01Test" name="Test01" time="0.0"/>
  <testcase classname="cs.ing.software.lab1.Lab01Test" name="Test01" time="0.053"/>
  <testcase classname="cs.ing.software.lab1.Lab01Test" name="Test01" time="0.001"/>
  <testcase classname="cs.ing.software.lab1.Lab01Test" name="Test01" time="0.053"/>
  <testcase classname="cs.ing.software.lab1.Lab01Test" name="Test01" time="0.054"/>
  <testcase classname="cs.ing.software.lab1.Lab01Test" name="Test01" time="0.0"/>
  <testcase classname="cs.ing.software.lab1.Lab01Test" name="Test01" time="0.0"/>
  <testcase classname="cs.ing.software.lab1.Lab01Test" name="Test01" time="0.001"/>
  <testcase classname="cs.ing.software.lab1.Lab01Test" name="Test01" time="0.0"/>
  <testcase classname="cs.ing.software.lab1.Lab01Test" name="Test01" time="0.0"/>
  <testcase classname="cs.ing.software.lab1.Lab01Test" name="Test01" time="0.0"/>
  <testcase classname="cs.ing.software.lab1.Lab01Test" name="Test01" time="0.0"/>
  <testcase classname="cs.ing.software.lab1.Lab01Test" name="Test01" time="0.0"/>
  <testcase classname="cs.ing.software.lab1.Lab01Test" name="Test01" time="0.0"/>
  <testcase classname="cs.ing.software.lab1.Lab01Test" name="Test01" time="0.0"/>
  <testcase classname="cs.ing.software.lab1.Lab01Test" name="Test01" time="0.0"/>
  <testcase classname="cs.ing.software.lab1.Lab01Test" name="Test01" time="0.001"/>
  <testcase classname="cs.ing.software.lab1.Lab01Test" name="Test01" time="0.0"/>
  <testcase classname="cs.ing.software.lab1.Lab01Test" name="Test01" time="0.058"/>
  <testcase classname="cs.ing.software.lab1.Lab01Test" name="Test01" time="0.06"/>
  <testcase classname="cs.ing.software.lab1.Lab01Test" name="Test01" time="0.001"/>
  <testcase classname="cs.ing.software.lab1.Lab01Test" name="Test01" time="0.0"/>
  <testcase classname="cs.ing.software.lab1.Lab01Test" name="Test01" time="0.0"/>
  <testcase classname="cs.ing.software.lab1.Lab01Test" name="Test01" time="0.001"/>
  <testcase classname="cs.ing.software.lab1.Lab01Test" name="Test01" time="0.062"/>
  <testcase classname="cs.ing.software.lab1.Lab01Test" name="Test01" time="0.0"/>
  <testcase classname="cs.ing.software.lab1.Lab01Test" name="Test01" time="0.062"/>
  <testcase classname="cs.ing.software.lab1.Lab01Test" name="Test01" time="0.063"/>
  <testcase classname="cs.ing.software.lab1.Lab01Test" name="Test01" time="0.0"/>
  <testcase classname="cs.ing.software.lab1.Lab01Test" name="Test01" time="0.0"/>
  <testcase classname="cs.ing.software.lab1.Lab01Test" name="Test01" time="0.0"/>
  <testcase classname="cs.ing.software.lab1.Lab01Test" name="Test01" time="0.001"/>
  <testcase classname="cs.ing.software.lab1.Lab01Test" name="Test01" time="0.0"/>
  <testcase classname="cs.ing.software.lab1.Lab01Test" name="Test01" time="0.0"/>
  <testcase classname="cs.ing.software.lab1.Lab01Test" name="Test01" time="0.0"/>
  <testcase classname="cs.ing.software.lab1.Lab01Test" name="Test01" time="0.0"/>
  <testcase classname="cs.ing.software.lab1.Lab01Test" name="Test01" time="0.001"/>
  <testcase classname="cs.ing.software.lab1.Lab01Test" name="Test01" time="0.077"/>
  <testcase classname="cs.ing.software.lab1.Lab01Test" name="Test01" time="0.0"/>
  <testcase classname="cs.ing.software.lab1.Lab01Test" name="Test01" time="0.0"/>
  <testcase classname="cs.ing.software.lab1.Lab01Test" name="Test01" time="0.0"/>
  <testcase classname="cs.ing.software.lab1.Lab01Test" name="Test01" time="0.0"/>
  <testcase classname="cs.ing.software.lab1.Lab01Test" name="Test01" time="0.0"/>
  <testcase classname="cs.ing.software.lab1.Lab01Test" name="Test01" time="0.001"/>
  <testcase classname="cs.ing.software.lab1.Lab01Test" name="Test01" time="0.001"/>
  <testcase classname="cs.ing.software.lab1.Lab01Test" name="Test01" time="0.0"/>
  <testcase classname="cs.ing.software.lab1.Lab01Test" name="Test01" time="0.0"/>
  <testcase classname="cs.ing.software.lab1.Lab01Test" name="Test01" time="0.0"/>
  <testcase classname="cs.ing.software.lab1.Lab01Test" name="Test01" time="0.0"/>
  <testcase classname="cs.ing.software.lab1.Lab01Test" name="Test01" time="0.0"/>
  <testcase classname="cs.ing.software.lab1.Lab01Test" name="Test01" time="0.0"/>
  <testcase classname="cs.ing.software.lab1.Lab01Test" name="Test01" time="0.08"/>
  <testcase classname="cs.ing.software.lab1.Lab01Test" name="Test01" time="0.0"/>
  <testcase classname="cs.ing.software.lab1.Lab01Test" name="Test01" time="0.0"/>
  <testcase classname="cs.ing.software.lab1.Lab01Test" name="Test01" time="0.001"/>
  <testcase classname="cs.ing.software.lab1.Lab01Test" name="Test01" time="0.0"/>
  <testcase classname="cs.ing.software.lab1.Lab01Test" name="Test01" time="0.0"/>
  <testcase classname="cs.ing.software.lab1.Lab01Test" name="Test01" time="0.0"/>
  <testcase classname="cs.ing.software.lab1.Lab01Test" name="Test01" time="0.0"/>
  <testcase classname="cs.ing.software.lab1.Lab01Test" name="Test01" time="0.0"/>
  <testcase classname="cs.ing.software.lab1.Lab01Test" name="Test01" time="0.0"/>
  <testcase classname="cs.ing.software.lab1.Lab01Test" name="Test01" time="0.0"/>
  <testcase classname="cs.ing.software.lab1.Lab01Test" name="Test01" time="0.0"/>
  <testcase classname="cs.ing.software.lab1.Lab01Test" name="Test01" time="0.0"/>
  <testcase classname="cs.ing.software.lab1.Lab01Test" name="Test01" time="0.0"/>
  <testcase classname="cs.ing.software.lab1.Lab01Test" name="Test01" time="0.0"/>
  <testcase classname="cs.ing.software.lab1.Lab01Test" name="Test01" time="0.093"/>
  <testcase classname="cs.ing.software.lab1.Lab01Test" name="Test01" time="0.0"/>
  <testcase classname="cs.ing.software.lab1.Lab01Test" name="Test01" time="0.0"/>
  <testcase classname="cs.ing.software.lab1.Lab01Test" name="Test01" time="0.0"/>
  <testcase classname="cs.ing.software.lab1.Lab01Test" name="Test01" time="0.001"/>
  <testcase classname="cs.ing.software.lab1.Lab01Test" name="Test01" time="0.0"/>
  <testcase classname="cs.ing.software.lab1.Lab01Test" name="Test01" time="0.0"/>
  <testcase classname="cs.ing.software.lab1.Lab01Test" name="Test01" time="0.001"/>
  <testcase classname="cs.ing.software.lab1.Lab01Test" name="Test01" time="0.0"/>
  <testcase classname="cs.ing.software.lab1.Lab01Test" name="Test01" time="0.096"/>
  <testcase classname="cs.ing.software.lab1.Lab01Test" name="Test01" time="0.0"/>
  <testcase classname="cs.ing.software.lab1.Lab01Test" name="Test01" time="0.001"/>
  <testcase classname="cs.ing.software.lab1.Lab01Test" name="Test01" time="0.001"/>
  <testcase classname="cs.ing.software.lab1.Lab01Test" name="Test01" time="0.101"/>
  <testcase classname="cs.ing.software.lab1.Lab01Test" name="Test01" time="0.0"/>
  <testcase classname="cs.ing.software.lab1.Lab01Test" name="Test01" time="0.0"/>
  <testcase classname="cs.ing.software.lab1.Lab01Test" name="Test01" time="0.001"/>
  <testcase classname="cs.ing.software.lab1.Lab01Test" name="Test01" time="0.0"/>
  <testcase classname="cs.ing.software.lab1.Lab01Test" name="Test01" time="0.0"/>
  <testcase classname="cs.ing.software.lab1.Lab01Test" name="Test01" time="0.0"/>
  <testcase classname="cs.ing.software.lab1.Lab01Test" name="Test01" time="0.0"/>
  <testcase classname="cs.ing.software.lab1.Lab01Test" name="Test01" time="0.0"/>
  <testcase classname="cs.ing.software.lab1.Lab01Test" name="Test01" time="0.0"/>
  <testcase classname="cs.ing.software.lab1.Lab01Test" name="Test01" time="0.108"/>
  <testcase classname="cs.ing.software.lab1.Lab01Test" name="Test01" time="0.109"/>
  <testcase classname="cs.ing.software.lab1.Lab01Test" name="Test01" time="0.0"/>
  <testcase classname="cs.ing.software.lab1.Lab01Test" name="Test01" time="0.0"/>
  <testcase classname="cs.ing.software.lab1.Lab01Test" name="Test01" time="0.0"/>
  <testcase classname="cs.ing.software.lab1.Lab01Test" name="Test01" time="0.0"/>
  <testcase classname="cs.ing.software.lab1.Lab01Test" name="Test01" time="0.0"/>
  <testcase classname="cs.ing.software.lab1.Lab01Test" name="Test01" time="0.0"/>
  <testcase classname="cs.ing.software.lab1.Lab01Test" name="Test01" time="0.0"/>
  <testcase classname="cs.ing.software.lab1.Lab01Test" name="Test01" time="0.114"/>
  <testcase classname="cs.ing.software.lab1.Lab01Test" name="Test01" time="0.001"/>
  <testcase classname="cs.ing.software.lab1.Lab01Test" name="Test01" time="0.0"/>
  <testcase classname="cs.ing.software.lab1.Lab01Test" name="Test01" time="0.117"/>
  <testcase classname="cs.ing.software.lab1.Lab01Test" name="Test01" time="0.001"/>
  <testcase classname="cs.ing.software.lab1.Lab01Test" name="Test01" time="0.001"/>
  <testcase classname="cs.ing.software.lab1.Lab01Test" name="Test01" time="0.0"/>
  <testcase classname="cs.ing.software.lab1.Lab01Test" name="Test01" time="0.0"/>
  <testcase classname="cs.ing.software.lab1.Lab01Test" name="Test01" time="0.0"/>
  <testcase classname="cs.ing.software.lab1.Lab01Test" name="Test01" time="0.0"/>
  <testcase classname="cs.ing.software.lab1.Lab01Test" name="Test01" time="0.121"/>
  <testcase classname="cs.ing.software.lab1.Lab01Test" name="Test01" time="0.0"/>
  <testcase classname="cs.ing.software.lab1.Lab01Test" name="Test01" time="0.002"/>
  <testcase classname="cs.ing.software.lab1.Lab01Test" name="Test01" time="0.001"/>
  <testcase classname="cs.ing.software.lab1.Lab01Test" name="Test01" time="0.0"/>
  <testcase classname="cs.ing.software.lab1.Lab01Test" name="Test01" time="0.0"/>
  <testcase classname="cs.ing.software.lab1.Lab01Test" name="Test01" time="0.004"/>
  <testcase classname="cs.ing.software.lab1.Lab01Test" name="Test01" time="0.0"/>
  <testcase classname="cs.ing.software.lab1.Lab01Test" name="Test01" time="0.0"/>
  <testcase classname="cs.ing.software.lab1.Lab01Test" name="Test01" time="0.001"/>
  <testcase classname="cs.ing.software.lab1.Lab01Test" name="Test01" time="0.0"/>
  <testcase classname="cs.ing.software.lab1.Lab01Test" name="Test01" time="0.0"/>
  <testcase classname="cs.ing.software.lab1.Lab01Test" name="Test01" time="0.0"/>
  <testcase classname="cs.ing.software.lab1.Lab01Test" name="Test01" time="0.001"/>
  <testcase classname="cs.ing.software.lab1.Lab01Test" name="Test01" time="0.0"/>
  <testcase classname="cs.ing.software.lab1.Lab01Test" name="Test01" time="0.0"/>
  <testcase classname="cs.ing.software.lab1.Lab01Test" name="Test01" time="0.0"/>
  <testcase classname="cs.ing.software.lab1.Lab01Test" name="Test01" time="0.011"/>
  <testcase classname="cs.ing.software.lab1.Lab01Test" name="Test01" time="0.0"/>
  <testcase classname="cs.ing.software.lab1.Lab01Test" name="Test01" time="0.0"/>
  <testcase classname="cs.ing.software.lab1.Lab01Test" name="Test01" time="0.001"/>
  <testcase classname="cs.ing.software.lab1.Lab01Test" name="Test01" time="0.0"/>
  <testcase classname="cs.ing.software.lab1.Lab01Test" name="Test01" time="0.0"/>
  <testcase classname="cs.ing.software.lab1.Lab01Test" name="Test01" time="0.014"/>
  <testcase classname="cs.ing.software.lab1.Lab01Test" name="Test01" time="0.0"/>
  <testcase classname="cs.ing.software.lab1.Lab01Test" name="Test01" time="0.015"/>
  <testcase classname="cs.ing.software.lab1.Lab01Test" name="Test01" time="0.001"/>
  <testcase classname="cs.ing.software.lab1.Lab01Test" name="Test01" time="0.016"/>
  <testcase classname="cs.ing.software.lab1.Lab01Test" name="Test01" time="0.017"/>
  <testcase classname="cs.ing.software.lab1.Lab01Test" name="Test01" time="0.019"/>
  <testcase classname="cs.ing.software.lab1.Lab01Test" name="Test01" time="0.0"/>
  <testcase classname="cs.ing.software.lab1.Lab01Test" name="Test01" time="0.019"/>
  <testcase classname="cs.ing.software.lab1.Lab01Test" name="Test01" time="0.0"/>
  <testcase classname="cs.ing.software.lab1.Lab01Test" name="Test01" time="0.018"/>
  <testcase classname="cs.ing.software.lab1.Lab01Test" name="Test01" time="0.001"/>
  <testcase classname="cs.ing.software.lab1.Lab01Test" name="Test01" time="0.0"/>
  <testcase classname="cs.ing.software.lab1.Lab01Test" name="Test01" time="0.0"/>
  <testcase classname="cs.ing.software.lab1.Lab01Test" name="Test01" time="0.0"/>
  <testcase classname="cs.ing.software.lab1.Lab01Test" name="Test01" time="0.0"/>
  <testcase classname="cs.ing.software.lab1.Lab01Test" name="Test01" time="0.0"/>
  <testcase classname="cs.ing.software.lab1.Lab01Test" name="Test01" time="0.0"/>
  <testcase classname="cs.ing.software.lab1.Lab01Test" name="Test01" time="0.0"/>
  <testcase classname="cs.ing.software.lab1.Lab01Test" name="Test01" time="0.001"/>
  <testcase classname="cs.ing.software.lab1.Lab01Test" name="Test01" time="0.0"/>
  <testcase classname="cs.ing.software.lab1.Lab01Test" name="Test01" time="0.0"/>
  <testcase classname="cs.ing.software.lab1.Lab01Test" name="Test01" time="0.0"/>
  <testcase classname="cs.ing.software.lab1.Lab01Test" name="Test01" time="0.0"/>
  <testcase classname="cs.ing.software.lab1.Lab01Test" name="Test01" time="0.001"/>
  <testcase classname="cs.ing.software.lab1.Lab01Test" name="Test01" time="0.022"/>
  <testcase classname="cs.ing.software.lab1.Lab01Test" name="Test01" time="0.0"/>
  <testcase classname="cs.ing.software.lab1.Lab01Test" name="Test01" time="0.0"/>
  <testcase classname="cs.ing.software.lab1.Lab01Test" name="Test01" time="0.0"/>
  <testcase classname="cs.ing.software.lab1.Lab01Test" name="Test01" time="0.0"/>
  <testcase classname="cs.ing.software.lab1.Lab01Test" name="Test01" time="0.027"/>
  <testcase classname="cs.ing.software.lab1.Lab01Test" name="Test01" time="0.0"/>
  <testcase classname="cs.ing.software.lab1.Lab01Test" name="Test01" time="0.0"/>
  <testcase classname="cs.ing.software.lab1.Lab01Test" name="Test01" time="0.0"/>
  <testcase classname="cs.ing.software.lab1.Lab01Test" name="Test01" time="0.0"/>
  <testcase classname="cs.ing.software.lab1.Lab01Test" name="Test01" time="0.0"/>
  <testcase classname="cs.ing.software.lab1.Lab01Test" name="Test01" time="0.0"/>
  <testcase classname="cs.ing.software.lab1.Lab01Test" name="Test01" time="0.001"/>
  <testcase classname="cs.ing.software.lab1.Lab01Test" name="Test01" time="0.001"/>
  <testcase classname="cs.ing.software.lab1.Lab01Test" name="Test01" time="0.0"/>
  <testcase classname="cs.ing.software.lab1.Lab01Test" name="Test01" time="0.0"/>
  <testcase classname="cs.ing.software.lab1.Lab01Test" name="Test01" time="0.0"/>
  <testcase classname="cs.ing.software.lab1.Lab01Test" name="Test01" time="0.0"/>
  <testcase classname="cs.ing.software.lab1.Lab01Test" name="Test01" time="0.0"/>
  <testcase classname="cs.ing.software.lab1.Lab01Test" name="Test01" time="0.0"/>
  <testcase classname="cs.ing.software.lab1.Lab01Test" name="Test01" time="0.031"/>
  <testcase classname="cs.ing.software.lab1.Lab01Test" name="Test01" time="0.0"/>
  <testcase classname="cs.ing.software.lab1.Lab01Test" name="Test01" time="0.031"/>
  <testcase classname="cs.ing.software.lab1.Lab01Test" name="Test01" time="0.0"/>
  <testcase classname="cs.ing.software.lab1.Lab01Test" name="Test01" time="0.0"/>
  <testcase classname="cs.ing.software.lab1.Lab01Test" name="Test01" time="0.0"/>
  <testcase classname="cs.ing.software.lab1.Lab01Test" name="Test01" time="0.0"/>
  <testcase classname="cs.ing.software.lab1.Lab01Test" name="Test01" time="0.001"/>
  <testcase classname="cs.ing.software.lab1.Lab01Test" name="Test01" time="0.001"/>
  <testcase classname="cs.ing.software.lab1.Lab01Test" name="Test01" time="0.037"/>
  <testcase classname="cs.ing.software.lab1.Lab01Test" name="Test01" time="0.0"/>
  <testcase classname="cs.ing.software.lab1.Lab01Test" name="Test01" time="0.0"/>
  <testcase classname="cs.ing.software.lab1.Lab01Test" name="Test01" time="0.0"/>
  <testcase classname="cs.ing.software.lab1.Lab01Test" name="Test01" time="0.0"/>
  <testcase classname="cs.ing.software.lab1.Lab01Test" name="Test01" time="0.0"/>
  <testcase classname="cs.ing.software.lab1.Lab01Test" name="Test01" time="0.001"/>
  <testcase classname="cs.ing.software.lab1.Lab01Test" name="Test01" time="0.0"/>
  <testcase classname="cs.ing.software.lab1.Lab01Test" name="Test01" time="0.0"/>
  <testcase classname="cs.ing.software.lab1.Lab01Test" name="Test01" time="0.0"/>
  <testcase classname="cs.ing.software.lab1.Lab01Test" name="Test01" time="0.04"/>
  <testcase classname="cs.ing.software.lab1.Lab01Test" name="Test01" time="0.042"/>
  <testcase classname="cs.ing.software.lab1.Lab01Test" name="Test01" time="0.0"/>
  <testcase classname="cs.ing.software.lab1.Lab01Test" name="Test01" time="0.0"/>
  <testcase classname="cs.ing.software.lab1.Lab01Test" name="Test01" time="0.0"/>
  <testcase classname="cs.ing.software.lab1.Lab01Test" name="Test01" time="0.0"/>
  <testcase classname="cs.ing.software.lab1.Lab01Test" name="Test01" time="0.0"/>
  <testcase classname="cs.ing.software.lab1.Lab01Test" name="Test01" time="0.045"/>
  <testcase classname="cs.ing.software.lab1.Lab01Test" name="Test01" time="0.0"/>
  <testcase classname="cs.ing.software.lab1.Lab01Test" name="Test01" time="0.0"/>
  <testcase classname="cs.ing.software.lab1.Lab01Test" name="Test01" time="0.0"/>
  <testcase classname="cs.ing.software.lab1.Lab01Test" name="Test01" time="0.001"/>
  <testcase classname="cs.ing.software.lab1.Lab01Test" name="Test01" time="0.0"/>
  <testcase classname="cs.ing.software.lab1.Lab01Test" name="Test01" time="0.049"/>
  <testcase classname="cs.ing.software.lab1.Lab01Test" name="Test01" time="0.0"/>
  <testcase classname="cs.ing.software.lab1.Lab01Test" name="Test01" time="0.001"/>
  <testcase classname="cs.ing.software.lab1.Lab01Test" name="Test01" time="0.0"/>
  <testcase classname="cs.ing.software.lab1.Lab01Test" name="Test01" time="0.0"/>
  <testcase classname="cs.ing.software.lab1.Lab01Test" name="Test01" time="0.0"/>
  <testcase classname="cs.ing.software.lab1.Lab01Test" name="Test01" time="0.0"/>
  <testcase classname="cs.ing.software.lab1.Lab01Test" name="Test01" time="0.0"/>
  <testcase classname="cs.ing.software.lab1.Lab01Test" name="Test01" time="0.051"/>
  <testcase classname="cs.ing.software.lab1.Lab01Test" name="Test01" time="0.0"/>
  <testcase classname="cs.ing.software.lab1.Lab01Test" name="Test01" time="0.0"/>
  <testcase classname="cs.ing.software.lab1.Lab01Test" name="Test01" time="0.001"/>
  <testcase classname="cs.ing.software.lab1.Lab01Test" name="Test01" time="0.0"/>
  <testcase classname="cs.ing.software.lab1.Lab01Test" name="Test01" time="0.0"/>
  <testcase classname="cs.ing.software.lab1.Lab01Test" name="Test01" time="0.0"/>
  <testcase classname="cs.ing.software.lab1.Lab01Test" name="Test01" time="0.0"/>
  <testcase classname="cs.ing.software.lab1.Lab01Test" name="Test01" time="0.0"/>
  <testcase classname="cs.ing.software.lab1.Lab01Test" name="Test01" time="0.0"/>
  <testcase classname="cs.ing.software.lab1.Lab01Test" name="Test01" time="0.0"/>
  <testcase classname="cs.ing.software.lab1.Lab01Test" name="Test01" time="0.068"/>
  <testcase classname="cs.ing.software.lab1.Lab01Test" name="Test01" time="0.001"/>
  <testcase classname="cs.ing.software.lab1.Lab01Test" name="Test01" time="0.071"/>
  <testcase classname="cs.ing.software.lab1.Lab01Test" name="Test01" time="0.0"/>
  <testcase classname="cs.ing.software.lab1.Lab01Test" name="Test01" time="0.001"/>
  <testcase classname="cs.ing.software.lab1.Lab01Test" name="Test01" time="0.0"/>
  <testcase classname="cs.ing.software.lab1.Lab01Test" name="Test01" time="0.073"/>
  <testcase classname="cs.ing.software.lab1.Lab01Test" name="Test01" time="0.072"/>
  <testcase classname="cs.ing.software.lab1.Lab01Test" name="Test01" time="0.0"/>
  <testcase classname="cs.ing.software.lab1.Lab01Test" name="Test01" time="0.0"/>
  <testcase classname="cs.ing.software.lab1.Lab01Test" name="Test01" time="0.0"/>
  <testcase classname="cs.ing.software.lab1.Lab01Test" name="Test01" time="0.079"/>
  <testcase classname="cs.ing.software.lab1.Lab01Test" name="Test01" time="0.081"/>
  <testcase classname="cs.ing.software.lab1.Lab01Test" name="Test01" time="0.0"/>
  <testcase classname="cs.ing.software.lab1.Lab01Test" name="Test01" time="0.0"/>
  <testcase classname="cs.ing.software.lab1.Lab01Test" name="Test01" time="0.0"/>
  <testcase classname="cs.ing.software.lab1.Lab01Test" name="Test01" time="0.083"/>
  <testcase classname="cs.ing.software.lab1.Lab01Test" name="Test01" time="0.0"/>
  <testcase classname="cs.ing.software.lab1.Lab01Test" name="Test01" time="0.0"/>
  <testcase classname="cs.ing.software.lab1.Lab01Test" name="Test01" time="0.0"/>
  <testcase classname="cs.ing.software.lab1.Lab01Test" name="Test01" time="0.0"/>
  <testcase classname="cs.ing.software.lab1.Lab01Test" name="Test01" time="0.0"/>
  <testcase classname="cs.ing.software.lab1.Lab01Test" name="Test01" time="0.0"/>
  <testcase classname="cs.ing.software.lab1.Lab01Test" name="Test01" time="0.001"/>
  <testcase classname="cs.ing.software.lab1.Lab01Test" name="Test01" time="0.0"/>
  <testcase classname="cs.ing.software.lab1.Lab01Test" name="Test01" time="0.001"/>
  <testcase classname="cs.ing.software.lab1.Lab01Test" name="Test01" time="0.0"/>
  <testcase classname="cs.ing.software.lab1.Lab01Test" name="Test01" time="0.0"/>
  <testcase classname="cs.ing.software.lab1.Lab01Test" name="Test01" time="0.0"/>
  <testcase classname="cs.ing.software.lab1.Lab01Test" name="Test01" time="0.0"/>
  <testcase classname="cs.ing.software.lab1.Lab01Test" name="Test01" time="0.001"/>
  <testcase classname="cs.ing.software.lab1.Lab01Test" name="Test01" time="0.0"/>
  <testcase classname="cs.ing.software.lab1.Lab01Test" name="Test01" time="0.001"/>
  <testcase classname="cs.ing.software.lab1.Lab01Test" name="Test01" time="0.0"/>
  <testcase classname="cs.ing.software.lab1.Lab01Test" name="Test01" time="0.001"/>
  <testcase classname="cs.ing.software.lab1.Lab01Test" name="Test01" time="0.0"/>
  <testcase classname="cs.ing.software.lab1.Lab01Test" name="Test01" time="0.0"/>
  <testcase classname="cs.ing.software.lab1.Lab01Test" name="Test01" time="0.0"/>
  <testcase classname="cs.ing.software.lab1.Lab01Test" name="Test01" time="0.0"/>
  <testcase classname="cs.ing.software.lab1.Lab01Test" name="Test01" time="0.0"/>
  <testcase classname="cs.ing.software.lab1.Lab01Test" name="Test01" time="0.0"/>
  <testcase classname="cs.ing.software.lab1.Lab01Test" name="Test01" time="0.0"/>
  <testcase classname="cs.ing.software.lab1.Lab01Test" name="Test01" time="0.0"/>
  <testcase classname="cs.ing.software.lab1.Lab01Test" name="Test01" time="0.001"/>
  <testcase classname="cs.ing.software.lab1.Lab01Test" name="Test01" time="0.0"/>
  <testcase classname="cs.ing.software.lab1.Lab01Test" name="Test01" time="0.001"/>
  <testcase classname="cs.ing.software.lab1.Lab01Test" name="Test01" time="0.001"/>
  <testcase classname="cs.ing.software.lab1.Lab01Test" name="Test01" time="0.0"/>
  <testcase classname="cs.ing.software.lab1.Lab01Test" name="Test01" time="0.001"/>
  <testcase classname="cs.ing.software.lab1.Lab01Test" name="Test01" time="0.0"/>
  <testcase classname="cs.ing.software.lab1.Lab01Test" name="Test01" time="0.001"/>
  <testcase classname="cs.ing.software.lab1.Lab01Test" name="Test01" time="0.0"/>
  <testcase classname="cs.ing.software.lab1.Lab01Test" name="Test01" time="0.001"/>
  <testcase classname="cs.ing.software.lab1.Lab01Test" name="Test01" time="0.0"/>
  <testcase classname="cs.ing.software.lab1.Lab01Test" name="Test01" time="0.0"/>
  <testcase classname="cs.ing.software.lab1.Lab01Test" name="Test01" time="0.0"/>
  <testcase classname="cs.ing.software.lab1.Lab01Test" name="Test01" time="0.0"/>
  <testcase classname="cs.ing.software.lab1.Lab01Test" name="Test01" time="0.0"/>
  <testcase classname="cs.ing.software.lab1.Lab01Test" name="Test01" time="0.0"/>
  <testcase classname="cs.ing.software.lab1.Lab01Test" name="Test01" time="0.105"/>
  <testcase classname="cs.ing.software.lab1.Lab01Test" name="Test01" time="0.105"/>
  <testcase classname="cs.ing.software.lab1.Lab01Test" name="Test01" time="0.0"/>
  <testcase classname="cs.ing.software.lab1.Lab01Test" name="Test01" time="0.0"/>
  <testcase classname="cs.ing.software.lab1.Lab01Test" name="Test01" time="0.107"/>
  <testcase classname="cs.ing.software.lab1.Lab01Test" name="Test01" time="0.108"/>
  <testcase classname="cs.ing.software.lab1.Lab01Test" name="Test01" time="0.0"/>
  <testcase classname="cs.ing.software.lab1.Lab01Test" name="Test01" time="0.001"/>
  <testcase classname="cs.ing.software.lab1.Lab01Test" name="Test01" time="0.0"/>
  <testcase classname="cs.ing.software.lab1.Lab01Test" name="Test01" time="0.11"/>
  <testcase classname="cs.ing.software.lab1.Lab01Test" name="Test01" time="0.0"/>
  <testcase classname="cs.ing.software.lab1.Lab01Test" name="Test01" time="0.0"/>
  <testcase classname="cs.ing.software.lab1.Lab01Test" name="Test01" time="0.0"/>
  <testcase classname="cs.ing.software.lab1.Lab01Test" name="Test01" time="0.001"/>
  <testcase classname="cs.ing.software.lab1.Lab01Test" name="Test01" time="0.114"/>
  <testcase classname="cs.ing.software.lab1.Lab01Test" name="Test01" time="0.0"/>
  <testcase classname="cs.ing.software.lab1.Lab01Test" name="Test01" time="0.116"/>
  <testcase classname="cs.ing.software.lab1.Lab01Test" name="Test01" time="0.116"/>
  <testcase classname="cs.ing.software.lab1.Lab01Test" name="Test01" time="0.0"/>
  <testcase classname="cs.ing.software.lab1.Lab01Test" name="Test01" time="0.0"/>
  <testcase classname="cs.ing.software.lab1.Lab01Test" name="Test01" time="0.0"/>
  <testcase classname="cs.ing.software.lab1.Lab01Test" name="Test01" time="0.0"/>
  <testcase classname="cs.ing.software.lab1.Lab01Test" name="Test01" time="0.0"/>
  <testcase classname="cs.ing.software.lab1.Lab01Test" name="Test01" time="0.0"/>
  <testcase classname="cs.ing.software.lab1.Lab01Test" name="Test01" time="0.0"/>
  <testcase classname="cs.ing.software.lab1.Lab01Test" name="Test01" time="0.0"/>
  <testcase classname="cs.ing.software.lab1.Lab01Test" name="Test01" time="0.0"/>
  <testcase classname="cs.ing.software.lab1.Lab01Test" name="Test01" time="0.0"/>
  <testcase classname="cs.ing.software.lab1.Lab01Test" name="Test01" time="0.0"/>
  <testcase classname="cs.ing.software.lab1.Lab01Test" name="Test01" time="0.0"/>
  <testcase classname="cs.ing.software.lab1.Lab01Test" name="Test01" time="0.001"/>
  <testcase classname="cs.ing.software.lab1.Lab01Test" name="Test01" time="0.0"/>
  <testcase classname="cs.ing.software.lab1.Lab01Test" name="Test01" time="0.119"/>
  <testcase classname="cs.ing.software.lab1.Lab01Test" name="Test01" time="0.007"/>
  <testcase classname="cs.ing.software.lab1.Lab01Test" name="Test01" time="0.0"/>
  <testcase classname="cs.ing.software.lab1.Lab01Test" name="Test01" time="0.128"/>
  <testcase classname="cs.ing.software.lab1.Lab01Test" name="Test01" time="0.0"/>
  <testcase classname="cs.ing.software.lab1.Lab01Test" name="Test01" time="0.0"/>
  <testcase classname="cs.ing.software.lab1.Lab01Test" name="Test01" time="0.0"/>
  <testcase classname="cs.ing.software.lab1.Lab01Test" name="Test01" time="0.0"/>
  <testcase classname="cs.ing.software.lab1.Lab01Test" name="Test01" time="0.0"/>
  <testcase classname="cs.ing.software.lab1.Lab01Test" name="Test01" time="0.0"/>
  <testcase classname="cs.ing.software.lab1.Lab01Test" name="Test01" time="0.131"/>
  <testcase classname="cs.ing.software.lab1.Lab01Test" name="Test01" time="0.001"/>
  <testcase classname="cs.ing.software.lab1.Lab01Test" name="Test01" time="0.0"/>
  <testcase classname="cs.ing.software.lab1.Lab01Test" name="Test01" time="0.0"/>
  <testcase classname="cs.ing.software.lab1.Lab01Test" name="Test01" time="0.0"/>
  <testcase classname="cs.ing.software.lab1.Lab01Test" name="Test01" time="0.0"/>
  <testcase classname="cs.ing.software.lab1.Lab01Test" name="Test01" time="0.0"/>
  <testcase classname="cs.ing.software.lab1.Lab01Test" name="Test01" time="0.0"/>
  <testcase classname="cs.ing.software.lab1.Lab01Test" name="Test01" time="0.0"/>
  <testcase classname="cs.ing.software.lab1.Lab01Test" name="Test01" time="0.004"/>
  <testcase classname="cs.ing.software.lab1.Lab01Test" name="Test01" time="0.0"/>
  <testcase classname="cs.ing.software.lab1.Lab01Test" name="Test01" time="0.0"/>
  <testcase classname="cs.ing.software.lab1.Lab01Test" name="Test01" time="0.004"/>
  <testcase classname="cs.ing.software.lab1.Lab01Test" name="Test01" time="0.0"/>
  <testcase classname="cs.ing.software.lab1.Lab01Test" name="Test01" time="0.012"/>
  <testcase classname="cs.ing.software.lab1.Lab01Test" name="Test01" time="0.0"/>
  <testcase classname="cs.ing.software.lab1.Lab01Test" name="Test01" time="0.0"/>
  <testcase classname="cs.ing.software.lab1.Lab01Test" name="Test01" time="0.0"/>
  <testcase classname="cs.ing.software.lab1.Lab01Test" name="Test01" time="0.0"/>
  <testcase classname="cs.ing.software.lab1.Lab01Test" name="Test01" time="0.0"/>
  <testcase classname="cs.ing.software.lab1.Lab01Test" name="Test01" time="0.0"/>
  <testcase classname="cs.ing.software.lab1.Lab01Test" name="Test01" time="0.001"/>
  <testcase classname="cs.ing.software.lab1.Lab01Test" name="Test01" time="0.0"/>
  <testcase classname="cs.ing.software.lab1.Lab01Test" name="Test01" time="0.0"/>
  <testcase classname="cs.ing.software.lab1.Lab01Test" name="Test01" time="0.0"/>
  <testcase classname="cs.ing.software.lab1.Lab01Test" name="Test01" time="0.001"/>
  <testcase classname="cs.ing.software.lab1.Lab01Test" name="Test01" time="0.001"/>
  <testcase classname="cs.ing.software.lab1.Lab01Test" name="Test01" time="0.0"/>
  <testcase classname="cs.ing.software.lab1.Lab01Test" name="Test01" time="0.0"/>
  <testcase classname="cs.ing.software.lab1.Lab01Test" name="Test01" time="0.0"/>
  <testcase classname="cs.ing.software.lab1.Lab01Test" name="Test01" time="0.0"/>
  <testcase classname="cs.ing.software.lab1.Lab01Test" name="Test01" time="0.0"/>
  <testcase classname="cs.ing.software.lab1.Lab01Test" name="Test01" time="0.001"/>
  <testcase classname="cs.ing.software.lab1.Lab01Test" name="Test01" time="0.0"/>
  <testcase classname="cs.ing.software.lab1.Lab01Test" name="Test01" time="0.0"/>
  <testcase classname="cs.ing.software.lab1.Lab01Test" name="Test01" time="0.0"/>
  <testcase classname="cs.ing.software.lab1.Lab01Test" name="Test01" time="0.001"/>
  <testcase classname="cs.ing.software.lab1.Lab01Test" name="Test01" time="0.016"/>
  <testcase classname="cs.ing.software.lab1.Lab01Test" name="Test01" time="0.0"/>
  <testcase classname="cs.ing.software.lab1.Lab01Test" name="Test01" time="0.0"/>
  <testcase classname="cs.ing.software.lab1.Lab01Test" name="Test01" time="0.0"/>
  <testcase classname="cs.ing.software.lab1.Lab01Test" name="Test01" time="0.0"/>
  <testcase classname="cs.ing.software.lab1.Lab01Test" name="Test01" time="0.0"/>
  <testcase classname="cs.ing.software.lab1.Lab01Test" name="Test01" time="0.0"/>
  <testcase classname="cs.ing.software.lab1.Lab01Test" name="Test01" time="0.0"/>
  <testcase classname="cs.ing.software.lab1.Lab01Test" name="Test01" time="0.0"/>
  <testcase classname="cs.ing.software.lab1.Lab01Test" name="Test01" time="0.001"/>
  <testcase classname="cs.ing.software.lab1.Lab01Test" name="Test01" time="0.0"/>
  <testcase classname="cs.ing.software.lab1.Lab01Test" name="Test01" time="0.001"/>
  <testcase classname="cs.ing.software.lab1.Lab01Test" name="Test01" time="0.0"/>
  <testcase classname="cs.ing.software.lab1.Lab01Test" name="Test01" time="0.001"/>
  <testcase classname="cs.ing.software.lab1.Lab01Test" name="Test01" time="0.0"/>
  <testcase classname="cs.ing.software.lab1.Lab01Test" name="Test01" time="0.0"/>
  <testcase classname="cs.ing.software.lab1.Lab01Test" name="Test01" time="0.0"/>
  <testcase classname="cs.ing.software.lab1.Lab01Test" name="Test01" time="0.0"/>
  <testcase classname="cs.ing.software.lab1.Lab01Test" name="Test01" time="0.0"/>
  <testcase classname="cs.ing.software.lab1.Lab01Test" name="Test01" time="0.0"/>
  <testcase classname="cs.ing.software.lab1.Lab01Test" name="Test01" time="0.0"/>
  <testcase classname="cs.ing.software.lab1.Lab01Test" name="Test01" time="0.0"/>
  <testcase classname="cs.ing.software.lab1.Lab01Test" name="Test01" time="0.0"/>
  <testcase classname="cs.ing.software.lab1.Lab01Test" name="Test01" time="0.0"/>
  <testcase classname="cs.ing.software.lab1.Lab01Test" name="Test01" time="0.0"/>
  <testcase classname="cs.ing.software.lab1.Lab01Test" name="Test01" time="0.0"/>
  <testcase classname="cs.ing.software.lab1.Lab01Test" name="Test01" time="0.026"/>
  <testcase classname="cs.ing.software.lab1.Lab01Test" name="Test01" time="0.0"/>
  <testcase classname="cs.ing.software.lab1.Lab01Test" name="Test01" time="0.026"/>
  <testcase classname="cs.ing.software.lab1.Lab01Test" name="Test01" time="0.027"/>
  <testcase classname="cs.ing.software.lab1.Lab01Test" name="Test01" time="0.006"/>
  <testcase classname="cs.ing.software.lab1.Lab01Test" name="Test01" time="0.027"/>
  <testcase classname="cs.ing.software.lab1.Lab01Test" name="Test01" time="0.028"/>
  <testcase classname="cs.ing.software.lab1.Lab01Test" name="Test01" time="0.0"/>
  <testcase classname="cs.ing.software.lab1.Lab01Test" name="Test01" time="0.029"/>
  <testcase classname="cs.ing.software.lab1.Lab01Test" name="Test01" time="0.0"/>
  <testcase classname="cs.ing.software.lab1.Lab01Test" name="Test01" time="0.03"/>
  <testcase classname="cs.ing.software.lab1.Lab01Test" name="Test01" time="0.0"/>
  <testcase classname="cs.ing.software.lab1.Lab01Test" name="Test01" time="0.047"/>
  <testcase classname="cs.ing.software.lab1.Lab01Test" name="Test01" time="0.0"/>
  <testcase classname="cs.ing.software.lab1.Lab01Test" name="Test01" time="0.0"/>
  <testcase classname="cs.ing.software.lab1.Lab01Test" name="Test01" time="0.001"/>
  <testcase classname="cs.ing.software.lab1.Lab01Test" name="Test01" time="0.0"/>
  <testcase classname="cs.ing.software.lab1.Lab01Test" name="Test01" time="0.0"/>
  <testcase classname="cs.ing.software.lab1.Lab01Test" name="Test01" time="0.0"/>
  <testcase classname="cs.ing.software.lab1.Lab01Test" name="Test01" time="0.0"/>
  <testcase classname="cs.ing.software.lab1.Lab01Test" name="Test01" time="0.0"/>
  <testcase classname="cs.ing.software.lab1.Lab01Test" name="Test01" time="0.0"/>
  <testcase classname="cs.ing.software.lab1.Lab01Test" name="Test01" time="0.0"/>
  <testcase classname="cs.ing.software.lab1.Lab01Test" name="Test01" time="0.0"/>
  <testcase classname="cs.ing.software.lab1.Lab01Test" name="Test01" time="0.0"/>
  <testcase classname="cs.ing.software.lab1.Lab01Test" name="Test01" time="0.0"/>
  <testcase classname="cs.ing.software.lab1.Lab01Test" name="Test01" time="0.0"/>
  <testcase classname="cs.ing.software.lab1.Lab01Test" name="Test01" time="0.0"/>
  <testcase classname="cs.ing.software.lab1.Lab01Test" name="Test01" time="0.001"/>
  <testcase classname="cs.ing.software.lab1.Lab01Test" name="Test01" time="0.0"/>
  <testcase classname="cs.ing.software.lab1.Lab01Test" name="Test01" time="0.0"/>
  <testcase classname="cs.ing.software.lab1.Lab01Test" name="Test01" time="0.0"/>
  <testcase classname="cs.ing.software.lab1.Lab01Test" name="Test01" time="0.001"/>
  <testcase classname="cs.ing.software.lab1.Lab01Test" name="Test01" time="0.0"/>
  <testcase classname="cs.ing.software.lab1.Lab01Test" name="Test01" time="0.0"/>
  <testcase classname="cs.ing.software.lab1.Lab01Test" name="Test01" time="0.0"/>
  <testcase classname="cs.ing.software.lab1.Lab01Test" name="Test01" time="0.0"/>
  <testcase classname="cs.ing.software.lab1.Lab01Test" name="Test01" time="0.0"/>
  <testcase classname="cs.ing.software.lab1.Lab01Test" name="Test01" time="0.0"/>
  <testcase classname="cs.ing.software.lab1.Lab01Test" name="Test01" time="0.001"/>
  <testcase classname="cs.ing.software.lab1.Lab01Test" name="Test01" time="0.0"/>
  <testcase classname="cs.ing.software.lab1.Lab01Test" name="Test01" time="0.054"/>
  <testcase classname="cs.ing.software.lab1.Lab01Test" name="Test01" time="0.0"/>
  <testcase classname="cs.ing.software.lab1.Lab01Test" name="Test01" time="0.0"/>
  <testcase classname="cs.ing.software.lab1.Lab01Test" name="Test01" time="0.0"/>
  <testcase classname="cs.ing.software.lab1.Lab01Test" name="Test01" time="0.0"/>
  <testcase classname="cs.ing.software.lab1.Lab01Test" name="Test01" time="0.0"/>
  <testcase classname="cs.ing.software.lab1.Lab01Test" name="Test01" time="0.0"/>
  <testcase classname="cs.ing.software.lab1.Lab01Test" name="Test01" time="0.0"/>
  <testcase classname="cs.ing.software.lab1.Lab01Test" name="Test01" time="0.0"/>
  <testcase classname="cs.ing.software.lab1.Lab01Test" name="Test01" time="0.0"/>
  <testcase classname="cs.ing.software.lab1.Lab01Test" name="Test01" time="0.0"/>
  <testcase classname="cs.ing.software.lab1.Lab01Test" name="Test01" time="0.0"/>
  <testcase classname="cs.ing.software.lab1.Lab01Test" name="Test01" time="0.0"/>
  <testcase classname="cs.ing.software.lab1.Lab01Test" name="Test01" time="0.001"/>
  <testcase classname="cs.ing.software.lab1.Lab01Test" name="Test01" time="0.057"/>
  <testcase classname="cs.ing.software.lab1.Lab01Test" name="Test01" time="0.058"/>
  <testcase classname="cs.ing.software.lab1.Lab01Test" name="Test01" time="0.0"/>
  <testcase classname="cs.ing.software.lab1.Lab01Test" name="Test01" time="0.059"/>
  <testcase classname="cs.ing.software.lab1.Lab01Test" name="Test01" time="0.0"/>
  <testcase classname="cs.ing.software.lab1.Lab01Test" name="Test01" time="0.0"/>
  <testcase classname="cs.ing.software.lab1.Lab01Test" name="Test01" time="0.059"/>
  <testcase classname="cs.ing.software.lab1.Lab01Test" name="Test01" time="0.001"/>
  <testcase classname="cs.ing.software.lab1.Lab01Test" name="Test01" time="0.0"/>
  <testcase classname="cs.ing.software.lab1.Lab01Test" name="Test01" time="0.0"/>
  <testcase classname="cs.ing.software.lab1.Lab01Test" name="Test01" time="0.0"/>
  <testcase classname="cs.ing.software.lab1.Lab01Test" name="Test01" time="0.065"/>
  <testcase classname="cs.ing.software.lab1.Lab01Test" name="Test01" time="0.0"/>
  <testcase classname="cs.ing.software.lab1.Lab01Test" name="Test01" time="0.065"/>
  <testcase classname="cs.ing.software.lab1.Lab01Test" name="Test01" time="0.066"/>
  <testcase classname="cs.ing.software.lab1.Lab01Test" name="Test01" time="0.067"/>
  <testcase classname="cs.ing.software.lab1.Lab01Test" name="Test01" time="0.001"/>
  <testcase classname="cs.ing.software.lab1.Lab01Test" name="Test01" time="0.068"/>
  <testcase classname="cs.ing.software.lab1.Lab01Test" name="Test01" time="0.0"/>
  <testcase classname="cs.ing.software.lab1.Lab01Test" name="Test01" time="0.067"/>
  <testcase classname="cs.ing.software.lab1.Lab01Test" name="Test01" time="0.0"/>
  <testcase classname="cs.ing.software.lab1.Lab01Test" name="Test01" time="0.0"/>
  <testcase classname="cs.ing.software.lab1.Lab01Test" name="Test01" time="0.0"/>
  <testcase classname="cs.ing.software.lab1.Lab01Test" name="Test01" time="0.0"/>
  <testcase classname="cs.ing.software.lab1.Lab01Test" name="Test01" time="0.0"/>
  <testcase classname="cs.ing.software.lab1.Lab01Test" name="Test01" time="0.0"/>
  <testcase classname="cs.ing.software.lab1.Lab01Test" name="Test01" time="0.0"/>
  <testcase classname="cs.ing.software.lab1.Lab01Test" name="Test01" time="0.0"/>
  <testcase classname="cs.ing.software.lab1.Lab01Test" name="Test01" time="0.0"/>
  <testcase classname="cs.ing.software.lab1.Lab01Test" name="Test01" time="0.0"/>
  <testcase classname="cs.ing.software.lab1.Lab01Test" name="Test01" time="0.0"/>
  <testcase classname="cs.ing.software.lab1.Lab01Test" name="Test01" time="0.0"/>
  <testcase classname="cs.ing.software.lab1.Lab01Test" name="Test01" time="0.0"/>
  <testcase classname="cs.ing.software.lab1.Lab01Test" name="Test01" time="0.0"/>
  <testcase classname="cs.ing.software.lab1.Lab01Test" name="Test01" time="0.073"/>
  <testcase classname="cs.ing.software.lab1.Lab01Test" name="Test01" time="0.073"/>
  <testcase classname="cs.ing.software.lab1.Lab01Test" name="Test01" time="0.073"/>
  <testcase classname="cs.ing.software.lab1.Lab01Test" name="Test01" time="0.0"/>
  <testcase classname="cs.ing.software.lab1.Lab01Test" name="Test01" time="0.0"/>
  <testcase classname="cs.ing.software.lab1.Lab01Test" name="Test01" time="0.074"/>
  <testcase classname="cs.ing.software.lab1.Lab01Test" name="Test01" time="0.0"/>
  <testcase classname="cs.ing.software.lab1.Lab01Test" name="Test01" time="0.0"/>
  <testcase classname="cs.ing.software.lab1.Lab01Test" name="Test01" time="0.0"/>
  <testcase classname="cs.ing.software.lab1.Lab01Test" name="Test01" time="0.075"/>
  <testcase classname="cs.ing.software.lab1.Lab01Test" name="Test01" time="0.0"/>
  <testcase classname="cs.ing.software.lab1.Lab01Test" name="Test01" time="0.0"/>
  <testcase classname="cs.ing.software.lab1.Lab01Test" name="Test01" time="0.0"/>
  <testcase classname="cs.ing.software.lab1.Lab01Test" name="Test01" time="0.0"/>
  <testcase classname="cs.ing.software.lab1.Lab01Test" name="Test01" time="0.0"/>
  <testcase classname="cs.ing.software.lab1.Lab01Test" name="Test01" time="0.0"/>
  <testcase classname="cs.ing.software.lab1.Lab01Test" name="Test01" time="0.0"/>
  <testcase classname="cs.ing.software.lab1.Lab01Test" name="Test01" time="0.0"/>
  <testcase classname="cs.ing.software.lab1.Lab01Test" name="Test01" time="0.0"/>
  <testcase classname="cs.ing.software.lab1.Lab01Test" name="Test01" time="0.078"/>
  <testcase classname="cs.ing.software.lab1.Lab01Test" name="Test01" time="0.0"/>
  <testcase classname="cs.ing.software.lab1.Lab01Test" name="Test01" time="0.079"/>
  <testcase classname="cs.ing.software.lab1.Lab01Test" name="Test01" time="0.0"/>
  <testcase classname="cs.ing.software.lab1.Lab01Test" name="Test01" time="0.0"/>
  <testcase classname="cs.ing.software.lab1.Lab01Test" name="Test01" time="0.0"/>
  <testcase classname="cs.ing.software.lab1.Lab01Test" name="Test01" time="0.08"/>
  <testcase classname="cs.ing.software.lab1.Lab01Test" name="Test01" time="0.08"/>
  <testcase classname="cs.ing.software.lab1.Lab01Test" name="Test01" time="0.0"/>
  <testcase classname="cs.ing.software.lab1.Lab01Test" name="Test01" time="0.082"/>
  <testcase classname="cs.ing.software.lab1.Lab01Test" name="Test01" time="0.0"/>
  <testcase classname="cs.ing.software.lab1.Lab01Test" name="Test01" time="0.0"/>
  <testcase classname="cs.ing.software.lab1.Lab01Test" name="Test01" time="0.086"/>
  <testcase classname="cs.ing.software.lab1.Lab01Test" name="Test01" time="0.088"/>
  <testcase classname="cs.ing.software.lab1.Lab01Test" name="Test01" time="0.0"/>
  <testcase classname="cs.ing.software.lab1.Lab01Test" name="Test01" time="0.0"/>
  <testcase classname="cs.ing.software.lab1.Lab01Test" name="Test01" time="0.0"/>
  <testcase classname="cs.ing.software.lab1.Lab01Test" name="Test01" time="0.001"/>
  <testcase classname="cs.ing.software.lab1.Lab01Test" name="Test01" time="0.0"/>
  <testcase classname="cs.ing.software.lab1.Lab01Test" name="Test01" time="0.0"/>
  <testcase classname="cs.ing.software.lab1.Lab01Test" name="Test01" time="0.0"/>
  <testcase classname="cs.ing.software.lab1.Lab01Test" name="Test01" time="0.0"/>
  <testcase classname="cs.ing.software.lab1.Lab01Test" name="Test01" time="0.0"/>
  <testcase classname="cs.ing.software.lab1.Lab01Test" name="Test01" time="0.0"/>
  <testcase classname="cs.ing.software.lab1.Lab01Test" name="Test01" time="0.0"/>
  <testcase classname="cs.ing.software.lab1.Lab01Test" name="Test01" time="0.091"/>
  <testcase classname="cs.ing.software.lab1.Lab01Test" name="Test01" time="0.0"/>
  <testcase classname="cs.ing.software.lab1.Lab01Test" name="Test01" time="0.0"/>
  <testcase classname="cs.ing.software.lab1.Lab01Test" name="Test01" time="0.001"/>
  <testcase classname="cs.ing.software.lab1.Lab01Test" name="Test01" time="0.092"/>
  <testcase classname="cs.ing.software.lab1.Lab01Test" name="Test01" time="0.0"/>
  <testcase classname="cs.ing.software.lab1.Lab01Test" name="Test01" time="0.092"/>
  <testcase classname="cs.ing.software.lab1.Lab01Test" name="Test01" time="0.092"/>
  <testcase classname="cs.ing.software.lab1.Lab01Test" name="Test01" time="0.092"/>
  <testcase classname="cs.ing.software.lab1.Lab01Test" name="Test01" time="0.0"/>
  <testcase classname="cs.ing.software.lab1.Lab01Test" name="Test01" time="0.094"/>
  <testcase classname="cs.ing.software.lab1.Lab01Test" name="Test01" time="0.0"/>
  <testcase classname="cs.ing.software.lab1.Lab01Test" name="Test01" time="0.0"/>
  <testcase classname="cs.ing.software.lab1.Lab01Test" name="Test01" time="0.0"/>
  <testcase classname="cs.ing.software.lab1.Lab01Test" name="Test01" time="0.0"/>
  <testcase classname="cs.ing.software.lab1.Lab01Test" name="Test01" time="0.0"/>
  <testcase classname="cs.ing.software.lab1.Lab01Test" name="Test01" time="0.0"/>
  <testcase classname="cs.ing.software.lab1.Lab01Test" name="Test01" time="0.001"/>
  <testcase classname="cs.ing.software.lab1.Lab01Test" name="Test01" time="0.0"/>
  <testcase classname="cs.ing.software.lab1.Lab01Test" name="Test01" time="0.0"/>
  <testcase classname="cs.ing.software.lab1.Lab01Test" name="Test01" time="0.0"/>
  <testcase classname="cs.ing.software.lab1.Lab01Test" name="Test01" time="0.0"/>
  <testcase classname="cs.ing.software.lab1.Lab01Test" name="Test01" time="0.0"/>
  <testcase classname="cs.ing.software.lab1.Lab01Test" name="Test01" time="0.0"/>
  <testcase classname="cs.ing.software.lab1.Lab01Test" name="Test01" time="0.0"/>
  <testcase classname="cs.ing.software.lab1.Lab01Test" name="Test01" time="0.0"/>
  <testcase classname="cs.ing.software.lab1.Lab01Test" name="Test01" time="0.0"/>
  <testcase classname="cs.ing.software.lab1.Lab01Test" name="Test01" time="0.001"/>
  <testcase classname="cs.ing.software.lab1.Lab01Test" name="Test01" time="0.0"/>
  <testcase classname="cs.ing.software.lab1.Lab01Test" name="Test01" time="0.0"/>
  <testcase classname="cs.ing.software.lab1.Lab01Test" name="Test01" time="0.0"/>
  <testcase classname="cs.ing.software.lab1.Lab01Test" name="Test01" time="0.0"/>
  <testcase classname="cs.ing.software.lab1.Lab01Test" name="Test01" time="0.099"/>
  <testcase classname="cs.ing.software.lab1.Lab01Test" name="Test01" time="0.0"/>
  <testcase classname="cs.ing.software.lab1.Lab01Test" name="Test01" time="0.102"/>
  <testcase classname="cs.ing.software.lab1.Lab01Test" name="Test01" time="0.0"/>
  <testcase classname="cs.ing.software.lab1.Lab01Test" name="Test01" time="0.0"/>
  <testcase classname="cs.ing.software.lab1.Lab01Test" name="Test01" time="0.0"/>
  <testcase classname="cs.ing.software.lab1.Lab01Test" name="Test01" time="0.103"/>
  <testcase classname="cs.ing.software.lab1.Lab01Test" name="Test01" time="0.0"/>
  <testcase classname="cs.ing.software.lab1.Lab01Test" name="Test01" time="0.0"/>
  <testcase classname="cs.ing.software.lab1.Lab01Test" name="Test01" time="0.0"/>
  <testcase classname="cs.ing.software.lab1.Lab01Test" name="Test01" time="0.0"/>
  <testcase classname="cs.ing.software.lab1.Lab01Test" name="Test01" time="0.001"/>
  <testcase classname="cs.ing.software.lab1.Lab01Test" name="Test01" time="0.0"/>
  <testcase classname="cs.ing.software.lab1.Lab01Test" name="Test01" time="0.0"/>
  <testcase classname="cs.ing.software.lab1.Lab01Test" name="Test01" time="0.0"/>
  <testcase classname="cs.ing.software.lab1.Lab01Test" name="Test01" time="0.001"/>
  <testcase classname="cs.ing.software.lab1.Lab01Test" name="Test01" time="0.0"/>
  <testcase classname="cs.ing.software.lab1.Lab01Test" name="Test01" time="0.0"/>
  <testcase classname="cs.ing.software.lab1.Lab01Test" name="Test01" time="0.0"/>
  <testcase classname="cs.ing.software.lab1.Lab01Test" name="Test01" time="0.0"/>
  <testcase classname="cs.ing.software.lab1.Lab01Test" name="Test01" time="0.0"/>
  <testcase classname="cs.ing.software.lab1.Lab01Test" name="Test01" time="0.0"/>
  <testcase classname="cs.ing.software.lab1.Lab01Test" name="Test01" time="0.001"/>
  <testcase classname="cs.ing.software.lab1.Lab01Test" name="Test01" time="0.001"/>
  <testcase classname="cs.ing.software.lab1.Lab01Test" name="Test01" time="0.0"/>
  <testcase classname="cs.ing.software.lab1.Lab01Test" name="Test01" time="0.0"/>
  <testcase classname="cs.ing.software.lab1.Lab01Test" name="Test01" time="0.0"/>
  <testcase classname="cs.ing.software.lab1.Lab01Test" name="Test01" time="0.007"/>
  <testcase classname="cs.ing.software.lab1.Lab01Test" name="Test01" time="0.0"/>
  <testcase classname="cs.ing.software.lab1.Lab01Test" name="Test01" time="0.008"/>
  <testcase classname="cs.ing.software.lab1.Lab01Test" name="Test01" time="0.0"/>
  <testcase classname="cs.ing.software.lab1.Lab01Test" name="Test01" time="0.01"/>
  <testcase classname="cs.ing.software.lab1.Lab01Test" name="Test01" time="0.0"/>
  <testcase classname="cs.ing.software.lab1.Lab01Test" name="Test01" time="0.01"/>
  <testcase classname="cs.ing.software.lab1.Lab01Test" name="Test01" time="0.01"/>
  <testcase classname="cs.ing.software.lab1.Lab01Test" name="Test01" time="0.011"/>
  <testcase classname="cs.ing.software.lab1.Lab01Test" name="Test01" time="0.001"/>
  <testcase classname="cs.ing.software.lab1.Lab01Test" name="Test01" time="0.001"/>
  <testcase classname="cs.ing.software.lab1.Lab01Test" name="Test01" time="0.0"/>
  <testcase classname="cs.ing.software.lab1.Lab01Test" name="Test01" time="0.0"/>
  <testcase classname="cs.ing.software.lab1.Lab01Test" name="Test01" time="0.0"/>
  <testcase classname="cs.ing.software.lab1.Lab01Test" name="Test01" time="0.0"/>
  <testcase classname="cs.ing.software.lab1.Lab01Test" name="Test01" time="0.0"/>
  <testcase classname="cs.ing.software.lab1.Lab01Test" name="Test01" time="0.0"/>
  <testcase classname="cs.ing.software.lab1.Lab01Test" name="Test01" time="0.013"/>
  <testcase classname="cs.ing.software.lab1.Lab01Test" name="Test01" time="0.0"/>
  <testcase classname="cs.ing.software.lab1.Lab01Test" name="Test01" time="0.0"/>
  <testcase classname="cs.ing.software.lab1.Lab01Test" name="Test01" time="0.0"/>
  <testcase classname="cs.ing.software.lab1.Lab01Test" name="Test01" time="0.0"/>
  <testcase classname="cs.ing.software.lab1.Lab01Test" name="Test01" time="0.0"/>
  <testcase classname="cs.ing.software.lab1.Lab01Test" name="Test01" time="0.001"/>
  <testcase classname="cs.ing.software.lab1.Lab01Test" name="Test01" time="0.0"/>
  <testcase classname="cs.ing.software.lab1.Lab01Test" name="Test01" time="0.0"/>
  <testcase classname="cs.ing.software.lab1.Lab01Test" name="Test01" time="0.0"/>
  <testcase classname="cs.ing.software.lab1.Lab01Test" name="Test01" time="0.0"/>
  <testcase classname="cs.ing.software.lab1.Lab01Test" name="Test01" time="0.0"/>
  <testcase classname="cs.ing.software.lab1.Lab01Test" name="Test01" time="0.0"/>
  <testcase classname="cs.ing.software.lab1.Lab01Test" name="Test01" time="0.0"/>
  <testcase classname="cs.ing.software.lab1.Lab01Test" name="Test01" time="0.0"/>
  <testcase classname="cs.ing.software.lab1.Lab01Test" name="Test01" time="0.0"/>
  <testcase classname="cs.ing.software.lab1.Lab01Test" name="Test01" time="0.016"/>
  <testcase classname="cs.ing.software.lab1.Lab01Test" name="Test01" time="0.017"/>
  <testcase classname="cs.ing.software.lab1.Lab01Test" name="Test01" time="0.001"/>
  <testcase classname="cs.ing.software.lab1.Lab01Test" name="Test01" time="0.0"/>
  <testcase classname="cs.ing.software.lab1.Lab01Test" name="Test01" time="0.018"/>
  <testcase classname="cs.ing.software.lab1.Lab01Test" name="Test01" time="0.0"/>
  <testcase classname="cs.ing.software.lab1.Lab01Test" name="Test01" time="0.001"/>
  <testcase classname="cs.ing.software.lab1.Lab01Test" name="Test01" time="0.0"/>
  <testcase classname="cs.ing.software.lab1.Lab01Test" name="Test01" time="0.001"/>
  <testcase classname="cs.ing.software.lab1.Lab01Test" name="Test01" time="0.0"/>
  <testcase classname="cs.ing.software.lab1.Lab01Test" name="Test01" time="0.0"/>
  <testcase classname="cs.ing.software.lab1.Lab01Test" name="Test01" time="0.0"/>
  <testcase classname="cs.ing.software.lab1.Lab01Test" name="Test01" time="0.0"/>
  <testcase classname="cs.ing.software.lab1.Lab01Test" name="Test01" time="0.0"/>
  <testcase classname="cs.ing.software.lab1.Lab01Test" name="Test01" time="0.0"/>
  <testcase classname="cs.ing.software.lab1.Lab01Test" name="Test01" time="0.0"/>
  <testcase classname="cs.ing.software.lab1.Lab01Test" name="Test01" time="0.0"/>
  <testcase classname="cs.ing.software.lab1.Lab01Test" name="Test01" time="0.0"/>
  <testcase classname="cs.ing.software.lab1.Lab01Test" name="Test01" time="0.0"/>
  <testcase classname="cs.ing.software.lab1.Lab01Test" name="Test01" time="0.0"/>
  <testcase classname="cs.ing.software.lab1.Lab01Test" name="Test01" time="0.001"/>
  <testcase classname="cs.ing.software.lab1.Lab01Test" name="Test01" time="0.0"/>
  <testcase classname="cs.ing.software.lab1.Lab01Test" name="Test01" time="0.0"/>
  <testcase classname="cs.ing.software.lab1.Lab01Test" name="Test01" time="0.0"/>
  <testcase classname="cs.ing.software.lab1.Lab01Test" name="Test01" time="0.024"/>
  <testcase classname="cs.ing.software.lab1.Lab01Test" name="Test01" time="0.0"/>
  <testcase classname="cs.ing.software.lab1.Lab01Test" name="Test01" time="0.0"/>
  <testcase classname="cs.ing.software.lab1.Lab01Test" name="Test01" time="0.0"/>
  <testcase classname="cs.ing.software.lab1.Lab01Test" name="Test01" time="0.001"/>
  <testcase classname="cs.ing.software.lab1.Lab01Test" name="Test01" time="0.0"/>
  <testcase classname="cs.ing.software.lab1.Lab01Test" name="Test01" time="0.0"/>
  <testcase classname="cs.ing.software.lab1.Lab01Test" name="Test01" time="0.0"/>
  <testcase classname="cs.ing.software.lab1.Lab01Test" name="Test01" time="0.0"/>
  <testcase classname="cs.ing.software.lab1.Lab01Test" name="Test01" time="0.0"/>
  <testcase classname="cs.ing.software.lab1.Lab01Test" name="Test01" time="0.028"/>
  <testcase classname="cs.ing.software.lab1.Lab01Test" name="Test01" time="0.0"/>
  <testcase classname="cs.ing.software.lab1.Lab01Test" name="Test01" time="0.0"/>
  <testcase classname="cs.ing.software.lab1.Lab01Test" name="Test01" time="0.03"/>
  <testcase classname="cs.ing.software.lab1.Lab01Test" name="Test01" time="0.0"/>
  <testcase classname="cs.ing.software.lab1.Lab01Test" name="Test01" time="0.0"/>
  <testcase classname="cs.ing.software.lab1.Lab01Test" name="Test01" time="0.0"/>
  <testcase classname="cs.ing.software.lab1.Lab01Test" name="Test01" time="0.0"/>
  <testcase classname="cs.ing.software.lab1.Lab01Test" name="Test01" time="0.032"/>
  <testcase classname="cs.ing.software.lab1.Lab01Test" name="Test01" time="0.032"/>
  <testcase classname="cs.ing.software.lab1.Lab01Test" name="Test01" time="0.032"/>
  <testcase classname="cs.ing.software.lab1.Lab01Test" name="Test01" time="0.033"/>
  <testcase classname="cs.ing.software.lab1.Lab01Test" name="Test01" time="0.034"/>
  <testcase classname="cs.ing.software.lab1.Lab01Test" name="Test01" time="0.036"/>
  <testcase classname="cs.ing.software.lab1.Lab01Test" name="Test01" time="0.038"/>
  <testcase classname="cs.ing.software.lab1.Lab01Test" name="Test01" time="0.042"/>
  <testcase classname="cs.ing.software.lab1.Lab01Test" name="Test01" time="0.042"/>
  <testcase classname="cs.ing.software.lab1.Lab01Test" name="Test01" time="0.043"/>
  <testcase classname="cs.ing.software.lab1.Lab01Test" name="Test01" time="0.05"/>
  <testcase classname="cs.ing.software.lab1.Lab01Test" name="Test01" time="0.051"/>
  <testcase classname="cs.ing.software.lab1.Lab01Test" name="Test01" time="0.055"/>
  <testcase classname="cs.ing.software.lab1.Lab01Test" name="Test01" time="0.056"/>
  <testcase classname="cs.ing.software.lab1.Lab01Test" name="Test01" time="0.057"/>
  <testcase classname="cs.ing.software.lab1.Lab01Test" name="Test01" time="0.058"/>
  <testcase classname="cs.ing.software.lab1.Lab01Test" name="Test01" time="0.058"/>
  <testcase classname="cs.ing.software.lab1.Lab01Test" name="Test01" time="0.005"/>
  <testcase classname="cs.ing.software.lab1.Lab01Test" name="Test01" time="0.005"/>
  <testcase classname="cs.ing.software.lab1.Lab01Test" name="Test01" time="0.006"/>
  <testcase classname="cs.ing.software.lab1.Lab01Test" name="Test01" time="0.007"/>
  <testcase classname="cs.ing.software.lab1.Lab01Test" name="Test01" time="0.009"/>
  <testcase classname="cs.ing.software.lab1.Lab01Test" name="Test01" time="0.009"/>
  <testcase classname="cs.ing.software.lab1.Lab01Test" name="Test01" time="0.009"/>
  <testcase classname="cs.ing.software.lab1.Lab01Test" name="Test01" time="0.01"/>
  <testcase classname="cs.ing.software.lab1.Lab01Test" name="Test01" time="0.011"/>
  <testcase classname="cs.ing.software.lab1.Lab01Test" name="Test01" time="0.011"/>
  <testcase classname="cs.ing.software.lab1.Lab01Test" name="Test01" time="0.011"/>
  <testcase classname="cs.ing.software.lab1.Lab01Test" name="Test01" time="0.011"/>
  <testcase classname="cs.ing.software.lab1.Lab01Test" name="Test01" time="0.012"/>
  <testcase classname="cs.ing.software.lab1.Lab01Test" name="Test01" time="0.015"/>
  <testcase classname="cs.ing.software.lab1.Lab01Test" name="Test01" time="0.017"/>
  <testcase classname="cs.ing.software.lab1.Lab01Test" name="Test01" time="0.017"/>
  <testcase classname="cs.ing.software.lab1.Lab01Test" name="Test01" time="0.018"/>
  <testcase classname="cs.ing.software.lab1.Lab01Test" name="Test01" time="0.018"/>
  <testcase classname="cs.ing.software.lab1.Lab01Test" name="Test01" time="0.018"/>
  <testcase classname="cs.ing.software.lab1.Lab01Test" name="Test01" time="0.019"/>
  <testcase classname="cs.ing.software.lab1.Lab01Test" name="Test01" time="0.019"/>
  <testcase classname="cs.ing.software.lab1.Lab01Test" name="Test01" time="0.021"/>
  <testcase classname="cs.ing.software.lab1.Lab01Test" name="Test01" time="0.022"/>
  <testcase classname="cs.ing.software.lab1.Lab01Test" name="Test02" time="0.0"/>
  <testcase classname="cs.ing.software.lab1.Lab01Test" name="Test03" time="0.001"/>
  <testcase classname="cs.ing.software.lab1.Lab01Test" name="Test04" time="0.002"/>
</testsuite> <!-- Command line test -->
