<?xml version="1.0" encoding="UTF-8"?>
<!-- Generated by org.testng.reporters.JUnitXMLReporter -->
<testsuite ignored="0" hostname="DESKTOP-PSABS8C" failures="0" tests="1007" name="Command line test" time="0.631" errors="0" timestamp="2021-09-15T01:31:18 COT">
  <testcase classname="cs.ing.software.lab1.MainTest" name="Test01" time="0.027"/>
  <testcase classname="cs.ing.software.lab1.MainTest" name="Test02" time="0.001"/>
  <testcase classname="cs.ing.software.lab1.MainTest" name="Test03" time="0.0"/>
  <testcase classname="cs.ing.software.lab1.MainTest" name="Test04" time="0.001"/>
  <testcase classname="cs.ing.software.lab1.MainTest" name="Test05" time="0.002"/>
  <testcase classname="cs.ing.software.lab1.MainTest" name="Test06" time="0.0"/>
  <testcase classname="cs.ing.software.lab1.MainTest" name="Test07" time="0.0"/>
  <testcase classname="cs.ing.software.lab1.MainTest" name="Test08" time="0.002"/>
  <testcase classname="cs.ing.software.lab1.MainTest" name="Test08" time="0.0"/>
  <testcase classname="cs.ing.software.lab1.MainTest" name="Test08" time="0.0"/>
  <testcase classname="cs.ing.software.lab1.MainTest" name="Test08" time="0.0"/>
  <testcase classname="cs.ing.software.lab1.MainTest" name="Test08" time="0.0"/>
  <testcase classname="cs.ing.software.lab1.MainTest" name="Test08" time="0.0"/>
  <testcase classname="cs.ing.software.lab1.MainTest" name="Test08" time="0.001"/>
  <testcase classname="cs.ing.software.lab1.MainTest" name="Test08" time="0.0"/>
  <testcase classname="cs.ing.software.lab1.MainTest" name="Test08" time="0.001"/>
  <testcase classname="cs.ing.software.lab1.MainTest" name="Test08" time="0.0"/>
  <testcase classname="cs.ing.software.lab1.MainTest" name="Test08" time="0.0"/>
  <testcase classname="cs.ing.software.lab1.MainTest" name="Test08" time="0.0"/>
  <testcase classname="cs.ing.software.lab1.MainTest" name="Test08" time="0.001"/>
  <testcase classname="cs.ing.software.lab1.MainTest" name="Test08" time="0.0"/>
  <testcase classname="cs.ing.software.lab1.MainTest" name="Test08" time="0.0"/>
  <testcase classname="cs.ing.software.lab1.MainTest" name="Test08" time="0.002"/>
  <testcase classname="cs.ing.software.lab1.MainTest" name="Test08" time="0.0"/>
  <testcase classname="cs.ing.software.lab1.MainTest" name="Test08" time="0.001"/>
  <testcase classname="cs.ing.software.lab1.MainTest" name="Test08" time="0.002"/>
  <testcase classname="cs.ing.software.lab1.MainTest" name="Test08" time="0.0"/>
  <testcase classname="cs.ing.software.lab1.MainTest" name="Test08" time="0.0"/>
  <testcase classname="cs.ing.software.lab1.MainTest" name="Test08" time="0.001"/>
  <testcase classname="cs.ing.software.lab1.MainTest" name="Test08" time="0.0"/>
  <testcase classname="cs.ing.software.lab1.MainTest" name="Test08" time="0.001"/>
  <testcase classname="cs.ing.software.lab1.MainTest" name="Test08" time="0.0"/>
  <testcase classname="cs.ing.software.lab1.MainTest" name="Test08" time="0.0"/>
  <testcase classname="cs.ing.software.lab1.MainTest" name="Test08" time="0.0"/>
  <testcase classname="cs.ing.software.lab1.MainTest" name="Test08" time="0.006"/>
  <testcase classname="cs.ing.software.lab1.MainTest" name="Test08" time="0.001"/>
  <testcase classname="cs.ing.software.lab1.MainTest" name="Test08" time="0.006"/>
  <testcase classname="cs.ing.software.lab1.MainTest" name="Test08" time="0.0"/>
  <testcase classname="cs.ing.software.lab1.MainTest" name="Test08" time="0.003"/>
  <testcase classname="cs.ing.software.lab1.MainTest" name="Test08" time="0.001"/>
  <testcase classname="cs.ing.software.lab1.MainTest" name="Test08" time="0.0"/>
  <testcase classname="cs.ing.software.lab1.MainTest" name="Test08" time="0.008"/>
  <testcase classname="cs.ing.software.lab1.MainTest" name="Test08" time="0.001"/>
  <testcase classname="cs.ing.software.lab1.MainTest" name="Test08" time="0.0"/>
  <testcase classname="cs.ing.software.lab1.MainTest" name="Test08" time="0.0"/>
  <testcase classname="cs.ing.software.lab1.MainTest" name="Test08" time="0.001"/>
  <testcase classname="cs.ing.software.lab1.MainTest" name="Test08" time="0.001"/>
  <testcase classname="cs.ing.software.lab1.MainTest" name="Test08" time="0.0"/>
  <testcase classname="cs.ing.software.lab1.MainTest" name="Test08" time="0.011"/>
  <testcase classname="cs.ing.software.lab1.MainTest" name="Test08" time="0.0"/>
  <testcase classname="cs.ing.software.lab1.MainTest" name="Test08" time="0.001"/>
  <testcase classname="cs.ing.software.lab1.MainTest" name="Test08" time="0.001"/>
  <testcase classname="cs.ing.software.lab1.MainTest" name="Test08" time="0.001"/>
  <testcase classname="cs.ing.software.lab1.MainTest" name="Test08" time="0.0"/>
  <testcase classname="cs.ing.software.lab1.MainTest" name="Test08" time="0.0"/>
  <testcase classname="cs.ing.software.lab1.MainTest" name="Test08" time="0.001"/>
  <testcase classname="cs.ing.software.lab1.MainTest" name="Test08" time="0.0"/>
  <testcase classname="cs.ing.software.lab1.MainTest" name="Test08" time="0.001"/>
  <testcase classname="cs.ing.software.lab1.MainTest" name="Test08" time="0.016"/>
  <testcase classname="cs.ing.software.lab1.MainTest" name="Test08" time="0.0"/>
  <testcase classname="cs.ing.software.lab1.MainTest" name="Test08" time="0.004"/>
  <testcase classname="cs.ing.software.lab1.MainTest" name="Test08" time="0.0"/>
  <testcase classname="cs.ing.software.lab1.MainTest" name="Test08" time="0.0"/>
  <testcase classname="cs.ing.software.lab1.MainTest" name="Test08" time="0.0"/>
  <testcase classname="cs.ing.software.lab1.MainTest" name="Test08" time="0.012"/>
  <testcase classname="cs.ing.software.lab1.MainTest" name="Test08" time="0.001"/>
  <testcase classname="cs.ing.software.lab1.MainTest" name="Test08" time="0.0"/>
  <testcase classname="cs.ing.software.lab1.MainTest" name="Test08" time="0.014"/>
  <testcase classname="cs.ing.software.lab1.MainTest" name="Test08" time="0.001"/>
  <testcase classname="cs.ing.software.lab1.MainTest" name="Test08" time="0.001"/>
  <testcase classname="cs.ing.software.lab1.MainTest" name="Test08" time="0.0"/>
  <testcase classname="cs.ing.software.lab1.MainTest" name="Test08" time="0.001"/>
  <testcase classname="cs.ing.software.lab1.MainTest" name="Test08" time="0.002"/>
  <testcase classname="cs.ing.software.lab1.MainTest" name="Test08" time="0.003"/>
  <testcase classname="cs.ing.software.lab1.MainTest" name="Test08" time="0.0"/>
  <testcase classname="cs.ing.software.lab1.MainTest" name="Test08" time="0.003"/>
  <testcase classname="cs.ing.software.lab1.MainTest" name="Test08" time="0.001"/>
  <testcase classname="cs.ing.software.lab1.MainTest" name="Test08" time="0.004"/>
  <testcase classname="cs.ing.software.lab1.MainTest" name="Test08" time="0.004"/>
  <testcase classname="cs.ing.software.lab1.MainTest" name="Test08" time="0.0"/>
  <testcase classname="cs.ing.software.lab1.MainTest" name="Test08" time="0.001"/>
  <testcase classname="cs.ing.software.lab1.MainTest" name="Test08" time="0.0"/>
  <testcase classname="cs.ing.software.lab1.MainTest" name="Test08" time="0.0"/>
  <testcase classname="cs.ing.software.lab1.MainTest" name="Test08" time="0.007"/>
  <testcase classname="cs.ing.software.lab1.MainTest" name="Test08" time="0.001"/>
  <testcase classname="cs.ing.software.lab1.MainTest" name="Test08" time="0.0"/>
  <testcase classname="cs.ing.software.lab1.MainTest" name="Test08" time="0.0"/>
  <testcase classname="cs.ing.software.lab1.MainTest" name="Test08" time="0.001"/>
  <testcase classname="cs.ing.software.lab1.MainTest" name="Test08" time="0.001"/>
  <testcase classname="cs.ing.software.lab1.MainTest" name="Test08" time="0.003"/>
  <testcase classname="cs.ing.software.lab1.MainTest" name="Test08" time="0.003"/>
  <testcase classname="cs.ing.software.lab1.MainTest" name="Test08" time="0.004"/>
  <testcase classname="cs.ing.software.lab1.MainTest" name="Test08" time="0.004"/>
  <testcase classname="cs.ing.software.lab1.MainTest" name="Test08" time="0.001"/>
  <testcase classname="cs.ing.software.lab1.MainTest" name="Test08" time="0.007"/>
  <testcase classname="cs.ing.software.lab1.MainTest" name="Test08" time="0.007"/>
  <testcase classname="cs.ing.software.lab1.MainTest" name="Test08" time="0.008"/>
  <testcase classname="cs.ing.software.lab1.MainTest" name="Test08" time="0.0"/>
  <testcase classname="cs.ing.software.lab1.MainTest" name="Test08" time="0.001"/>
  <testcase classname="cs.ing.software.lab1.MainTest" name="Test08" time="0.005"/>
  <testcase classname="cs.ing.software.lab1.MainTest" name="Test08" time="0.001"/>
  <testcase classname="cs.ing.software.lab1.MainTest" name="Test08" time="0.003"/>
  <testcase classname="cs.ing.software.lab1.MainTest" name="Test08" time="0.001"/>
  <testcase classname="cs.ing.software.lab1.MainTest" name="Test08" time="0.0"/>
  <testcase classname="cs.ing.software.lab1.MainTest" name="Test08" time="0.0"/>
  <testcase classname="cs.ing.software.lab1.MainTest" name="Test08" time="0.001"/>
  <testcase classname="cs.ing.software.lab1.MainTest" name="Test08" time="0.001"/>
  <testcase classname="cs.ing.software.lab1.MainTest" name="Test08" time="0.001"/>
  <testcase classname="cs.ing.software.lab1.MainTest" name="Test08" time="0.001"/>
  <testcase classname="cs.ing.software.lab1.MainTest" name="Test08" time="0.0"/>
  <testcase classname="cs.ing.software.lab1.MainTest" name="Test08" time="0.0"/>
  <testcase classname="cs.ing.software.lab1.MainTest" name="Test08" time="0.0"/>
  <testcase classname="cs.ing.software.lab1.MainTest" name="Test08" time="0.001"/>
  <testcase classname="cs.ing.software.lab1.MainTest" name="Test08" time="0.001"/>
  <testcase classname="cs.ing.software.lab1.MainTest" name="Test08" time="0.0"/>
  <testcase classname="cs.ing.software.lab1.MainTest" name="Test08" time="0.0"/>
  <testcase classname="cs.ing.software.lab1.MainTest" name="Test08" time="0.001"/>
  <testcase classname="cs.ing.software.lab1.MainTest" name="Test08" time="0.0"/>
  <testcase classname="cs.ing.software.lab1.MainTest" name="Test08" time="0.0"/>
  <testcase classname="cs.ing.software.lab1.MainTest" name="Test08" time="0.0"/>
  <testcase classname="cs.ing.software.lab1.MainTest" name="Test08" time="0.0"/>
  <testcase classname="cs.ing.software.lab1.MainTest" name="Test08" time="0.001"/>
  <testcase classname="cs.ing.software.lab1.MainTest" name="Test08" time="0.0"/>
  <testcase classname="cs.ing.software.lab1.MainTest" name="Test08" time="0.0"/>
  <testcase classname="cs.ing.software.lab1.MainTest" name="Test08" time="0.0"/>
  <testcase classname="cs.ing.software.lab1.MainTest" name="Test08" time="0.001"/>
  <testcase classname="cs.ing.software.lab1.MainTest" name="Test08" time="0.0"/>
  <testcase classname="cs.ing.software.lab1.MainTest" name="Test08" time="0.001"/>
  <testcase classname="cs.ing.software.lab1.MainTest" name="Test08" time="0.0"/>
  <testcase classname="cs.ing.software.lab1.MainTest" name="Test08" time="0.001"/>
  <testcase classname="cs.ing.software.lab1.MainTest" name="Test08" time="0.001"/>
  <testcase classname="cs.ing.software.lab1.MainTest" name="Test08" time="0.0"/>
  <testcase classname="cs.ing.software.lab1.MainTest" name="Test08" time="0.0"/>
  <testcase classname="cs.ing.software.lab1.MainTest" name="Test08" time="0.001"/>
  <testcase classname="cs.ing.software.lab1.MainTest" name="Test08" time="0.001"/>
  <testcase classname="cs.ing.software.lab1.MainTest" name="Test08" time="0.0"/>
  <testcase classname="cs.ing.software.lab1.MainTest" name="Test08" time="0.0"/>
  <testcase classname="cs.ing.software.lab1.MainTest" name="Test08" time="0.0"/>
  <testcase classname="cs.ing.software.lab1.MainTest" name="Test08" time="0.0"/>
  <testcase classname="cs.ing.software.lab1.MainTest" name="Test08" time="0.001"/>
  <testcase classname="cs.ing.software.lab1.MainTest" name="Test08" time="0.001"/>
  <testcase classname="cs.ing.software.lab1.MainTest" name="Test08" time="0.0"/>
  <testcase classname="cs.ing.software.lab1.MainTest" name="Test08" time="0.012"/>
  <testcase classname="cs.ing.software.lab1.MainTest" name="Test08" time="0.011"/>
  <testcase classname="cs.ing.software.lab1.MainTest" name="Test08" time="0.001"/>
  <testcase classname="cs.ing.software.lab1.MainTest" name="Test08" time="0.007"/>
  <testcase classname="cs.ing.software.lab1.MainTest" name="Test08" time="0.001"/>
  <testcase classname="cs.ing.software.lab1.MainTest" name="Test08" time="0.0"/>
  <testcase classname="cs.ing.software.lab1.MainTest" name="Test08" time="0.001"/>
  <testcase classname="cs.ing.software.lab1.MainTest" name="Test08" time="0.001"/>
  <testcase classname="cs.ing.software.lab1.MainTest" name="Test08" time="0.011"/>
  <testcase classname="cs.ing.software.lab1.MainTest" name="Test08" time="0.001"/>
  <testcase classname="cs.ing.software.lab1.MainTest" name="Test08" time="0.001"/>
  <testcase classname="cs.ing.software.lab1.MainTest" name="Test08" time="0.001"/>
  <testcase classname="cs.ing.software.lab1.MainTest" name="Test08" time="0.0"/>
  <testcase classname="cs.ing.software.lab1.MainTest" name="Test08" time="0.0"/>
  <testcase classname="cs.ing.software.lab1.MainTest" name="Test08" time="0.013"/>
  <testcase classname="cs.ing.software.lab1.MainTest" name="Test08" time="0.002"/>
  <testcase classname="cs.ing.software.lab1.MainTest" name="Test08" time="0.0"/>
  <testcase classname="cs.ing.software.lab1.MainTest" name="Test08" time="0.0"/>
  <testcase classname="cs.ing.software.lab1.MainTest" name="Test08" time="0.0"/>
  <testcase classname="cs.ing.software.lab1.MainTest" name="Test08" time="0.016"/>
  <testcase classname="cs.ing.software.lab1.MainTest" name="Test08" time="0.001"/>
  <testcase classname="cs.ing.software.lab1.MainTest" name="Test08" time="0.0"/>
  <testcase classname="cs.ing.software.lab1.MainTest" name="Test08" time="0.0"/>
  <testcase classname="cs.ing.software.lab1.MainTest" name="Test08" time="0.002"/>
  <testcase classname="cs.ing.software.lab1.MainTest" name="Test08" time="0.0"/>
  <testcase classname="cs.ing.software.lab1.MainTest" name="Test08" time="0.001"/>
  <testcase classname="cs.ing.software.lab1.MainTest" name="Test08" time="0.0"/>
  <testcase classname="cs.ing.software.lab1.MainTest" name="Test08" time="0.0"/>
  <testcase classname="cs.ing.software.lab1.MainTest" name="Test08" time="0.001"/>
  <testcase classname="cs.ing.software.lab1.MainTest" name="Test08" time="0.0"/>
  <testcase classname="cs.ing.software.lab1.MainTest" name="Test08" time="0.0"/>
  <testcase classname="cs.ing.software.lab1.MainTest" name="Test08" time="0.0"/>
  <testcase classname="cs.ing.software.lab1.MainTest" name="Test08" time="0.0"/>
  <testcase classname="cs.ing.software.lab1.MainTest" name="Test08" time="0.001"/>
  <testcase classname="cs.ing.software.lab1.MainTest" name="Test08" time="0.001"/>
  <testcase classname="cs.ing.software.lab1.MainTest" name="Test08" time="0.0"/>
  <testcase classname="cs.ing.software.lab1.MainTest" name="Test08" time="0.009"/>
  <testcase classname="cs.ing.software.lab1.MainTest" name="Test08" time="0.01"/>
  <testcase classname="cs.ing.software.lab1.MainTest" name="Test08" time="0.0"/>
  <testcase classname="cs.ing.software.lab1.MainTest" name="Test08" time="0.0"/>
  <testcase classname="cs.ing.software.lab1.MainTest" name="Test08" time="0.0"/>
  <testcase classname="cs.ing.software.lab1.MainTest" name="Test08" time="0.001"/>
  <testcase classname="cs.ing.software.lab1.MainTest" name="Test08" time="0.0"/>
  <testcase classname="cs.ing.software.lab1.MainTest" name="Test08" time="0.014"/>
  <testcase classname="cs.ing.software.lab1.MainTest" name="Test08" time="0.0"/>
  <testcase classname="cs.ing.software.lab1.MainTest" name="Test08" time="0.001"/>
  <testcase classname="cs.ing.software.lab1.MainTest" name="Test08" time="0.001"/>
  <testcase classname="cs.ing.software.lab1.MainTest" name="Test08" time="0.001"/>
  <testcase classname="cs.ing.software.lab1.MainTest" name="Test08" time="0.003"/>
  <testcase classname="cs.ing.software.lab1.MainTest" name="Test08" time="0.0"/>
  <testcase classname="cs.ing.software.lab1.MainTest" name="Test08" time="0.001"/>
  <testcase classname="cs.ing.software.lab1.MainTest" name="Test08" time="0.002"/>
  <testcase classname="cs.ing.software.lab1.MainTest" name="Test08" time="0.0"/>
  <testcase classname="cs.ing.software.lab1.MainTest" name="Test08" time="0.002"/>
  <testcase classname="cs.ing.software.lab1.MainTest" name="Test08" time="0.0"/>
  <testcase classname="cs.ing.software.lab1.MainTest" name="Test08" time="0.0"/>
  <testcase classname="cs.ing.software.lab1.MainTest" name="Test08" time="0.0"/>
  <testcase classname="cs.ing.software.lab1.MainTest" name="Test08" time="0.0"/>
  <testcase classname="cs.ing.software.lab1.MainTest" name="Test08" time="0.001"/>
  <testcase classname="cs.ing.software.lab1.MainTest" name="Test08" time="0.0"/>
  <testcase classname="cs.ing.software.lab1.MainTest" name="Test08" time="0.0"/>
  <testcase classname="cs.ing.software.lab1.MainTest" name="Test08" time="0.001"/>
  <testcase classname="cs.ing.software.lab1.MainTest" name="Test08" time="0.0"/>
  <testcase classname="cs.ing.software.lab1.MainTest" name="Test08" time="0.012"/>
  <testcase classname="cs.ing.software.lab1.MainTest" name="Test08" time="0.0"/>
  <testcase classname="cs.ing.software.lab1.MainTest" name="Test08" time="0.0"/>
  <testcase classname="cs.ing.software.lab1.MainTest" name="Test08" time="0.0"/>
  <testcase classname="cs.ing.software.lab1.MainTest" name="Test08" time="0.0"/>
  <testcase classname="cs.ing.software.lab1.MainTest" name="Test08" time="0.0"/>
  <testcase classname="cs.ing.software.lab1.MainTest" name="Test08" time="0.001"/>
  <testcase classname="cs.ing.software.lab1.MainTest" name="Test08" time="0.0"/>
  <testcase classname="cs.ing.software.lab1.MainTest" name="Test08" time="0.032"/>
  <testcase classname="cs.ing.software.lab1.MainTest" name="Test08" time="0.001"/>
  <testcase classname="cs.ing.software.lab1.MainTest" name="Test08" time="0.0"/>
  <testcase classname="cs.ing.software.lab1.MainTest" name="Test08" time="0.001"/>
  <testcase classname="cs.ing.software.lab1.MainTest" name="Test08" time="0.001"/>
  <testcase classname="cs.ing.software.lab1.MainTest" name="Test08" time="0.0"/>
  <testcase classname="cs.ing.software.lab1.MainTest" name="Test08" time="0.0"/>
  <testcase classname="cs.ing.software.lab1.MainTest" name="Test08" time="0.041"/>
  <testcase classname="cs.ing.software.lab1.MainTest" name="Test08" time="0.001"/>
  <testcase classname="cs.ing.software.lab1.MainTest" name="Test08" time="0.0"/>
  <testcase classname="cs.ing.software.lab1.MainTest" name="Test08" time="0.0"/>
  <testcase classname="cs.ing.software.lab1.MainTest" name="Test08" time="0.042"/>
  <testcase classname="cs.ing.software.lab1.MainTest" name="Test08" time="0.0"/>
  <testcase classname="cs.ing.software.lab1.MainTest" name="Test08" time="0.0"/>
  <testcase classname="cs.ing.software.lab1.MainTest" name="Test08" time="0.001"/>
  <testcase classname="cs.ing.software.lab1.MainTest" name="Test08" time="0.0"/>
  <testcase classname="cs.ing.software.lab1.MainTest" name="Test08" time="0.0"/>
  <testcase classname="cs.ing.software.lab1.MainTest" name="Test08" time="0.002"/>
  <testcase classname="cs.ing.software.lab1.MainTest" name="Test08" time="0.001"/>
  <testcase classname="cs.ing.software.lab1.MainTest" name="Test08" time="0.0"/>
  <testcase classname="cs.ing.software.lab1.MainTest" name="Test08" time="0.001"/>
  <testcase classname="cs.ing.software.lab1.MainTest" name="Test08" time="0.0"/>
  <testcase classname="cs.ing.software.lab1.MainTest" name="Test08" time="0.0"/>
  <testcase classname="cs.ing.software.lab1.MainTest" name="Test08" time="0.001"/>
  <testcase classname="cs.ing.software.lab1.MainTest" name="Test08" time="0.004"/>
  <testcase classname="cs.ing.software.lab1.MainTest" name="Test08" time="0.0"/>
  <testcase classname="cs.ing.software.lab1.MainTest" name="Test08" time="0.001"/>
  <testcase classname="cs.ing.software.lab1.MainTest" name="Test08" time="0.0"/>
  <testcase classname="cs.ing.software.lab1.MainTest" name="Test08" time="0.0"/>
  <testcase classname="cs.ing.software.lab1.MainTest" name="Test08" time="0.001"/>
  <testcase classname="cs.ing.software.lab1.MainTest" name="Test08" time="0.006"/>
  <testcase classname="cs.ing.software.lab1.MainTest" name="Test08" time="0.001"/>
  <testcase classname="cs.ing.software.lab1.MainTest" name="Test08" time="0.001"/>
  <testcase classname="cs.ing.software.lab1.MainTest" name="Test08" time="0.0"/>
  <testcase classname="cs.ing.software.lab1.MainTest" name="Test08" time="0.0"/>
  <testcase classname="cs.ing.software.lab1.MainTest" name="Test08" time="0.008"/>
  <testcase classname="cs.ing.software.lab1.MainTest" name="Test08" time="0.0"/>
  <testcase classname="cs.ing.software.lab1.MainTest" name="Test08" time="0.0"/>
  <testcase classname="cs.ing.software.lab1.MainTest" name="Test08" time="0.0"/>
  <testcase classname="cs.ing.software.lab1.MainTest" name="Test08" time="0.0"/>
  <testcase classname="cs.ing.software.lab1.MainTest" name="Test08" time="0.0"/>
  <testcase classname="cs.ing.software.lab1.MainTest" name="Test08" time="0.0"/>
  <testcase classname="cs.ing.software.lab1.MainTest" name="Test08" time="0.0"/>
  <testcase classname="cs.ing.software.lab1.MainTest" name="Test08" time="0.0"/>
  <testcase classname="cs.ing.software.lab1.MainTest" name="Test08" time="0.0"/>
  <testcase classname="cs.ing.software.lab1.MainTest" name="Test08" time="0.001"/>
  <testcase classname="cs.ing.software.lab1.MainTest" name="Test08" time="0.0"/>
  <testcase classname="cs.ing.software.lab1.MainTest" name="Test08" time="0.001"/>
  <testcase classname="cs.ing.software.lab1.MainTest" name="Test08" time="0.0"/>
  <testcase classname="cs.ing.software.lab1.MainTest" name="Test08" time="0.0"/>
  <testcase classname="cs.ing.software.lab1.MainTest" name="Test08" time="0.0"/>
  <testcase classname="cs.ing.software.lab1.MainTest" name="Test08" time="0.016"/>
  <testcase classname="cs.ing.software.lab1.MainTest" name="Test08" time="0.001"/>
  <testcase classname="cs.ing.software.lab1.MainTest" name="Test08" time="0.0"/>
  <testcase classname="cs.ing.software.lab1.MainTest" name="Test08" time="0.001"/>
  <testcase classname="cs.ing.software.lab1.MainTest" name="Test08" time="0.0"/>
  <testcase classname="cs.ing.software.lab1.MainTest" name="Test08" time="0.0"/>
  <testcase classname="cs.ing.software.lab1.MainTest" name="Test08" time="0.0"/>
  <testcase classname="cs.ing.software.lab1.MainTest" name="Test08" time="0.0"/>
  <testcase classname="cs.ing.software.lab1.MainTest" name="Test08" time="0.0"/>
  <testcase classname="cs.ing.software.lab1.MainTest" name="Test08" time="0.001"/>
  <testcase classname="cs.ing.software.lab1.MainTest" name="Test08" time="0.0"/>
  <testcase classname="cs.ing.software.lab1.MainTest" name="Test08" time="0.021"/>
  <testcase classname="cs.ing.software.lab1.MainTest" name="Test08" time="0.001"/>
  <testcase classname="cs.ing.software.lab1.MainTest" name="Test08" time="0.0"/>
  <testcase classname="cs.ing.software.lab1.MainTest" name="Test08" time="0.001"/>
  <testcase classname="cs.ing.software.lab1.MainTest" name="Test08" time="0.0"/>
  <testcase classname="cs.ing.software.lab1.MainTest" name="Test08" time="0.0"/>
  <testcase classname="cs.ing.software.lab1.MainTest" name="Test08" time="0.009"/>
  <testcase classname="cs.ing.software.lab1.MainTest" name="Test08" time="0.001"/>
  <testcase classname="cs.ing.software.lab1.MainTest" name="Test08" time="0.0"/>
  <testcase classname="cs.ing.software.lab1.MainTest" name="Test08" time="0.0"/>
  <testcase classname="cs.ing.software.lab1.MainTest" name="Test08" time="0.001"/>
  <testcase classname="cs.ing.software.lab1.MainTest" name="Test08" time="0.029"/>
  <testcase classname="cs.ing.software.lab1.MainTest" name="Test08" time="0.0"/>
  <testcase classname="cs.ing.software.lab1.MainTest" name="Test08" time="0.0"/>
  <testcase classname="cs.ing.software.lab1.MainTest" name="Test08" time="0.0"/>
  <testcase classname="cs.ing.software.lab1.MainTest" name="Test08" time="0.0"/>
  <testcase classname="cs.ing.software.lab1.MainTest" name="Test08" time="0.001"/>
  <testcase classname="cs.ing.software.lab1.MainTest" name="Test08" time="0.034"/>
  <testcase classname="cs.ing.software.lab1.MainTest" name="Test08" time="0.0"/>
  <testcase classname="cs.ing.software.lab1.MainTest" name="Test08" time="0.001"/>
  <testcase classname="cs.ing.software.lab1.MainTest" name="Test08" time="0.0"/>
  <testcase classname="cs.ing.software.lab1.MainTest" name="Test08" time="0.0"/>
  <testcase classname="cs.ing.software.lab1.MainTest" name="Test08" time="0.0"/>
  <testcase classname="cs.ing.software.lab1.MainTest" name="Test08" time="0.0"/>
  <testcase classname="cs.ing.software.lab1.MainTest" name="Test08" time="0.001"/>
  <testcase classname="cs.ing.software.lab1.MainTest" name="Test08" time="0.001"/>
  <testcase classname="cs.ing.software.lab1.MainTest" name="Test08" time="0.0"/>
  <testcase classname="cs.ing.software.lab1.MainTest" name="Test08" time="0.0"/>
  <testcase classname="cs.ing.software.lab1.MainTest" name="Test08" time="0.001"/>
  <testcase classname="cs.ing.software.lab1.MainTest" name="Test08" time="0.0"/>
  <testcase classname="cs.ing.software.lab1.MainTest" name="Test08" time="0.0"/>
  <testcase classname="cs.ing.software.lab1.MainTest" name="Test08" time="0.0"/>
  <testcase classname="cs.ing.software.lab1.MainTest" name="Test08" time="0.0"/>
  <testcase classname="cs.ing.software.lab1.MainTest" name="Test08" time="0.0"/>
  <testcase classname="cs.ing.software.lab1.MainTest" name="Test08" time="0.0"/>
  <testcase classname="cs.ing.software.lab1.MainTest" name="Test08" time="0.006"/>
  <testcase classname="cs.ing.software.lab1.MainTest" name="Test08" time="0.0"/>
  <testcase classname="cs.ing.software.lab1.MainTest" name="Test08" time="0.0"/>
  <testcase classname="cs.ing.software.lab1.MainTest" name="Test08" time="0.0"/>
  <testcase classname="cs.ing.software.lab1.MainTest" name="Test08" time="0.0"/>
  <testcase classname="cs.ing.software.lab1.MainTest" name="Test08" time="0.0"/>
  <testcase classname="cs.ing.software.lab1.MainTest" name="Test08" time="0.0"/>
  <testcase classname="cs.ing.software.lab1.MainTest" name="Test08" time="0.0"/>
  <testcase classname="cs.ing.software.lab1.MainTest" name="Test08" time="0.0"/>
  <testcase classname="cs.ing.software.lab1.MainTest" name="Test08" time="0.0"/>
  <testcase classname="cs.ing.software.lab1.MainTest" name="Test08" time="0.001"/>
  <testcase classname="cs.ing.software.lab1.MainTest" name="Test08" time="0.0"/>
  <testcase classname="cs.ing.software.lab1.MainTest" name="Test08" time="0.0"/>
  <testcase classname="cs.ing.software.lab1.MainTest" name="Test08" time="0.001"/>
  <testcase classname="cs.ing.software.lab1.MainTest" name="Test08" time="0.005"/>
  <testcase classname="cs.ing.software.lab1.MainTest" name="Test08" time="0.0"/>
  <testcase classname="cs.ing.software.lab1.MainTest" name="Test08" time="0.001"/>
  <testcase classname="cs.ing.software.lab1.MainTest" name="Test08" time="0.0"/>
  <testcase classname="cs.ing.software.lab1.MainTest" name="Test08" time="0.0"/>
  <testcase classname="cs.ing.software.lab1.MainTest" name="Test08" time="0.06"/>
  <testcase classname="cs.ing.software.lab1.MainTest" name="Test08" time="0.061"/>
  <testcase classname="cs.ing.software.lab1.MainTest" name="Test08" time="0.0"/>
  <testcase classname="cs.ing.software.lab1.MainTest" name="Test08" time="0.001"/>
  <testcase classname="cs.ing.software.lab1.MainTest" name="Test08" time="0.0"/>
  <testcase classname="cs.ing.software.lab1.MainTest" name="Test08" time="0.0"/>
  <testcase classname="cs.ing.software.lab1.MainTest" name="Test08" time="0.064"/>
  <testcase classname="cs.ing.software.lab1.MainTest" name="Test08" time="0.0"/>
  <testcase classname="cs.ing.software.lab1.MainTest" name="Test08" time="0.0"/>
  <testcase classname="cs.ing.software.lab1.MainTest" name="Test08" time="0.0"/>
  <testcase classname="cs.ing.software.lab1.MainTest" name="Test08" time="0.001"/>
  <testcase classname="cs.ing.software.lab1.MainTest" name="Test08" time="0.0"/>
  <testcase classname="cs.ing.software.lab1.MainTest" name="Test08" time="0.001"/>
  <testcase classname="cs.ing.software.lab1.MainTest" name="Test08" time="0.0"/>
  <testcase classname="cs.ing.software.lab1.MainTest" name="Test08" time="0.0"/>
  <testcase classname="cs.ing.software.lab1.MainTest" name="Test08" time="0.0"/>
  <testcase classname="cs.ing.software.lab1.MainTest" name="Test08" time="0.0"/>
  <testcase classname="cs.ing.software.lab1.MainTest" name="Test08" time="0.0"/>
  <testcase classname="cs.ing.software.lab1.MainTest" name="Test08" time="0.001"/>
  <testcase classname="cs.ing.software.lab1.MainTest" name="Test08" time="0.0"/>
  <testcase classname="cs.ing.software.lab1.MainTest" name="Test08" time="0.0"/>
  <testcase classname="cs.ing.software.lab1.MainTest" name="Test08" time="0.0"/>
  <testcase classname="cs.ing.software.lab1.MainTest" name="Test08" time="0.0"/>
  <testcase classname="cs.ing.software.lab1.MainTest" name="Test08" time="0.0"/>
  <testcase classname="cs.ing.software.lab1.MainTest" name="Test08" time="0.0"/>
  <testcase classname="cs.ing.software.lab1.MainTest" name="Test08" time="0.0"/>
  <testcase classname="cs.ing.software.lab1.MainTest" name="Test08" time="0.0"/>
  <testcase classname="cs.ing.software.lab1.MainTest" name="Test08" time="0.0"/>
  <testcase classname="cs.ing.software.lab1.MainTest" name="Test08" time="0.0"/>
  <testcase classname="cs.ing.software.lab1.MainTest" name="Test08" time="0.001"/>
  <testcase classname="cs.ing.software.lab1.MainTest" name="Test08" time="0.0"/>
  <testcase classname="cs.ing.software.lab1.MainTest" name="Test08" time="0.0"/>
  <testcase classname="cs.ing.software.lab1.MainTest" name="Test08" time="0.0"/>
  <testcase classname="cs.ing.software.lab1.MainTest" name="Test08" time="0.0"/>
  <testcase classname="cs.ing.software.lab1.MainTest" name="Test08" time="0.0"/>
  <testcase classname="cs.ing.software.lab1.MainTest" name="Test08" time="0.0"/>
  <testcase classname="cs.ing.software.lab1.MainTest" name="Test08" time="0.0"/>
  <testcase classname="cs.ing.software.lab1.MainTest" name="Test08" time="0.0"/>
  <testcase classname="cs.ing.software.lab1.MainTest" name="Test08" time="0.0"/>
  <testcase classname="cs.ing.software.lab1.MainTest" name="Test08" time="0.0"/>
  <testcase classname="cs.ing.software.lab1.MainTest" name="Test08" time="0.0"/>
  <testcase classname="cs.ing.software.lab1.MainTest" name="Test08" time="0.001"/>
  <testcase classname="cs.ing.software.lab1.MainTest" name="Test08" time="0.086"/>
  <testcase classname="cs.ing.software.lab1.MainTest" name="Test08" time="0.0"/>
  <testcase classname="cs.ing.software.lab1.MainTest" name="Test08" time="0.001"/>
  <testcase classname="cs.ing.software.lab1.MainTest" name="Test08" time="0.0"/>
  <testcase classname="cs.ing.software.lab1.MainTest" name="Test08" time="0.0"/>
  <testcase classname="cs.ing.software.lab1.MainTest" name="Test08" time="0.001"/>
  <testcase classname="cs.ing.software.lab1.MainTest" name="Test08" time="0.0"/>
  <testcase classname="cs.ing.software.lab1.MainTest" name="Test08" time="0.001"/>
  <testcase classname="cs.ing.software.lab1.MainTest" name="Test08" time="0.0"/>
  <testcase classname="cs.ing.software.lab1.MainTest" name="Test08" time="0.0"/>
  <testcase classname="cs.ing.software.lab1.MainTest" name="Test08" time="0.0"/>
  <testcase classname="cs.ing.software.lab1.MainTest" name="Test08" time="0.0"/>
  <testcase classname="cs.ing.software.lab1.MainTest" name="Test08" time="0.001"/>
  <testcase classname="cs.ing.software.lab1.MainTest" name="Test08" time="0.001"/>
  <testcase classname="cs.ing.software.lab1.MainTest" name="Test08" time="0.0"/>
  <testcase classname="cs.ing.software.lab1.MainTest" name="Test08" time="0.0"/>
  <testcase classname="cs.ing.software.lab1.MainTest" name="Test08" time="0.0"/>
  <testcase classname="cs.ing.software.lab1.MainTest" name="Test08" time="0.001"/>
  <testcase classname="cs.ing.software.lab1.MainTest" name="Test08" time="0.0"/>
  <testcase classname="cs.ing.software.lab1.MainTest" name="Test08" time="0.0"/>
  <testcase classname="cs.ing.software.lab1.MainTest" name="Test08" time="0.0"/>
  <testcase classname="cs.ing.software.lab1.MainTest" name="Test08" time="0.0"/>
  <testcase classname="cs.ing.software.lab1.MainTest" name="Test08" time="0.006"/>
  <testcase classname="cs.ing.software.lab1.MainTest" name="Test08" time="0.001"/>
  <testcase classname="cs.ing.software.lab1.MainTest" name="Test08" time="0.0"/>
  <testcase classname="cs.ing.software.lab1.MainTest" name="Test08" time="0.001"/>
  <testcase classname="cs.ing.software.lab1.MainTest" name="Test08" time="0.0"/>
  <testcase classname="cs.ing.software.lab1.MainTest" name="Test08" time="0.0"/>
  <testcase classname="cs.ing.software.lab1.MainTest" name="Test08" time="0.001"/>
  <testcase classname="cs.ing.software.lab1.MainTest" name="Test08" time="0.0"/>
  <testcase classname="cs.ing.software.lab1.MainTest" name="Test08" time="0.014"/>
  <testcase classname="cs.ing.software.lab1.MainTest" name="Test08" time="0.016"/>
  <testcase classname="cs.ing.software.lab1.MainTest" name="Test08" time="0.002"/>
  <testcase classname="cs.ing.software.lab1.MainTest" name="Test08" time="0.0"/>
  <testcase classname="cs.ing.software.lab1.MainTest" name="Test08" time="0.0"/>
  <testcase classname="cs.ing.software.lab1.MainTest" name="Test08" time="0.0"/>
  <testcase classname="cs.ing.software.lab1.MainTest" name="Test08" time="0.0"/>
  <testcase classname="cs.ing.software.lab1.MainTest" name="Test08" time="0.0"/>
  <testcase classname="cs.ing.software.lab1.MainTest" name="Test08" time="0.0"/>
  <testcase classname="cs.ing.software.lab1.MainTest" name="Test08" time="0.03"/>
  <testcase classname="cs.ing.software.lab1.MainTest" name="Test08" time="0.0"/>
  <testcase classname="cs.ing.software.lab1.MainTest" name="Test08" time="0.0"/>
  <testcase classname="cs.ing.software.lab1.MainTest" name="Test08" time="0.0"/>
  <testcase classname="cs.ing.software.lab1.MainTest" name="Test08" time="0.001"/>
  <testcase classname="cs.ing.software.lab1.MainTest" name="Test08" time="0.0"/>
  <testcase classname="cs.ing.software.lab1.MainTest" name="Test08" time="0.0"/>
  <testcase classname="cs.ing.software.lab1.MainTest" name="Test08" time="0.034"/>
  <testcase classname="cs.ing.software.lab1.MainTest" name="Test08" time="0.0"/>
  <testcase classname="cs.ing.software.lab1.MainTest" name="Test08" time="0.0"/>
  <testcase classname="cs.ing.software.lab1.MainTest" name="Test08" time="0.0"/>
  <testcase classname="cs.ing.software.lab1.MainTest" name="Test08" time="0.0"/>
  <testcase classname="cs.ing.software.lab1.MainTest" name="Test08" time="0.0"/>
  <testcase classname="cs.ing.software.lab1.MainTest" name="Test08" time="0.0"/>
  <testcase classname="cs.ing.software.lab1.MainTest" name="Test08" time="0.0"/>
  <testcase classname="cs.ing.software.lab1.MainTest" name="Test08" time="0.04"/>
  <testcase classname="cs.ing.software.lab1.MainTest" name="Test08" time="0.0"/>
  <testcase classname="cs.ing.software.lab1.MainTest" name="Test08" time="0.0"/>
  <testcase classname="cs.ing.software.lab1.MainTest" name="Test08" time="0.0"/>
  <testcase classname="cs.ing.software.lab1.MainTest" name="Test08" time="0.0"/>
  <testcase classname="cs.ing.software.lab1.MainTest" name="Test08" time="0.001"/>
  <testcase classname="cs.ing.software.lab1.MainTest" name="Test08" time="0.0"/>
  <testcase classname="cs.ing.software.lab1.MainTest" name="Test08" time="0.059"/>
  <testcase classname="cs.ing.software.lab1.MainTest" name="Test08" time="0.062"/>
  <testcase classname="cs.ing.software.lab1.MainTest" name="Test08" time="0.0"/>
  <testcase classname="cs.ing.software.lab1.MainTest" name="Test08" time="0.0"/>
  <testcase classname="cs.ing.software.lab1.MainTest" name="Test08" time="0.001"/>
  <testcase classname="cs.ing.software.lab1.MainTest" name="Test08" time="0.0"/>
  <testcase classname="cs.ing.software.lab1.MainTest" name="Test08" time="0.0"/>
  <testcase classname="cs.ing.software.lab1.MainTest" name="Test08" time="0.0"/>
  <testcase classname="cs.ing.software.lab1.MainTest" name="Test08" time="0.0"/>
  <testcase classname="cs.ing.software.lab1.MainTest" name="Test08" time="0.0"/>
  <testcase classname="cs.ing.software.lab1.MainTest" name="Test08" time="0.065"/>
  <testcase classname="cs.ing.software.lab1.MainTest" name="Test08" time="0.0"/>
  <testcase classname="cs.ing.software.lab1.MainTest" name="Test08" time="0.0"/>
  <testcase classname="cs.ing.software.lab1.MainTest" name="Test08" time="0.0"/>
  <testcase classname="cs.ing.software.lab1.MainTest" name="Test08" time="0.0"/>
  <testcase classname="cs.ing.software.lab1.MainTest" name="Test08" time="0.0"/>
  <testcase classname="cs.ing.software.lab1.MainTest" name="Test08" time="0.001"/>
  <testcase classname="cs.ing.software.lab1.MainTest" name="Test08" time="0.0"/>
  <testcase classname="cs.ing.software.lab1.MainTest" name="Test08" time="0.0"/>
  <testcase classname="cs.ing.software.lab1.MainTest" name="Test08" time="0.069"/>
  <testcase classname="cs.ing.software.lab1.MainTest" name="Test08" time="0.07"/>
  <testcase classname="cs.ing.software.lab1.MainTest" name="Test08" time="0.0"/>
  <testcase classname="cs.ing.software.lab1.MainTest" name="Test08" time="0.003"/>
  <testcase classname="cs.ing.software.lab1.MainTest" name="Test08" time="0.003"/>
  <testcase classname="cs.ing.software.lab1.MainTest" name="Test08" time="0.001"/>
  <testcase classname="cs.ing.software.lab1.MainTest" name="Test08" time="0.001"/>
  <testcase classname="cs.ing.software.lab1.MainTest" name="Test08" time="0.001"/>
  <testcase classname="cs.ing.software.lab1.MainTest" name="Test08" time="0.076"/>
  <testcase classname="cs.ing.software.lab1.MainTest" name="Test08" time="0.0"/>
  <testcase classname="cs.ing.software.lab1.MainTest" name="Test08" time="0.001"/>
  <testcase classname="cs.ing.software.lab1.MainTest" name="Test08" time="0.001"/>
  <testcase classname="cs.ing.software.lab1.MainTest" name="Test08" time="0.001"/>
  <testcase classname="cs.ing.software.lab1.MainTest" name="Test08" time="0.079"/>
  <testcase classname="cs.ing.software.lab1.MainTest" name="Test08" time="0.0"/>
  <testcase classname="cs.ing.software.lab1.MainTest" name="Test08" time="0.079"/>
  <testcase classname="cs.ing.software.lab1.MainTest" name="Test08" time="0.0"/>
  <testcase classname="cs.ing.software.lab1.MainTest" name="Test08" time="0.085"/>
  <testcase classname="cs.ing.software.lab1.MainTest" name="Test08" time="0.087"/>
  <testcase classname="cs.ing.software.lab1.MainTest" name="Test08" time="0.087"/>
  <testcase classname="cs.ing.software.lab1.MainTest" name="Test08" time="0.088"/>
  <testcase classname="cs.ing.software.lab1.MainTest" name="Test08" time="0.001"/>
  <testcase classname="cs.ing.software.lab1.MainTest" name="Test08" time="0.0"/>
  <testcase classname="cs.ing.software.lab1.MainTest" name="Test08" time="0.089"/>
  <testcase classname="cs.ing.software.lab1.MainTest" name="Test08" time="0.0"/>
  <testcase classname="cs.ing.software.lab1.MainTest" name="Test08" time="0.0"/>
  <testcase classname="cs.ing.software.lab1.MainTest" name="Test08" time="0.0"/>
  <testcase classname="cs.ing.software.lab1.MainTest" name="Test08" time="0.0"/>
  <testcase classname="cs.ing.software.lab1.MainTest" name="Test08" time="0.0"/>
  <testcase classname="cs.ing.software.lab1.MainTest" name="Test08" time="0.093"/>
  <testcase classname="cs.ing.software.lab1.MainTest" name="Test08" time="0.0"/>
  <testcase classname="cs.ing.software.lab1.MainTest" name="Test08" time="0.0"/>
  <testcase classname="cs.ing.software.lab1.MainTest" name="Test08" time="0.0"/>
  <testcase classname="cs.ing.software.lab1.MainTest" name="Test08" time="0.0"/>
  <testcase classname="cs.ing.software.lab1.MainTest" name="Test08" time="0.0"/>
  <testcase classname="cs.ing.software.lab1.MainTest" name="Test08" time="0.0"/>
  <testcase classname="cs.ing.software.lab1.MainTest" name="Test08" time="0.0"/>
  <testcase classname="cs.ing.software.lab1.MainTest" name="Test08" time="0.002"/>
  <testcase classname="cs.ing.software.lab1.MainTest" name="Test08" time="0.0"/>
  <testcase classname="cs.ing.software.lab1.MainTest" name="Test08" time="0.0"/>
  <testcase classname="cs.ing.software.lab1.MainTest" name="Test08" time="0.0"/>
  <testcase classname="cs.ing.software.lab1.MainTest" name="Test08" time="0.0"/>
  <testcase classname="cs.ing.software.lab1.MainTest" name="Test08" time="0.0"/>
  <testcase classname="cs.ing.software.lab1.MainTest" name="Test08" time="0.0"/>
  <testcase classname="cs.ing.software.lab1.MainTest" name="Test08" time="0.0"/>
  <testcase classname="cs.ing.software.lab1.MainTest" name="Test08" time="0.001"/>
  <testcase classname="cs.ing.software.lab1.MainTest" name="Test08" time="0.1"/>
  <testcase classname="cs.ing.software.lab1.MainTest" name="Test08" time="0.0"/>
  <testcase classname="cs.ing.software.lab1.MainTest" name="Test08" time="0.0"/>
  <testcase classname="cs.ing.software.lab1.MainTest" name="Test08" time="0.001"/>
  <testcase classname="cs.ing.software.lab1.MainTest" name="Test08" time="0.001"/>
  <testcase classname="cs.ing.software.lab1.MainTest" name="Test08" time="0.0"/>
  <testcase classname="cs.ing.software.lab1.MainTest" name="Test08" time="0.0"/>
  <testcase classname="cs.ing.software.lab1.MainTest" name="Test08" time="0.101"/>
  <testcase classname="cs.ing.software.lab1.MainTest" name="Test08" time="0.103"/>
  <testcase classname="cs.ing.software.lab1.MainTest" name="Test08" time="0.0"/>
  <testcase classname="cs.ing.software.lab1.MainTest" name="Test08" time="0.0"/>
  <testcase classname="cs.ing.software.lab1.MainTest" name="Test08" time="0.0"/>
  <testcase classname="cs.ing.software.lab1.MainTest" name="Test08" time="0.105"/>
  <testcase classname="cs.ing.software.lab1.MainTest" name="Test08" time="0.0"/>
  <testcase classname="cs.ing.software.lab1.MainTest" name="Test08" time="0.0"/>
  <testcase classname="cs.ing.software.lab1.MainTest" name="Test08" time="0.0"/>
  <testcase classname="cs.ing.software.lab1.MainTest" name="Test08" time="0.107"/>
  <testcase classname="cs.ing.software.lab1.MainTest" name="Test08" time="0.113"/>
  <testcase classname="cs.ing.software.lab1.MainTest" name="Test08" time="0.113"/>
  <testcase classname="cs.ing.software.lab1.MainTest" name="Test08" time="0.11"/>
  <testcase classname="cs.ing.software.lab1.MainTest" name="Test08" time="0.11"/>
  <testcase classname="cs.ing.software.lab1.MainTest" name="Test08" time="0.002"/>
  <testcase classname="cs.ing.software.lab1.MainTest" name="Test08" time="0.0"/>
  <testcase classname="cs.ing.software.lab1.MainTest" name="Test08" time="0.001"/>
  <testcase classname="cs.ing.software.lab1.MainTest" name="Test08" time="0.001"/>
  <testcase classname="cs.ing.software.lab1.MainTest" name="Test08" time="0.0"/>
  <testcase classname="cs.ing.software.lab1.MainTest" name="Test08" time="0.0"/>
  <testcase classname="cs.ing.software.lab1.MainTest" name="Test08" time="0.003"/>
  <testcase classname="cs.ing.software.lab1.MainTest" name="Test08" time="0.115"/>
  <testcase classname="cs.ing.software.lab1.MainTest" name="Test08" time="0.0"/>
  <testcase classname="cs.ing.software.lab1.MainTest" name="Test08" time="0.001"/>
  <testcase classname="cs.ing.software.lab1.MainTest" name="Test08" time="0.005"/>
  <testcase classname="cs.ing.software.lab1.MainTest" name="Test08" time="0.115"/>
  <testcase classname="cs.ing.software.lab1.MainTest" name="Test08" time="0.007"/>
  <testcase classname="cs.ing.software.lab1.MainTest" name="Test08" time="0.0"/>
  <testcase classname="cs.ing.software.lab1.MainTest" name="Test08" time="0.0"/>
  <testcase classname="cs.ing.software.lab1.MainTest" name="Test08" time="0.0"/>
  <testcase classname="cs.ing.software.lab1.MainTest" name="Test08" time="0.0"/>
  <testcase classname="cs.ing.software.lab1.MainTest" name="Test08" time="0.005"/>
  <testcase classname="cs.ing.software.lab1.MainTest" name="Test08" time="0.0"/>
  <testcase classname="cs.ing.software.lab1.MainTest" name="Test08" time="0.01"/>
  <testcase classname="cs.ing.software.lab1.MainTest" name="Test08" time="0.0"/>
  <testcase classname="cs.ing.software.lab1.MainTest" name="Test08" time="0.01"/>
  <testcase classname="cs.ing.software.lab1.MainTest" name="Test08" time="0.013"/>
  <testcase classname="cs.ing.software.lab1.MainTest" name="Test08" time="0.014"/>
  <testcase classname="cs.ing.software.lab1.MainTest" name="Test08" time="0.001"/>
  <testcase classname="cs.ing.software.lab1.MainTest" name="Test08" time="0.001"/>
  <testcase classname="cs.ing.software.lab1.MainTest" name="Test08" time="0.0"/>
  <testcase classname="cs.ing.software.lab1.MainTest" name="Test08" time="0.015"/>
  <testcase classname="cs.ing.software.lab1.MainTest" name="Test08" time="0.016"/>
  <testcase classname="cs.ing.software.lab1.MainTest" name="Test08" time="0.0"/>
  <testcase classname="cs.ing.software.lab1.MainTest" name="Test08" time="0.001"/>
  <testcase classname="cs.ing.software.lab1.MainTest" name="Test08" time="0.0"/>
  <testcase classname="cs.ing.software.lab1.MainTest" name="Test08" time="0.018"/>
  <testcase classname="cs.ing.software.lab1.MainTest" name="Test08" time="0.018"/>
  <testcase classname="cs.ing.software.lab1.MainTest" name="Test08" time="0.0"/>
  <testcase classname="cs.ing.software.lab1.MainTest" name="Test08" time="0.019"/>
  <testcase classname="cs.ing.software.lab1.MainTest" name="Test08" time="0.0"/>
  <testcase classname="cs.ing.software.lab1.MainTest" name="Test08" time="0.001"/>
  <testcase classname="cs.ing.software.lab1.MainTest" name="Test08" time="0.021"/>
  <testcase classname="cs.ing.software.lab1.MainTest" name="Test08" time="0.022"/>
  <testcase classname="cs.ing.software.lab1.MainTest" name="Test08" time="0.026"/>
  <testcase classname="cs.ing.software.lab1.MainTest" name="Test08" time="0.0"/>
  <testcase classname="cs.ing.software.lab1.MainTest" name="Test08" time="0.0"/>
  <testcase classname="cs.ing.software.lab1.MainTest" name="Test08" time="0.027"/>
  <testcase classname="cs.ing.software.lab1.MainTest" name="Test08" time="0.001"/>
  <testcase classname="cs.ing.software.lab1.MainTest" name="Test08" time="0.0"/>
  <testcase classname="cs.ing.software.lab1.MainTest" name="Test08" time="0.001"/>
  <testcase classname="cs.ing.software.lab1.MainTest" name="Test08" time="0.0"/>
  <testcase classname="cs.ing.software.lab1.MainTest" name="Test08" time="0.001"/>
  <testcase classname="cs.ing.software.lab1.MainTest" name="Test08" time="0.001"/>
  <testcase classname="cs.ing.software.lab1.MainTest" name="Test08" time="0.0"/>
  <testcase classname="cs.ing.software.lab1.MainTest" name="Test08" time="0.0"/>
  <testcase classname="cs.ing.software.lab1.MainTest" name="Test08" time="0.03"/>
  <testcase classname="cs.ing.software.lab1.MainTest" name="Test08" time="0.0"/>
  <testcase classname="cs.ing.software.lab1.MainTest" name="Test08" time="0.031"/>
  <testcase classname="cs.ing.software.lab1.MainTest" name="Test08" time="0.0"/>
  <testcase classname="cs.ing.software.lab1.MainTest" name="Test08" time="0.031"/>
  <testcase classname="cs.ing.software.lab1.MainTest" name="Test08" time="0.031"/>
  <testcase classname="cs.ing.software.lab1.MainTest" name="Test08" time="0.0"/>
  <testcase classname="cs.ing.software.lab1.MainTest" name="Test08" time="0.0"/>
  <testcase classname="cs.ing.software.lab1.MainTest" name="Test08" time="0.0"/>
  <testcase classname="cs.ing.software.lab1.MainTest" name="Test08" time="0.0"/>
  <testcase classname="cs.ing.software.lab1.MainTest" name="Test08" time="0.0"/>
  <testcase classname="cs.ing.software.lab1.MainTest" name="Test08" time="0.001"/>
  <testcase classname="cs.ing.software.lab1.MainTest" name="Test08" time="0.0"/>
  <testcase classname="cs.ing.software.lab1.MainTest" name="Test08" time="0.0"/>
  <testcase classname="cs.ing.software.lab1.MainTest" name="Test08" time="0.0"/>
  <testcase classname="cs.ing.software.lab1.MainTest" name="Test08" time="0.035"/>
  <testcase classname="cs.ing.software.lab1.MainTest" name="Test08" time="0.035"/>
  <testcase classname="cs.ing.software.lab1.MainTest" name="Test08" time="0.0"/>
  <testcase classname="cs.ing.software.lab1.MainTest" name="Test08" time="0.0"/>
  <testcase classname="cs.ing.software.lab1.MainTest" name="Test08" time="0.0"/>
  <testcase classname="cs.ing.software.lab1.MainTest" name="Test08" time="0.0"/>
  <testcase classname="cs.ing.software.lab1.MainTest" name="Test08" time="0.038"/>
  <testcase classname="cs.ing.software.lab1.MainTest" name="Test08" time="0.001"/>
  <testcase classname="cs.ing.software.lab1.MainTest" name="Test08" time="0.0"/>
  <testcase classname="cs.ing.software.lab1.MainTest" name="Test08" time="0.04"/>
  <testcase classname="cs.ing.software.lab1.MainTest" name="Test08" time="0.04"/>
  <testcase classname="cs.ing.software.lab1.MainTest" name="Test08" time="0.041"/>
  <testcase classname="cs.ing.software.lab1.MainTest" name="Test08" time="0.0"/>
  <testcase classname="cs.ing.software.lab1.MainTest" name="Test08" time="0.0"/>
  <testcase classname="cs.ing.software.lab1.MainTest" name="Test08" time="0.0"/>
  <testcase classname="cs.ing.software.lab1.MainTest" name="Test08" time="0.0"/>
  <testcase classname="cs.ing.software.lab1.MainTest" name="Test08" time="0.001"/>
  <testcase classname="cs.ing.software.lab1.MainTest" name="Test08" time="0.0"/>
  <testcase classname="cs.ing.software.lab1.MainTest" name="Test08" time="0.0"/>
  <testcase classname="cs.ing.software.lab1.MainTest" name="Test08" time="0.0"/>
  <testcase classname="cs.ing.software.lab1.MainTest" name="Test08" time="0.0"/>
  <testcase classname="cs.ing.software.lab1.MainTest" name="Test08" time="0.042"/>
  <testcase classname="cs.ing.software.lab1.MainTest" name="Test08" time="0.0"/>
  <testcase classname="cs.ing.software.lab1.MainTest" name="Test08" time="0.044"/>
  <testcase classname="cs.ing.software.lab1.MainTest" name="Test08" time="0.045"/>
  <testcase classname="cs.ing.software.lab1.MainTest" name="Test08" time="0.046"/>
  <testcase classname="cs.ing.software.lab1.MainTest" name="Test08" time="0.058"/>
  <testcase classname="cs.ing.software.lab1.MainTest" name="Test08" time="0.059"/>
  <testcase classname="cs.ing.software.lab1.MainTest" name="Test08" time="0.0"/>
  <testcase classname="cs.ing.software.lab1.MainTest" name="Test08" time="0.059"/>
  <testcase classname="cs.ing.software.lab1.MainTest" name="Test08" time="0.0"/>
  <testcase classname="cs.ing.software.lab1.MainTest" name="Test08" time="0.001"/>
  <testcase classname="cs.ing.software.lab1.MainTest" name="Test08" time="0.001"/>
  <testcase classname="cs.ing.software.lab1.MainTest" name="Test08" time="0.0"/>
  <testcase classname="cs.ing.software.lab1.MainTest" name="Test08" time="0.0"/>
  <testcase classname="cs.ing.software.lab1.MainTest" name="Test08" time="0.0"/>
  <testcase classname="cs.ing.software.lab1.MainTest" name="Test08" time="0.0"/>
  <testcase classname="cs.ing.software.lab1.MainTest" name="Test08" time="0.0"/>
  <testcase classname="cs.ing.software.lab1.MainTest" name="Test08" time="0.0"/>
  <testcase classname="cs.ing.software.lab1.MainTest" name="Test08" time="0.0"/>
  <testcase classname="cs.ing.software.lab1.MainTest" name="Test08" time="0.063"/>
  <testcase classname="cs.ing.software.lab1.MainTest" name="Test08" time="0.065"/>
  <testcase classname="cs.ing.software.lab1.MainTest" name="Test08" time="0.0"/>
  <testcase classname="cs.ing.software.lab1.MainTest" name="Test08" time="0.066"/>
  <testcase classname="cs.ing.software.lab1.MainTest" name="Test08" time="0.067"/>
  <testcase classname="cs.ing.software.lab1.MainTest" name="Test08" time="0.001"/>
  <testcase classname="cs.ing.software.lab1.MainTest" name="Test08" time="0.0"/>
  <testcase classname="cs.ing.software.lab1.MainTest" name="Test08" time="0.069"/>
  <testcase classname="cs.ing.software.lab1.MainTest" name="Test08" time="0.001"/>
  <testcase classname="cs.ing.software.lab1.MainTest" name="Test08" time="0.0"/>
  <testcase classname="cs.ing.software.lab1.MainTest" name="Test08" time="0.073"/>
  <testcase classname="cs.ing.software.lab1.MainTest" name="Test08" time="0.0"/>
  <testcase classname="cs.ing.software.lab1.MainTest" name="Test08" time="0.001"/>
  <testcase classname="cs.ing.software.lab1.MainTest" name="Test08" time="0.001"/>
  <testcase classname="cs.ing.software.lab1.MainTest" name="Test08" time="0.0"/>
  <testcase classname="cs.ing.software.lab1.MainTest" name="Test08" time="0.076"/>
  <testcase classname="cs.ing.software.lab1.MainTest" name="Test08" time="0.003"/>
  <testcase classname="cs.ing.software.lab1.MainTest" name="Test08" time="0.001"/>
  <testcase classname="cs.ing.software.lab1.MainTest" name="Test08" time="0.0"/>
  <testcase classname="cs.ing.software.lab1.MainTest" name="Test08" time="0.0"/>
  <testcase classname="cs.ing.software.lab1.MainTest" name="Test08" time="0.0"/>
  <testcase classname="cs.ing.software.lab1.MainTest" name="Test08" time="0.001"/>
  <testcase classname="cs.ing.software.lab1.MainTest" name="Test08" time="0.083"/>
  <testcase classname="cs.ing.software.lab1.MainTest" name="Test08" time="0.0"/>
  <testcase classname="cs.ing.software.lab1.MainTest" name="Test08" time="0.0"/>
  <testcase classname="cs.ing.software.lab1.MainTest" name="Test08" time="0.0"/>
  <testcase classname="cs.ing.software.lab1.MainTest" name="Test08" time="0.0"/>
  <testcase classname="cs.ing.software.lab1.MainTest" name="Test08" time="0.0"/>
  <testcase classname="cs.ing.software.lab1.MainTest" name="Test08" time="0.0"/>
  <testcase classname="cs.ing.software.lab1.MainTest" name="Test08" time="0.0"/>
  <testcase classname="cs.ing.software.lab1.MainTest" name="Test08" time="0.0"/>
  <testcase classname="cs.ing.software.lab1.MainTest" name="Test08" time="0.001"/>
  <testcase classname="cs.ing.software.lab1.MainTest" name="Test08" time="0.0"/>
  <testcase classname="cs.ing.software.lab1.MainTest" name="Test08" time="0.084"/>
  <testcase classname="cs.ing.software.lab1.MainTest" name="Test08" time="0.067"/>
  <testcase classname="cs.ing.software.lab1.MainTest" name="Test08" time="0.0"/>
  <testcase classname="cs.ing.software.lab1.MainTest" name="Test08" time="0.003"/>
  <testcase classname="cs.ing.software.lab1.MainTest" name="Test08" time="0.0"/>
  <testcase classname="cs.ing.software.lab1.MainTest" name="Test08" time="0.002"/>
  <testcase classname="cs.ing.software.lab1.MainTest" name="Test08" time="0.001"/>
  <testcase classname="cs.ing.software.lab1.MainTest" name="Test08" time="0.0"/>
  <testcase classname="cs.ing.software.lab1.MainTest" name="Test08" time="0.002"/>
  <testcase classname="cs.ing.software.lab1.MainTest" name="Test08" time="0.0"/>
  <testcase classname="cs.ing.software.lab1.MainTest" name="Test08" time="0.004"/>
  <testcase classname="cs.ing.software.lab1.MainTest" name="Test08" time="0.005"/>
  <testcase classname="cs.ing.software.lab1.MainTest" name="Test08" time="0.001"/>
  <testcase classname="cs.ing.software.lab1.MainTest" name="Test08" time="0.0"/>
  <testcase classname="cs.ing.software.lab1.MainTest" name="Test08" time="0.001"/>
  <testcase classname="cs.ing.software.lab1.MainTest" name="Test08" time="0.0"/>
  <testcase classname="cs.ing.software.lab1.MainTest" name="Test08" time="0.006"/>
  <testcase classname="cs.ing.software.lab1.MainTest" name="Test08" time="0.0"/>
  <testcase classname="cs.ing.software.lab1.MainTest" name="Test08" time="0.0"/>
  <testcase classname="cs.ing.software.lab1.MainTest" name="Test08" time="0.0"/>
  <testcase classname="cs.ing.software.lab1.MainTest" name="Test08" time="0.008"/>
  <testcase classname="cs.ing.software.lab1.MainTest" name="Test08" time="0.009"/>
  <testcase classname="cs.ing.software.lab1.MainTest" name="Test08" time="0.0"/>
  <testcase classname="cs.ing.software.lab1.MainTest" name="Test08" time="0.0"/>
  <testcase classname="cs.ing.software.lab1.MainTest" name="Test08" time="0.001"/>
  <testcase classname="cs.ing.software.lab1.MainTest" name="Test08" time="0.0"/>
  <testcase classname="cs.ing.software.lab1.MainTest" name="Test08" time="0.0"/>
  <testcase classname="cs.ing.software.lab1.MainTest" name="Test08" time="0.0"/>
  <testcase classname="cs.ing.software.lab1.MainTest" name="Test08" time="0.0"/>
  <testcase classname="cs.ing.software.lab1.MainTest" name="Test08" time="0.0"/>
  <testcase classname="cs.ing.software.lab1.MainTest" name="Test08" time="0.0"/>
  <testcase classname="cs.ing.software.lab1.MainTest" name="Test08" time="0.002"/>
  <testcase classname="cs.ing.software.lab1.MainTest" name="Test08" time="0.0"/>
  <testcase classname="cs.ing.software.lab1.MainTest" name="Test08" time="0.014"/>
  <testcase classname="cs.ing.software.lab1.MainTest" name="Test08" time="0.0"/>
  <testcase classname="cs.ing.software.lab1.MainTest" name="Test08" time="0.0"/>
  <testcase classname="cs.ing.software.lab1.MainTest" name="Test08" time="0.015"/>
  <testcase classname="cs.ing.software.lab1.MainTest" name="Test08" time="0.001"/>
  <testcase classname="cs.ing.software.lab1.MainTest" name="Test08" time="0.015"/>
  <testcase classname="cs.ing.software.lab1.MainTest" name="Test08" time="0.015"/>
  <testcase classname="cs.ing.software.lab1.MainTest" name="Test08" time="0.0"/>
  <testcase classname="cs.ing.software.lab1.MainTest" name="Test08" time="0.016"/>
  <testcase classname="cs.ing.software.lab1.MainTest" name="Test08" time="0.0"/>
  <testcase classname="cs.ing.software.lab1.MainTest" name="Test08" time="0.0"/>
  <testcase classname="cs.ing.software.lab1.MainTest" name="Test08" time="0.0"/>
  <testcase classname="cs.ing.software.lab1.MainTest" name="Test08" time="0.0"/>
  <testcase classname="cs.ing.software.lab1.MainTest" name="Test08" time="0.0"/>
  <testcase classname="cs.ing.software.lab1.MainTest" name="Test08" time="0.018"/>
  <testcase classname="cs.ing.software.lab1.MainTest" name="Test08" time="0.0"/>
  <testcase classname="cs.ing.software.lab1.MainTest" name="Test08" time="0.019"/>
  <testcase classname="cs.ing.software.lab1.MainTest" name="Test08" time="0.018"/>
  <testcase classname="cs.ing.software.lab1.MainTest" name="Test08" time="0.019"/>
  <testcase classname="cs.ing.software.lab1.MainTest" name="Test08" time="0.001"/>
  <testcase classname="cs.ing.software.lab1.MainTest" name="Test08" time="0.0"/>
  <testcase classname="cs.ing.software.lab1.MainTest" name="Test08" time="0.0"/>
  <testcase classname="cs.ing.software.lab1.MainTest" name="Test08" time="0.02"/>
  <testcase classname="cs.ing.software.lab1.MainTest" name="Test08" time="0.001"/>
  <testcase classname="cs.ing.software.lab1.MainTest" name="Test08" time="0.0"/>
  <testcase classname="cs.ing.software.lab1.MainTest" name="Test08" time="0.0"/>
  <testcase classname="cs.ing.software.lab1.MainTest" name="Test08" time="0.0"/>
  <testcase classname="cs.ing.software.lab1.MainTest" name="Test08" time="0.022"/>
  <testcase classname="cs.ing.software.lab1.MainTest" name="Test08" time="0.0"/>
  <testcase classname="cs.ing.software.lab1.MainTest" name="Test08" time="0.0"/>
  <testcase classname="cs.ing.software.lab1.MainTest" name="Test08" time="0.0"/>
  <testcase classname="cs.ing.software.lab1.MainTest" name="Test08" time="0.0"/>
  <testcase classname="cs.ing.software.lab1.MainTest" name="Test08" time="0.0"/>
  <testcase classname="cs.ing.software.lab1.MainTest" name="Test08" time="0.0"/>
  <testcase classname="cs.ing.software.lab1.MainTest" name="Test08" time="0.0"/>
  <testcase classname="cs.ing.software.lab1.MainTest" name="Test08" time="0.023"/>
  <testcase classname="cs.ing.software.lab1.MainTest" name="Test08" time="0.025"/>
  <testcase classname="cs.ing.software.lab1.MainTest" name="Test08" time="0.001"/>
  <testcase classname="cs.ing.software.lab1.MainTest" name="Test08" time="0.0"/>
  <testcase classname="cs.ing.software.lab1.MainTest" name="Test08" time="0.028"/>
  <testcase classname="cs.ing.software.lab1.MainTest" name="Test08" time="0.0"/>
  <testcase classname="cs.ing.software.lab1.MainTest" name="Test08" time="0.029"/>
  <testcase classname="cs.ing.software.lab1.MainTest" name="Test08" time="0.0"/>
  <testcase classname="cs.ing.software.lab1.MainTest" name="Test08" time="0.0"/>
  <testcase classname="cs.ing.software.lab1.MainTest" name="Test08" time="0.0"/>
  <testcase classname="cs.ing.software.lab1.MainTest" name="Test08" time="0.0"/>
  <testcase classname="cs.ing.software.lab1.MainTest" name="Test08" time="0.0"/>
  <testcase classname="cs.ing.software.lab1.MainTest" name="Test08" time="0.0"/>
  <testcase classname="cs.ing.software.lab1.MainTest" name="Test08" time="0.0"/>
  <testcase classname="cs.ing.software.lab1.MainTest" name="Test08" time="0.0"/>
  <testcase classname="cs.ing.software.lab1.MainTest" name="Test08" time="0.0"/>
  <testcase classname="cs.ing.software.lab1.MainTest" name="Test08" time="0.0"/>
  <testcase classname="cs.ing.software.lab1.MainTest" name="Test08" time="0.0"/>
  <testcase classname="cs.ing.software.lab1.MainTest" name="Test08" time="0.0"/>
  <testcase classname="cs.ing.software.lab1.MainTest" name="Test08" time="0.0"/>
  <testcase classname="cs.ing.software.lab1.MainTest" name="Test08" time="0.033"/>
  <testcase classname="cs.ing.software.lab1.MainTest" name="Test08" time="0.0"/>
  <testcase classname="cs.ing.software.lab1.MainTest" name="Test08" time="0.033"/>
  <testcase classname="cs.ing.software.lab1.MainTest" name="Test08" time="0.034"/>
  <testcase classname="cs.ing.software.lab1.MainTest" name="Test08" time="0.001"/>
  <testcase classname="cs.ing.software.lab1.MainTest" name="Test08" time="0.0"/>
  <testcase classname="cs.ing.software.lab1.MainTest" name="Test08" time="0.0"/>
  <testcase classname="cs.ing.software.lab1.MainTest" name="Test08" time="0.0"/>
  <testcase classname="cs.ing.software.lab1.MainTest" name="Test08" time="0.0"/>
  <testcase classname="cs.ing.software.lab1.MainTest" name="Test08" time="0.0"/>
  <testcase classname="cs.ing.software.lab1.MainTest" name="Test08" time="0.001"/>
  <testcase classname="cs.ing.software.lab1.MainTest" name="Test08" time="0.0"/>
  <testcase classname="cs.ing.software.lab1.MainTest" name="Test08" time="0.001"/>
  <testcase classname="cs.ing.software.lab1.MainTest" name="Test08" time="0.0"/>
  <testcase classname="cs.ing.software.lab1.MainTest" name="Test08" time="0.0"/>
  <testcase classname="cs.ing.software.lab1.MainTest" name="Test08" time="0.0"/>
  <testcase classname="cs.ing.software.lab1.MainTest" name="Test08" time="0.0"/>
  <testcase classname="cs.ing.software.lab1.MainTest" name="Test08" time="0.001"/>
  <testcase classname="cs.ing.software.lab1.MainTest" name="Test08" time="0.0"/>
  <testcase classname="cs.ing.software.lab1.MainTest" name="Test08" time="0.0"/>
  <testcase classname="cs.ing.software.lab1.MainTest" name="Test08" time="0.0"/>
  <testcase classname="cs.ing.software.lab1.MainTest" name="Test08" time="0.0"/>
  <testcase classname="cs.ing.software.lab1.MainTest" name="Test08" time="0.001"/>
  <testcase classname="cs.ing.software.lab1.MainTest" name="Test08" time="0.001"/>
  <testcase classname="cs.ing.software.lab1.MainTest" name="Test08" time="0.0"/>
  <testcase classname="cs.ing.software.lab1.MainTest" name="Test08" time="0.0"/>
  <testcase classname="cs.ing.software.lab1.MainTest" name="Test08" time="0.0"/>
  <testcase classname="cs.ing.software.lab1.MainTest" name="Test08" time="0.0"/>
  <testcase classname="cs.ing.software.lab1.MainTest" name="Test08" time="0.0"/>
  <testcase classname="cs.ing.software.lab1.MainTest" name="Test08" time="0.0"/>
  <testcase classname="cs.ing.software.lab1.MainTest" name="Test08" time="0.0"/>
  <testcase classname="cs.ing.software.lab1.MainTest" name="Test08" time="0.0"/>
  <testcase classname="cs.ing.software.lab1.MainTest" name="Test08" time="0.001"/>
  <testcase classname="cs.ing.software.lab1.MainTest" name="Test08" time="0.0"/>
  <testcase classname="cs.ing.software.lab1.MainTest" name="Test08" time="0.001"/>
  <testcase classname="cs.ing.software.lab1.MainTest" name="Test08" time="0.001"/>
  <testcase classname="cs.ing.software.lab1.MainTest" name="Test08" time="0.0"/>
  <testcase classname="cs.ing.software.lab1.MainTest" name="Test08" time="0.0"/>
  <testcase classname="cs.ing.software.lab1.MainTest" name="Test08" time="0.0"/>
  <testcase classname="cs.ing.software.lab1.MainTest" name="Test08" time="0.0"/>
  <testcase classname="cs.ing.software.lab1.MainTest" name="Test08" time="0.0"/>
  <testcase classname="cs.ing.software.lab1.MainTest" name="Test08" time="0.0"/>
  <testcase classname="cs.ing.software.lab1.MainTest" name="Test08" time="0.045"/>
  <testcase classname="cs.ing.software.lab1.MainTest" name="Test08" time="0.0"/>
  <testcase classname="cs.ing.software.lab1.MainTest" name="Test08" time="0.0"/>
  <testcase classname="cs.ing.software.lab1.MainTest" name="Test08" time="0.0"/>
  <testcase classname="cs.ing.software.lab1.MainTest" name="Test08" time="0.0"/>
  <testcase classname="cs.ing.software.lab1.MainTest" name="Test08" time="0.046"/>
  <testcase classname="cs.ing.software.lab1.MainTest" name="Test08" time="0.0"/>
  <testcase classname="cs.ing.software.lab1.MainTest" name="Test08" time="0.0"/>
  <testcase classname="cs.ing.software.lab1.MainTest" name="Test08" time="0.001"/>
  <testcase classname="cs.ing.software.lab1.MainTest" name="Test08" time="0.0"/>
  <testcase classname="cs.ing.software.lab1.MainTest" name="Test08" time="0.0"/>
  <testcase classname="cs.ing.software.lab1.MainTest" name="Test08" time="0.0"/>
  <testcase classname="cs.ing.software.lab1.MainTest" name="Test08" time="0.001"/>
  <testcase classname="cs.ing.software.lab1.MainTest" name="Test08" time="0.0"/>
  <testcase classname="cs.ing.software.lab1.MainTest" name="Test08" time="0.001"/>
  <testcase classname="cs.ing.software.lab1.MainTest" name="Test08" time="0.052"/>
  <testcase classname="cs.ing.software.lab1.MainTest" name="Test08" time="0.052"/>
  <testcase classname="cs.ing.software.lab1.MainTest" name="Test08" time="0.052"/>
  <testcase classname="cs.ing.software.lab1.MainTest" name="Test08" time="0.0"/>
  <testcase classname="cs.ing.software.lab1.MainTest" name="Test08" time="0.0"/>
  <testcase classname="cs.ing.software.lab1.MainTest" name="Test08" time="0.0"/>
  <testcase classname="cs.ing.software.lab1.MainTest" name="Test08" time="0.0"/>
  <testcase classname="cs.ing.software.lab1.MainTest" name="Test08" time="0.0"/>
  <testcase classname="cs.ing.software.lab1.MainTest" name="Test08" time="0.0"/>
  <testcase classname="cs.ing.software.lab1.MainTest" name="Test08" time="0.0"/>
  <testcase classname="cs.ing.software.lab1.MainTest" name="Test08" time="0.0"/>
  <testcase classname="cs.ing.software.lab1.MainTest" name="Test08" time="0.001"/>
  <testcase classname="cs.ing.software.lab1.MainTest" name="Test08" time="0.056"/>
  <testcase classname="cs.ing.software.lab1.MainTest" name="Test08" time="0.0"/>
  <testcase classname="cs.ing.software.lab1.MainTest" name="Test08" time="0.001"/>
  <testcase classname="cs.ing.software.lab1.MainTest" name="Test08" time="0.0"/>
  <testcase classname="cs.ing.software.lab1.MainTest" name="Test08" time="0.0"/>
  <testcase classname="cs.ing.software.lab1.MainTest" name="Test08" time="0.001"/>
  <testcase classname="cs.ing.software.lab1.MainTest" name="Test08" time="0.0"/>
  <testcase classname="cs.ing.software.lab1.MainTest" name="Test08" time="0.0"/>
  <testcase classname="cs.ing.software.lab1.MainTest" name="Test08" time="0.06"/>
  <testcase classname="cs.ing.software.lab1.MainTest" name="Test08" time="0.06"/>
  <testcase classname="cs.ing.software.lab1.MainTest" name="Test08" time="0.0"/>
  <testcase classname="cs.ing.software.lab1.MainTest" name="Test08" time="0.0"/>
  <testcase classname="cs.ing.software.lab1.MainTest" name="Test08" time="0.06"/>
  <testcase classname="cs.ing.software.lab1.MainTest" name="Test08" time="0.062"/>
  <testcase classname="cs.ing.software.lab1.MainTest" name="Test08" time="0.062"/>
  <testcase classname="cs.ing.software.lab1.MainTest" name="Test08" time="0.0"/>
  <testcase classname="cs.ing.software.lab1.MainTest" name="Test08" time="0.001"/>
  <testcase classname="cs.ing.software.lab1.MainTest" name="Test08" time="0.064"/>
  <testcase classname="cs.ing.software.lab1.MainTest" name="Test08" time="0.0"/>
  <testcase classname="cs.ing.software.lab1.MainTest" name="Test08" time="0.0"/>
  <testcase classname="cs.ing.software.lab1.MainTest" name="Test08" time="0.0"/>
  <testcase classname="cs.ing.software.lab1.MainTest" name="Test08" time="0.065"/>
  <testcase classname="cs.ing.software.lab1.MainTest" name="Test08" time="0.065"/>
  <testcase classname="cs.ing.software.lab1.MainTest" name="Test08" time="0.0"/>
  <testcase classname="cs.ing.software.lab1.MainTest" name="Test08" time="0.0"/>
  <testcase classname="cs.ing.software.lab1.MainTest" name="Test08" time="0.0"/>
  <testcase classname="cs.ing.software.lab1.MainTest" name="Test08" time="0.001"/>
  <testcase classname="cs.ing.software.lab1.MainTest" name="Test08" time="0.0"/>
  <testcase classname="cs.ing.software.lab1.MainTest" name="Test08" time="0.0"/>
  <testcase classname="cs.ing.software.lab1.MainTest" name="Test08" time="0.0"/>
  <testcase classname="cs.ing.software.lab1.MainTest" name="Test08" time="0.0"/>
  <testcase classname="cs.ing.software.lab1.MainTest" name="Test08" time="0.0"/>
  <testcase classname="cs.ing.software.lab1.MainTest" name="Test08" time="0.0"/>
  <testcase classname="cs.ing.software.lab1.MainTest" name="Test08" time="0.0"/>
  <testcase classname="cs.ing.software.lab1.MainTest" name="Test08" time="0.0"/>
  <testcase classname="cs.ing.software.lab1.MainTest" name="Test08" time="0.0"/>
  <testcase classname="cs.ing.software.lab1.MainTest" name="Test08" time="0.0"/>
  <testcase classname="cs.ing.software.lab1.MainTest" name="Test08" time="0.0"/>
  <testcase classname="cs.ing.software.lab1.MainTest" name="Test08" time="0.0"/>
  <testcase classname="cs.ing.software.lab1.MainTest" name="Test08" time="0.0"/>
  <testcase classname="cs.ing.software.lab1.MainTest" name="Test08" time="0.0"/>
  <testcase classname="cs.ing.software.lab1.MainTest" name="Test08" time="0.0"/>
  <testcase classname="cs.ing.software.lab1.MainTest" name="Test08" time="0.001"/>
  <testcase classname="cs.ing.software.lab1.MainTest" name="Test08" time="0.07"/>
  <testcase classname="cs.ing.software.lab1.MainTest" name="Test08" time="0.071"/>
  <testcase classname="cs.ing.software.lab1.MainTest" name="Test08" time="0.0"/>
  <testcase classname="cs.ing.software.lab1.MainTest" name="Test08" time="0.0"/>
  <testcase classname="cs.ing.software.lab1.MainTest" name="Test08" time="0.071"/>
  <testcase classname="cs.ing.software.lab1.MainTest" name="Test08" time="0.073"/>
  <testcase classname="cs.ing.software.lab1.MainTest" name="Test08" time="0.0"/>
  <testcase classname="cs.ing.software.lab1.MainTest" name="Test08" time="0.0"/>
  <testcase classname="cs.ing.software.lab1.MainTest" name="Test08" time="0.002"/>
  <testcase classname="cs.ing.software.lab1.MainTest" name="Test08" time="0.001"/>
  <testcase classname="cs.ing.software.lab1.MainTest" name="Test08" time="0.0"/>
  <testcase classname="cs.ing.software.lab1.MainTest" name="Test08" time="0.003"/>
  <testcase classname="cs.ing.software.lab1.MainTest" name="Test08" time="0.001"/>
  <testcase classname="cs.ing.software.lab1.MainTest" name="Test08" time="0.007"/>
  <testcase classname="cs.ing.software.lab1.MainTest" name="Test08" time="0.001"/>
  <testcase classname="cs.ing.software.lab1.MainTest" name="Test08" time="0.0"/>
  <testcase classname="cs.ing.software.lab1.MainTest" name="Test08" time="0.008"/>
  <testcase classname="cs.ing.software.lab1.MainTest" name="Test08" time="0.008"/>
  <testcase classname="cs.ing.software.lab1.MainTest" name="Test08" time="0.001"/>
  <testcase classname="cs.ing.software.lab1.MainTest" name="Test08" time="0.0"/>
  <testcase classname="cs.ing.software.lab1.MainTest" name="Test08" time="0.0"/>
  <testcase classname="cs.ing.software.lab1.MainTest" name="Test08" time="0.0"/>
  <testcase classname="cs.ing.software.lab1.MainTest" name="Test08" time="0.0"/>
  <testcase classname="cs.ing.software.lab1.MainTest" name="Test08" time="0.0"/>
  <testcase classname="cs.ing.software.lab1.MainTest" name="Test08" time="0.0"/>
  <testcase classname="cs.ing.software.lab1.MainTest" name="Test08" time="0.0"/>
  <testcase classname="cs.ing.software.lab1.MainTest" name="Test08" time="0.0"/>
  <testcase classname="cs.ing.software.lab1.MainTest" name="Test08" time="0.001"/>
  <testcase classname="cs.ing.software.lab1.MainTest" name="Test08" time="0.0"/>
  <testcase classname="cs.ing.software.lab1.MainTest" name="Test08" time="0.0"/>
  <testcase classname="cs.ing.software.lab1.MainTest" name="Test08" time="0.0"/>
  <testcase classname="cs.ing.software.lab1.MainTest" name="Test08" time="0.0"/>
  <testcase classname="cs.ing.software.lab1.MainTest" name="Test08" time="0.001"/>
  <testcase classname="cs.ing.software.lab1.MainTest" name="Test08" time="0.001"/>
  <testcase classname="cs.ing.software.lab1.MainTest" name="Test08" time="0.013"/>
  <testcase classname="cs.ing.software.lab1.MainTest" name="Test08" time="0.014"/>
  <testcase classname="cs.ing.software.lab1.MainTest" name="Test08" time="0.0"/>
  <testcase classname="cs.ing.software.lab1.MainTest" name="Test08" time="0.013"/>
  <testcase classname="cs.ing.software.lab1.MainTest" name="Test08" time="0.0"/>
  <testcase classname="cs.ing.software.lab1.MainTest" name="Test08" time="0.0"/>
  <testcase classname="cs.ing.software.lab1.MainTest" name="Test08" time="0.001"/>
  <testcase classname="cs.ing.software.lab1.MainTest" name="Test08" time="0.0"/>
  <testcase classname="cs.ing.software.lab1.MainTest" name="Test08" time="0.0"/>
  <testcase classname="cs.ing.software.lab1.MainTest" name="Test08" time="0.0"/>
  <testcase classname="cs.ing.software.lab1.MainTest" name="Test08" time="0.001"/>
  <testcase classname="cs.ing.software.lab1.MainTest" name="Test08" time="0.017"/>
  <testcase classname="cs.ing.software.lab1.MainTest" name="Test08" time="0.0"/>
  <testcase classname="cs.ing.software.lab1.MainTest" name="Test08" time="0.0"/>
  <testcase classname="cs.ing.software.lab1.MainTest" name="Test08" time="0.0"/>
  <testcase classname="cs.ing.software.lab1.MainTest" name="Test08" time="0.001"/>
  <testcase classname="cs.ing.software.lab1.MainTest" name="Test08" time="0.0"/>
  <testcase classname="cs.ing.software.lab1.MainTest" name="Test08" time="0.0"/>
  <testcase classname="cs.ing.software.lab1.MainTest" name="Test08" time="0.02"/>
  <testcase classname="cs.ing.software.lab1.MainTest" name="Test08" time="0.0"/>
  <testcase classname="cs.ing.software.lab1.MainTest" name="Test08" time="0.001"/>
  <testcase classname="cs.ing.software.lab1.MainTest" name="Test08" time="0.0"/>
  <testcase classname="cs.ing.software.lab1.MainTest" name="Test08" time="0.0"/>
  <testcase classname="cs.ing.software.lab1.MainTest" name="Test08" time="0.0"/>
  <testcase classname="cs.ing.software.lab1.MainTest" name="Test08" time="0.0"/>
  <testcase classname="cs.ing.software.lab1.MainTest" name="Test08" time="0.023"/>
  <testcase classname="cs.ing.software.lab1.MainTest" name="Test08" time="0.026"/>
  <testcase classname="cs.ing.software.lab1.MainTest" name="Test08" time="0.0"/>
  <testcase classname="cs.ing.software.lab1.MainTest" name="Test08" time="0.0"/>
  <testcase classname="cs.ing.software.lab1.MainTest" name="Test08" time="0.001"/>
  <testcase classname="cs.ing.software.lab1.MainTest" name="Test08" time="0.027"/>
  <testcase classname="cs.ing.software.lab1.MainTest" name="Test08" time="0.0"/>
  <testcase classname="cs.ing.software.lab1.MainTest" name="Test08" time="0.001"/>
  <testcase classname="cs.ing.software.lab1.MainTest" name="Test08" time="0.001"/>
  <testcase classname="cs.ing.software.lab1.MainTest" name="Test08" time="0.0"/>
  <testcase classname="cs.ing.software.lab1.MainTest" name="Test08" time="0.029"/>
  <testcase classname="cs.ing.software.lab1.MainTest" name="Test08" time="0.03"/>
  <testcase classname="cs.ing.software.lab1.MainTest" name="Test08" time="0.0"/>
  <testcase classname="cs.ing.software.lab1.MainTest" name="Test08" time="0.001"/>
  <testcase classname="cs.ing.software.lab1.MainTest" name="Test08" time="0.001"/>
  <testcase classname="cs.ing.software.lab1.MainTest" name="Test08" time="0.032"/>
  <testcase classname="cs.ing.software.lab1.MainTest" name="Test08" time="0.0"/>
  <testcase classname="cs.ing.software.lab1.MainTest" name="Test08" time="0.0"/>
  <testcase classname="cs.ing.software.lab1.MainTest" name="Test08" time="0.001"/>
  <testcase classname="cs.ing.software.lab1.MainTest" name="Test08" time="0.001"/>
  <testcase classname="cs.ing.software.lab1.MainTest" name="Test08" time="0.0"/>
  <testcase classname="cs.ing.software.lab1.MainTest" name="Test08" time="0.001"/>
  <testcase classname="cs.ing.software.lab1.MainTest" name="Test08" time="0.0"/>
  <testcase classname="cs.ing.software.lab1.MainTest" name="Test08" time="0.0"/>
  <testcase classname="cs.ing.software.lab1.MainTest" name="Test08" time="0.0"/>
  <testcase classname="cs.ing.software.lab1.MainTest" name="Test08" time="0.039"/>
  <testcase classname="cs.ing.software.lab1.MainTest" name="Test08" time="0.0"/>
  <testcase classname="cs.ing.software.lab1.MainTest" name="Test08" time="0.0"/>
  <testcase classname="cs.ing.software.lab1.MainTest" name="Test08" time="0.0"/>
  <testcase classname="cs.ing.software.lab1.MainTest" name="Test08" time="0.0"/>
  <testcase classname="cs.ing.software.lab1.MainTest" name="Test08" time="0.0"/>
  <testcase classname="cs.ing.software.lab1.MainTest" name="Test08" time="0.0"/>
  <testcase classname="cs.ing.software.lab1.MainTest" name="Test08" time="0.0"/>
  <testcase classname="cs.ing.software.lab1.MainTest" name="Test08" time="0.0"/>
  <testcase classname="cs.ing.software.lab1.MainTest" name="Test08" time="0.0"/>
  <testcase classname="cs.ing.software.lab1.MainTest" name="Test08" time="0.0"/>
  <testcase classname="cs.ing.software.lab1.MainTest" name="Test08" time="0.049"/>
  <testcase classname="cs.ing.software.lab1.MainTest" name="Test08" time="0.0"/>
  <testcase classname="cs.ing.software.lab1.MainTest" name="Test08" time="0.05"/>
  <testcase classname="cs.ing.software.lab1.MainTest" name="Test08" time="0.001"/>
  <testcase classname="cs.ing.software.lab1.MainTest" name="Test08" time="0.0"/>
  <testcase classname="cs.ing.software.lab1.MainTest" name="Test08" time="0.0"/>
  <testcase classname="cs.ing.software.lab1.MainTest" name="Test08" time="0.0"/>
  <testcase classname="cs.ing.software.lab1.MainTest" name="Test08" time="0.0"/>
  <testcase classname="cs.ing.software.lab1.MainTest" name="Test08" time="0.0"/>
  <testcase classname="cs.ing.software.lab1.MainTest" name="Test08" time="0.0"/>
  <testcase classname="cs.ing.software.lab1.MainTest" name="Test08" time="0.0"/>
  <testcase classname="cs.ing.software.lab1.MainTest" name="Test08" time="0.001"/>
  <testcase classname="cs.ing.software.lab1.MainTest" name="Test08" time="0.0"/>
  <testcase classname="cs.ing.software.lab1.MainTest" name="Test08" time="0.0"/>
  <testcase classname="cs.ing.software.lab1.MainTest" name="Test08" time="0.0"/>
  <testcase classname="cs.ing.software.lab1.MainTest" name="Test08" time="0.0"/>
  <testcase classname="cs.ing.software.lab1.MainTest" name="Test08" time="0.0"/>
  <testcase classname="cs.ing.software.lab1.MainTest" name="Test08" time="0.057"/>
  <testcase classname="cs.ing.software.lab1.MainTest" name="Test08" time="0.058"/>
  <testcase classname="cs.ing.software.lab1.MainTest" name="Test08" time="0.061"/>
  <testcase classname="cs.ing.software.lab1.MainTest" name="Test08" time="0.062"/>
  <testcase classname="cs.ing.software.lab1.MainTest" name="Test08" time="0.062"/>
  <testcase classname="cs.ing.software.lab1.MainTest" name="Test08" time="0.063"/>
  <testcase classname="cs.ing.software.lab1.MainTest" name="Test08" time="0.064"/>
  <testcase classname="cs.ing.software.lab1.MainTest" name="Test08" time="0.064"/>
  <testcase classname="cs.ing.software.lab1.MainTest" name="Test08" time="0.066"/>
  <testcase classname="cs.ing.software.lab1.MainTest" name="Test08" time="0.067"/>
  <testcase classname="cs.ing.software.lab1.MainTest" name="Test08" time="0.067"/>
  <testcase classname="cs.ing.software.lab1.MainTest" name="Test08" time="0.067"/>
  <testcase classname="cs.ing.software.lab1.MainTest" name="Test08" time="0.067"/>
  <testcase classname="cs.ing.software.lab1.MainTest" name="Test08" time="0.07"/>
  <testcase classname="cs.ing.software.lab1.MainTest" name="Test08" time="0.072"/>
  <testcase classname="cs.ing.software.lab1.MainTest" name="Test08" time="0.072"/>
  <testcase classname="cs.ing.software.lab1.MainTest" name="Test08" time="0.073"/>
  <testcase classname="cs.ing.software.lab1.MainTest" name="Test08" time="0.004"/>
  <testcase classname="cs.ing.software.lab1.MainTest" name="Test08" time="0.008"/>
  <testcase classname="cs.ing.software.lab1.MainTest" name="Test08" time="0.009"/>
  <testcase classname="cs.ing.software.lab1.MainTest" name="Test08" time="0.011"/>
  <testcase classname="cs.ing.software.lab1.MainTest" name="Test08" time="0.013"/>
  <testcase classname="cs.ing.software.lab1.MainTest" name="Test08" time="0.013"/>
  <testcase classname="cs.ing.software.lab1.MainTest" name="Test08" time="0.015"/>
  <testcase classname="cs.ing.software.lab1.MainTest" name="Test08" time="0.017"/>
  <testcase classname="cs.ing.software.lab1.MainTest" name="Test08" time="0.019"/>
  <testcase classname="cs.ing.software.lab1.MainTest" name="Test08" time="0.018"/>
  <testcase classname="cs.ing.software.lab1.MainTest" name="Test08" time="0.021"/>
  <testcase classname="cs.ing.software.lab1.MainTest" name="Test08" time="0.021"/>
  <testcase classname="cs.ing.software.lab1.MainTest" name="Test08" time="0.022"/>
  <testcase classname="cs.ing.software.lab1.MainTest" name="Test08" time="0.025"/>
  <testcase classname="cs.ing.software.lab1.MainTest" name="Test08" time="0.032"/>
  <testcase classname="cs.ing.software.lab1.MainTest" name="Test08" time="0.032"/>
  <testcase classname="cs.ing.software.lab1.MainTest" name="Test08" time="0.032"/>
  <testcase classname="cs.ing.software.lab1.MainTest" name="Test08" time="0.033"/>
  <testcase classname="cs.ing.software.lab1.MainTest" name="Test08" time="0.033"/>
  <testcase classname="cs.ing.software.lab1.MainTest" name="Test08" time="0.033"/>
</testsuite> <!-- Command line test -->
