<?xml version="1.0" encoding="UTF-8"?>
<testng-results ignored="0" total="1007" passed="1007" failed="0" skipped="0">
  <reporter-output>
  </reporter-output>
  <suite started-at="2021-09-15T01:31:18 COT" name="cs.ing.software.lab1.MainTest" finished-at="2021-09-15T01:31:18 COT" duration-ms="631">
    <groups>
    </groups>
    <test started-at="2021-09-15T01:31:18 COT" name="Command line test" finished-at="2021-09-15T01:31:18 COT" duration-ms="631">
      <class name="cs.ing.software.lab1.MainTest">
        <test-method signature="Test01()[pri:0, instance:cs.ing.software.lab1.MainTest@1976f537]" started-at="2021-09-15T01:31:18 COT" name="Test01" finished-at="2021-09-15T01:31:18 COT" duration-ms="27" status="PASS">
          <reporter-output>
          </reporter-output>
        </test-method> <!-- Test01 -->
        <test-method signature="Test02()[pri:0, instance:cs.ing.software.lab1.MainTest@1976f537]" started-at="2021-09-15T01:31:18 COT" name="Test02" finished-at="2021-09-15T01:31:18 COT" duration-ms="1" status="PASS">
          <reporter-output>
          </reporter-output>
        </test-method> <!-- Test02 -->
        <test-method signature="Test03()[pri:0, instance:cs.ing.software.lab1.MainTest@1976f537]" started-at="2021-09-15T01:31:18 COT" name="Test03" finished-at="2021-09-15T01:31:18 COT" duration-ms="0" status="PASS">
          <reporter-output>
          </reporter-output>
        </test-method> <!-- Test03 -->
        <test-method signature="Test04()[pri:0, instance:cs.ing.software.lab1.MainTest@1976f537]" started-at="2021-09-15T01:31:18 COT" name="Test04" finished-at="2021-09-15T01:31:18 COT" duration-ms="1" status="PASS">
          <reporter-output>
          </reporter-output>
        </test-method> <!-- Test04 -->
        <test-method signature="Test05()[pri:0, instance:cs.ing.software.lab1.MainTest@1976f537]" started-at="2021-09-15T01:31:18 COT" name="Test05" finished-at="2021-09-15T01:31:18 COT" duration-ms="2" status="PASS">
          <reporter-output>
          </reporter-output>
        </test-method> <!-- Test05 -->
        <test-method signature="Test06()[pri:0, instance:cs.ing.software.lab1.MainTest@1976f537]" started-at="2021-09-15T01:31:18 COT" name="Test06" finished-at="2021-09-15T01:31:18 COT" duration-ms="0" status="PASS">
          <reporter-output>
          </reporter-output>
        </test-method> <!-- Test06 -->
        <test-method signature="Test07()[pri:0, instance:cs.ing.software.lab1.MainTest@1976f537]" started-at="2021-09-15T01:31:18 COT" name="Test07" finished-at="2021-09-15T01:31:18 COT" duration-ms="0" status="PASS">
          <reporter-output>
          </reporter-output>
        </test-method> <!-- Test07 -->
        <test-method signature="Test08()[pri:0, instance:cs.ing.software.lab1.MainTest@1976f537]" started-at="2021-09-15T01:31:18 COT" name="Test08" finished-at="2021-09-15T01:31:18 COT" duration-ms="2" status="PASS">
          <reporter-output>
          </reporter-output>
        </test-method> <!-- Test08 -->
        <test-method signature="Test08()[pri:0, instance:cs.ing.software.lab1.MainTest@1976f537]" started-at="2021-09-15T01:31:18 COT" name="Test08" finished-at="2021-09-15T01:31:18 COT" duration-ms="0" status="PASS">
          <reporter-output>
          </reporter-output>
        </test-method> <!-- Test08 -->
        <test-method signature="Test08()[pri:0, instance:cs.ing.software.lab1.MainTest@1976f537]" started-at="2021-09-15T01:31:18 COT" name="Test08" finished-at="2021-09-15T01:31:18 COT" duration-ms="0" status="PASS">
          <reporter-output>
          </reporter-output>
        </test-method> <!-- Test08 -->
        <test-method signature="Test08()[pri:0, instance:cs.ing.software.lab1.MainTest@1976f537]" started-at="2021-09-15T01:31:18 COT" name="Test08" finished-at="2021-09-15T01:31:18 COT" duration-ms="0" status="PASS">
          <reporter-output>
          </reporter-output>
        </test-method> <!-- Test08 -->
        <test-method signature="Test08()[pri:0, instance:cs.ing.software.lab1.MainTest@1976f537]" started-at="2021-09-15T01:31:18 COT" name="Test08" finished-at="2021-09-15T01:31:18 COT" duration-ms="0" status="PASS">
          <reporter-output>
          </reporter-output>
        </test-method> <!-- Test08 -->
        <test-method signature="Test08()[pri:0, instance:cs.ing.software.lab1.MainTest@1976f537]" started-at="2021-09-15T01:31:18 COT" name="Test08" finished-at="2021-09-15T01:31:18 COT" duration-ms="1" status="PASS">
          <reporter-output>
          </reporter-output>
        </test-method> <!-- Test08 -->
        <test-method signature="Test08()[pri:0, instance:cs.ing.software.lab1.MainTest@1976f537]" started-at="2021-09-15T01:31:18 COT" name="Test08" finished-at="2021-09-15T01:31:18 COT" duration-ms="0" status="PASS">
          <reporter-output>
          </reporter-output>
        </test-method> <!-- Test08 -->
        <test-method signature="Test08()[pri:0, instance:cs.ing.software.lab1.MainTest@1976f537]" started-at="2021-09-15T01:31:18 COT" name="Test08" finished-at="2021-09-15T01:31:18 COT" duration-ms="0" status="PASS">
          <reporter-output>
          </reporter-output>
        </test-method> <!-- Test08 -->
        <test-method signature="Test08()[pri:0, instance:cs.ing.software.lab1.MainTest@1976f537]" started-at="2021-09-15T01:31:18 COT" name="Test08" finished-at="2021-09-15T01:31:18 COT" duration-ms="1" status="PASS">
          <reporter-output>
          </reporter-output>
        </test-method> <!-- Test08 -->
        <test-method signature="Test08()[pri:0, instance:cs.ing.software.lab1.MainTest@1976f537]" started-at="2021-09-15T01:31:18 COT" name="Test08" finished-at="2021-09-15T01:31:18 COT" duration-ms="0" status="PASS">
          <reporter-output>
          </reporter-output>
        </test-method> <!-- Test08 -->
        <test-method signature="Test08()[pri:0, instance:cs.ing.software.lab1.MainTest@1976f537]" started-at="2021-09-15T01:31:18 COT" name="Test08" finished-at="2021-09-15T01:31:18 COT" duration-ms="0" status="PASS">
          <reporter-output>
          </reporter-output>
        </test-method> <!-- Test08 -->
        <test-method signature="Test08()[pri:0, instance:cs.ing.software.lab1.MainTest@1976f537]" started-at="2021-09-15T01:31:18 COT" name="Test08" finished-at="2021-09-15T01:31:18 COT" duration-ms="1" status="PASS">
          <reporter-output>
          </reporter-output>
        </test-method> <!-- Test08 -->
        <test-method signature="Test08()[pri:0, instance:cs.ing.software.lab1.MainTest@1976f537]" started-at="2021-09-15T01:31:18 COT" name="Test08" finished-at="2021-09-15T01:31:18 COT" duration-ms="0" status="PASS">
          <reporter-output>
          </reporter-output>
        </test-method> <!-- Test08 -->
        <test-method signature="Test08()[pri:0, instance:cs.ing.software.lab1.MainTest@1976f537]" started-at="2021-09-15T01:31:18 COT" name="Test08" finished-at="2021-09-15T01:31:18 COT" duration-ms="2" status="PASS">
          <reporter-output>
          </reporter-output>
        </test-method> <!-- Test08 -->
        <test-method signature="Test08()[pri:0, instance:cs.ing.software.lab1.MainTest@1976f537]" started-at="2021-09-15T01:31:18 COT" name="Test08" finished-at="2021-09-15T01:31:18 COT" duration-ms="0" status="PASS">
          <reporter-output>
          </reporter-output>
        </test-method> <!-- Test08 -->
        <test-method signature="Test08()[pri:0, instance:cs.ing.software.lab1.MainTest@1976f537]" started-at="2021-09-15T01:31:18 COT" name="Test08" finished-at="2021-09-15T01:31:18 COT" duration-ms="0" status="PASS">
          <reporter-output>
          </reporter-output>
        </test-method> <!-- Test08 -->
        <test-method signature="Test08()[pri:0, instance:cs.ing.software.lab1.MainTest@1976f537]" started-at="2021-09-15T01:31:18 COT" name="Test08" finished-at="2021-09-15T01:31:18 COT" duration-ms="6" status="PASS">
          <reporter-output>
          </reporter-output>
        </test-method> <!-- Test08 -->
        <test-method signature="Test08()[pri:0, instance:cs.ing.software.lab1.MainTest@1976f537]" started-at="2021-09-15T01:31:18 COT" name="Test08" finished-at="2021-09-15T01:31:18 COT" duration-ms="2" status="PASS">
          <reporter-output>
          </reporter-output>
        </test-method> <!-- Test08 -->
        <test-method signature="Test08()[pri:0, instance:cs.ing.software.lab1.MainTest@1976f537]" started-at="2021-09-15T01:31:18 COT" name="Test08" finished-at="2021-09-15T01:31:18 COT" duration-ms="6" status="PASS">
          <reporter-output>
          </reporter-output>
        </test-method> <!-- Test08 -->
        <test-method signature="Test08()[pri:0, instance:cs.ing.software.lab1.MainTest@1976f537]" started-at="2021-09-15T01:31:18 COT" name="Test08" finished-at="2021-09-15T01:31:18 COT" duration-ms="1" status="PASS">
          <reporter-output>
          </reporter-output>
        </test-method> <!-- Test08 -->
        <test-method signature="Test08()[pri:0, instance:cs.ing.software.lab1.MainTest@1976f537]" started-at="2021-09-15T01:31:18 COT" name="Test08" finished-at="2021-09-15T01:31:18 COT" duration-ms="8" status="PASS">
          <reporter-output>
          </reporter-output>
        </test-method> <!-- Test08 -->
        <test-method signature="Test08()[pri:0, instance:cs.ing.software.lab1.MainTest@1976f537]" started-at="2021-09-15T01:31:18 COT" name="Test08" finished-at="2021-09-15T01:31:18 COT" duration-ms="16" status="PASS">
          <reporter-output>
          </reporter-output>
        </test-method> <!-- Test08 -->
        <test-method signature="Test08()[pri:0, instance:cs.ing.software.lab1.MainTest@1976f537]" started-at="2021-09-15T01:31:18 COT" name="Test08" finished-at="2021-09-15T01:31:18 COT" duration-ms="0" status="PASS">
          <reporter-output>
          </reporter-output>
        </test-method> <!-- Test08 -->
        <test-method signature="Test08()[pri:0, instance:cs.ing.software.lab1.MainTest@1976f537]" started-at="2021-09-15T01:31:18 COT" name="Test08" finished-at="2021-09-15T01:31:18 COT" duration-ms="0" status="PASS">
          <reporter-output>
          </reporter-output>
        </test-method> <!-- Test08 -->
        <test-method signature="Test08()[pri:0, instance:cs.ing.software.lab1.MainTest@1976f537]" started-at="2021-09-15T01:31:18 COT" name="Test08" finished-at="2021-09-15T01:31:18 COT" duration-ms="0" status="PASS">
          <reporter-output>
          </reporter-output>
        </test-method> <!-- Test08 -->
        <test-method signature="Test08()[pri:0, instance:cs.ing.software.lab1.MainTest@1976f537]" started-at="2021-09-15T01:31:18 COT" name="Test08" finished-at="2021-09-15T01:31:18 COT" duration-ms="11" status="PASS">
          <reporter-output>
          </reporter-output>
        </test-method> <!-- Test08 -->
        <test-method signature="Test08()[pri:0, instance:cs.ing.software.lab1.MainTest@1976f537]" started-at="2021-09-15T01:31:18 COT" name="Test08" finished-at="2021-09-15T01:31:18 COT" duration-ms="1" status="PASS">
          <reporter-output>
          </reporter-output>
        </test-method> <!-- Test08 -->
        <test-method signature="Test08()[pri:0, instance:cs.ing.software.lab1.MainTest@1976f537]" started-at="2021-09-15T01:31:18 COT" name="Test08" finished-at="2021-09-15T01:31:18 COT" duration-ms="0" status="PASS">
          <reporter-output>
          </reporter-output>
        </test-method> <!-- Test08 -->
        <test-method signature="Test08()[pri:0, instance:cs.ing.software.lab1.MainTest@1976f537]" started-at="2021-09-15T01:31:18 COT" name="Test08" finished-at="2021-09-15T01:31:18 COT" duration-ms="3" status="PASS">
          <reporter-output>
          </reporter-output>
        </test-method> <!-- Test08 -->
        <test-method signature="Test08()[pri:0, instance:cs.ing.software.lab1.MainTest@1976f537]" started-at="2021-09-15T01:31:18 COT" name="Test08" finished-at="2021-09-15T01:31:18 COT" duration-ms="1" status="PASS">
          <reporter-output>
          </reporter-output>
        </test-method> <!-- Test08 -->
        <test-method signature="Test08()[pri:0, instance:cs.ing.software.lab1.MainTest@1976f537]" started-at="2021-09-15T01:31:18 COT" name="Test08" finished-at="2021-09-15T01:31:18 COT" duration-ms="0" status="PASS">
          <reporter-output>
          </reporter-output>
        </test-method> <!-- Test08 -->
        <test-method signature="Test08()[pri:0, instance:cs.ing.software.lab1.MainTest@1976f537]" started-at="2021-09-15T01:31:18 COT" name="Test08" finished-at="2021-09-15T01:31:18 COT" duration-ms="0" status="PASS">
          <reporter-output>
          </reporter-output>
        </test-method> <!-- Test08 -->
        <test-method signature="Test08()[pri:0, instance:cs.ing.software.lab1.MainTest@1976f537]" started-at="2021-09-15T01:31:18 COT" name="Test08" finished-at="2021-09-15T01:31:18 COT" duration-ms="1" status="PASS">
          <reporter-output>
          </reporter-output>
        </test-method> <!-- Test08 -->
        <test-method signature="Test08()[pri:0, instance:cs.ing.software.lab1.MainTest@1976f537]" started-at="2021-09-15T01:31:18 COT" name="Test08" finished-at="2021-09-15T01:31:18 COT" duration-ms="0" status="PASS">
          <reporter-output>
          </reporter-output>
        </test-method> <!-- Test08 -->
        <test-method signature="Test08()[pri:0, instance:cs.ing.software.lab1.MainTest@1976f537]" started-at="2021-09-15T01:31:18 COT" name="Test08" finished-at="2021-09-15T01:31:18 COT" duration-ms="14" status="PASS">
          <reporter-output>
          </reporter-output>
        </test-method> <!-- Test08 -->
        <test-method signature="Test08()[pri:0, instance:cs.ing.software.lab1.MainTest@1976f537]" started-at="2021-09-15T01:31:18 COT" name="Test08" finished-at="2021-09-15T01:31:18 COT" duration-ms="0" status="PASS">
          <reporter-output>
          </reporter-output>
        </test-method> <!-- Test08 -->
        <test-method signature="Test08()[pri:0, instance:cs.ing.software.lab1.MainTest@1976f537]" started-at="2021-09-15T01:31:18 COT" name="Test08" finished-at="2021-09-15T01:31:18 COT" duration-ms="1" status="PASS">
          <reporter-output>
          </reporter-output>
        </test-method> <!-- Test08 -->
        <test-method signature="Test08()[pri:0, instance:cs.ing.software.lab1.MainTest@1976f537]" started-at="2021-09-15T01:31:18 COT" name="Test08" finished-at="2021-09-15T01:31:18 COT" duration-ms="12" status="PASS">
          <reporter-output>
          </reporter-output>
        </test-method> <!-- Test08 -->
        <test-method signature="Test08()[pri:0, instance:cs.ing.software.lab1.MainTest@1976f537]" started-at="2021-09-15T01:31:18 COT" name="Test08" finished-at="2021-09-15T01:31:18 COT" duration-ms="0" status="PASS">
          <reporter-output>
          </reporter-output>
        </test-method> <!-- Test08 -->
        <test-method signature="Test08()[pri:0, instance:cs.ing.software.lab1.MainTest@1976f537]" started-at="2021-09-15T01:31:18 COT" name="Test08" finished-at="2021-09-15T01:31:18 COT" duration-ms="1" status="PASS">
          <reporter-output>
          </reporter-output>
        </test-method> <!-- Test08 -->
        <test-method signature="Test08()[pri:0, instance:cs.ing.software.lab1.MainTest@1976f537]" started-at="2021-09-15T01:31:18 COT" name="Test08" finished-at="2021-09-15T01:31:18 COT" duration-ms="0" status="PASS">
          <reporter-output>
          </reporter-output>
        </test-method> <!-- Test08 -->
        <test-method signature="Test08()[pri:0, instance:cs.ing.software.lab1.MainTest@1976f537]" started-at="2021-09-15T01:31:18 COT" name="Test08" finished-at="2021-09-15T01:31:18 COT" duration-ms="0" status="PASS">
          <reporter-output>
          </reporter-output>
        </test-method> <!-- Test08 -->
        <test-method signature="Test08()[pri:0, instance:cs.ing.software.lab1.MainTest@1976f537]" started-at="2021-09-15T01:31:18 COT" name="Test08" finished-at="2021-09-15T01:31:18 COT" duration-ms="1" status="PASS">
          <reporter-output>
          </reporter-output>
        </test-method> <!-- Test08 -->
        <test-method signature="Test08()[pri:0, instance:cs.ing.software.lab1.MainTest@1976f537]" started-at="2021-09-15T01:31:18 COT" name="Test08" finished-at="2021-09-15T01:31:18 COT" duration-ms="1" status="PASS">
          <reporter-output>
          </reporter-output>
        </test-method> <!-- Test08 -->
        <test-method signature="Test08()[pri:0, instance:cs.ing.software.lab1.MainTest@1976f537]" started-at="2021-09-15T01:31:18 COT" name="Test08" finished-at="2021-09-15T01:31:18 COT" duration-ms="0" status="PASS">
          <reporter-output>
          </reporter-output>
        </test-method> <!-- Test08 -->
        <test-method signature="Test08()[pri:0, instance:cs.ing.software.lab1.MainTest@1976f537]" started-at="2021-09-15T01:31:18 COT" name="Test08" finished-at="2021-09-15T01:31:18 COT" duration-ms="1" status="PASS">
          <reporter-output>
          </reporter-output>
        </test-method> <!-- Test08 -->
        <test-method signature="Test08()[pri:0, instance:cs.ing.software.lab1.MainTest@1976f537]" started-at="2021-09-15T01:31:18 COT" name="Test08" finished-at="2021-09-15T01:31:18 COT" duration-ms="4" status="PASS">
          <reporter-output>
          </reporter-output>
        </test-method> <!-- Test08 -->
        <test-method signature="Test08()[pri:0, instance:cs.ing.software.lab1.MainTest@1976f537]" started-at="2021-09-15T01:31:18 COT" name="Test08" finished-at="2021-09-15T01:31:18 COT" duration-ms="0" status="PASS">
          <reporter-output>
          </reporter-output>
        </test-method> <!-- Test08 -->
        <test-method signature="Test08()[pri:0, instance:cs.ing.software.lab1.MainTest@1976f537]" started-at="2021-09-15T01:31:18 COT" name="Test08" finished-at="2021-09-15T01:31:18 COT" duration-ms="1" status="PASS">
          <reporter-output>
          </reporter-output>
        </test-method> <!-- Test08 -->
        <test-method signature="Test08()[pri:0, instance:cs.ing.software.lab1.MainTest@1976f537]" started-at="2021-09-15T01:31:18 COT" name="Test08" finished-at="2021-09-15T01:31:18 COT" duration-ms="1" status="PASS">
          <reporter-output>
          </reporter-output>
        </test-method> <!-- Test08 -->
        <test-method signature="Test08()[pri:0, instance:cs.ing.software.lab1.MainTest@1976f537]" started-at="2021-09-15T01:31:18 COT" name="Test08" finished-at="2021-09-15T01:31:18 COT" duration-ms="0" status="PASS">
          <reporter-output>
          </reporter-output>
        </test-method> <!-- Test08 -->
        <test-method signature="Test08()[pri:0, instance:cs.ing.software.lab1.MainTest@1976f537]" started-at="2021-09-15T01:31:18 COT" name="Test08" finished-at="2021-09-15T01:31:18 COT" duration-ms="0" status="PASS">
          <reporter-output>
          </reporter-output>
        </test-method> <!-- Test08 -->
        <test-method signature="Test08()[pri:0, instance:cs.ing.software.lab1.MainTest@1976f537]" started-at="2021-09-15T01:31:18 COT" name="Test08" finished-at="2021-09-15T01:31:18 COT" duration-ms="1" status="PASS">
          <reporter-output>
          </reporter-output>
        </test-method> <!-- Test08 -->
        <test-method signature="Test08()[pri:0, instance:cs.ing.software.lab1.MainTest@1976f537]" started-at="2021-09-15T01:31:18 COT" name="Test08" finished-at="2021-09-15T01:31:18 COT" duration-ms="1" status="PASS">
          <reporter-output>
          </reporter-output>
        </test-method> <!-- Test08 -->
        <test-method signature="Test08()[pri:0, instance:cs.ing.software.lab1.MainTest@1976f537]" started-at="2021-09-15T01:31:18 COT" name="Test08" finished-at="2021-09-15T01:31:18 COT" duration-ms="0" status="PASS">
          <reporter-output>
          </reporter-output>
        </test-method> <!-- Test08 -->
        <test-method signature="Test08()[pri:0, instance:cs.ing.software.lab1.MainTest@1976f537]" started-at="2021-09-15T01:31:18 COT" name="Test08" finished-at="2021-09-15T01:31:18 COT" duration-ms="0" status="PASS">
          <reporter-output>
          </reporter-output>
        </test-method> <!-- Test08 -->
        <test-method signature="Test08()[pri:0, instance:cs.ing.software.lab1.MainTest@1976f537]" started-at="2021-09-15T01:31:18 COT" name="Test08" finished-at="2021-09-15T01:31:18 COT" duration-ms="7" status="PASS">
          <reporter-output>
          </reporter-output>
        </test-method> <!-- Test08 -->
        <test-method signature="Test08()[pri:0, instance:cs.ing.software.lab1.MainTest@1976f537]" started-at="2021-09-15T01:31:18 COT" name="Test08" finished-at="2021-09-15T01:31:18 COT" duration-ms="0" status="PASS">
          <reporter-output>
          </reporter-output>
        </test-method> <!-- Test08 -->
        <test-method signature="Test08()[pri:0, instance:cs.ing.software.lab1.MainTest@1976f537]" started-at="2021-09-15T01:31:18 COT" name="Test08" finished-at="2021-09-15T01:31:18 COT" duration-ms="0" status="PASS">
          <reporter-output>
          </reporter-output>
        </test-method> <!-- Test08 -->
        <test-method signature="Test08()[pri:0, instance:cs.ing.software.lab1.MainTest@1976f537]" started-at="2021-09-15T01:31:18 COT" name="Test08" finished-at="2021-09-15T01:31:18 COT" duration-ms="0" status="PASS">
          <reporter-output>
          </reporter-output>
        </test-method> <!-- Test08 -->
        <test-method signature="Test08()[pri:0, instance:cs.ing.software.lab1.MainTest@1976f537]" started-at="2021-09-15T01:31:18 COT" name="Test08" finished-at="2021-09-15T01:31:18 COT" duration-ms="3" status="PASS">
          <reporter-output>
          </reporter-output>
        </test-method> <!-- Test08 -->
        <test-method signature="Test08()[pri:0, instance:cs.ing.software.lab1.MainTest@1976f537]" started-at="2021-09-15T01:31:18 COT" name="Test08" finished-at="2021-09-15T01:31:18 COT" duration-ms="3" status="PASS">
          <reporter-output>
          </reporter-output>
        </test-method> <!-- Test08 -->
        <test-method signature="Test08()[pri:0, instance:cs.ing.software.lab1.MainTest@1976f537]" started-at="2021-09-15T01:31:18 COT" name="Test08" finished-at="2021-09-15T01:31:18 COT" duration-ms="1" status="PASS">
          <reporter-output>
          </reporter-output>
        </test-method> <!-- Test08 -->
        <test-method signature="Test08()[pri:0, instance:cs.ing.software.lab1.MainTest@1976f537]" started-at="2021-09-15T01:31:18 COT" name="Test08" finished-at="2021-09-15T01:31:18 COT" duration-ms="4" status="PASS">
          <reporter-output>
          </reporter-output>
        </test-method> <!-- Test08 -->
        <test-method signature="Test08()[pri:0, instance:cs.ing.software.lab1.MainTest@1976f537]" started-at="2021-09-15T01:31:18 COT" name="Test08" finished-at="2021-09-15T01:31:18 COT" duration-ms="4" status="PASS">
          <reporter-output>
          </reporter-output>
        </test-method> <!-- Test08 -->
        <test-method signature="Test08()[pri:0, instance:cs.ing.software.lab1.MainTest@1976f537]" started-at="2021-09-15T01:31:18 COT" name="Test08" finished-at="2021-09-15T01:31:18 COT" duration-ms="2" status="PASS">
          <reporter-output>
          </reporter-output>
        </test-method> <!-- Test08 -->
        <test-method signature="Test08()[pri:0, instance:cs.ing.software.lab1.MainTest@1976f537]" started-at="2021-09-15T01:31:18 COT" name="Test08" finished-at="2021-09-15T01:31:18 COT" duration-ms="0" status="PASS">
          <reporter-output>
          </reporter-output>
        </test-method> <!-- Test08 -->
        <test-method signature="Test08()[pri:0, instance:cs.ing.software.lab1.MainTest@1976f537]" started-at="2021-09-15T01:31:18 COT" name="Test08" finished-at="2021-09-15T01:31:18 COT" duration-ms="1" status="PASS">
          <reporter-output>
          </reporter-output>
        </test-method> <!-- Test08 -->
        <test-method signature="Test08()[pri:0, instance:cs.ing.software.lab1.MainTest@1976f537]" started-at="2021-09-15T01:31:18 COT" name="Test08" finished-at="2021-09-15T01:31:18 COT" duration-ms="1" status="PASS">
          <reporter-output>
          </reporter-output>
        </test-method> <!-- Test08 -->
        <test-method signature="Test08()[pri:0, instance:cs.ing.software.lab1.MainTest@1976f537]" started-at="2021-09-15T01:31:18 COT" name="Test08" finished-at="2021-09-15T01:31:18 COT" duration-ms="1" status="PASS">
          <reporter-output>
          </reporter-output>
        </test-method> <!-- Test08 -->
        <test-method signature="Test08()[pri:0, instance:cs.ing.software.lab1.MainTest@1976f537]" started-at="2021-09-15T01:31:18 COT" name="Test08" finished-at="2021-09-15T01:31:18 COT" duration-ms="8" status="PASS">
          <reporter-output>
          </reporter-output>
        </test-method> <!-- Test08 -->
        <test-method signature="Test08()[pri:0, instance:cs.ing.software.lab1.MainTest@1976f537]" started-at="2021-09-15T01:31:18 COT" name="Test08" finished-at="2021-09-15T01:31:18 COT" duration-ms="0" status="PASS">
          <reporter-output>
          </reporter-output>
        </test-method> <!-- Test08 -->
        <test-method signature="Test08()[pri:0, instance:cs.ing.software.lab1.MainTest@1976f537]" started-at="2021-09-15T01:31:18 COT" name="Test08" finished-at="2021-09-15T01:31:18 COT" duration-ms="7" status="PASS">
          <reporter-output>
          </reporter-output>
        </test-method> <!-- Test08 -->
        <test-method signature="Test08()[pri:0, instance:cs.ing.software.lab1.MainTest@1976f537]" started-at="2021-09-15T01:31:18 COT" name="Test08" finished-at="2021-09-15T01:31:18 COT" duration-ms="7" status="PASS">
          <reporter-output>
          </reporter-output>
        </test-method> <!-- Test08 -->
        <test-method signature="Test08()[pri:0, instance:cs.ing.software.lab1.MainTest@1976f537]" started-at="2021-09-15T01:31:18 COT" name="Test08" finished-at="2021-09-15T01:31:18 COT" duration-ms="0" status="PASS">
          <reporter-output>
          </reporter-output>
        </test-method> <!-- Test08 -->
        <test-method signature="Test08()[pri:0, instance:cs.ing.software.lab1.MainTest@1976f537]" started-at="2021-09-15T01:31:18 COT" name="Test08" finished-at="2021-09-15T01:31:18 COT" duration-ms="1" status="PASS">
          <reporter-output>
          </reporter-output>
        </test-method> <!-- Test08 -->
        <test-method signature="Test08()[pri:0, instance:cs.ing.software.lab1.MainTest@1976f537]" started-at="2021-09-15T01:31:18 COT" name="Test08" finished-at="2021-09-15T01:31:18 COT" duration-ms="4" status="PASS">
          <reporter-output>
          </reporter-output>
        </test-method> <!-- Test08 -->
        <test-method signature="Test08()[pri:0, instance:cs.ing.software.lab1.MainTest@1976f537]" started-at="2021-09-15T01:31:18 COT" name="Test08" finished-at="2021-09-15T01:31:18 COT" duration-ms="1" status="PASS">
          <reporter-output>
          </reporter-output>
        </test-method> <!-- Test08 -->
        <test-method signature="Test08()[pri:0, instance:cs.ing.software.lab1.MainTest@1976f537]" started-at="2021-09-15T01:31:18 COT" name="Test08" finished-at="2021-09-15T01:31:18 COT" duration-ms="4" status="PASS">
          <reporter-output>
          </reporter-output>
        </test-method> <!-- Test08 -->
        <test-method signature="Test08()[pri:0, instance:cs.ing.software.lab1.MainTest@1976f537]" started-at="2021-09-15T01:31:18 COT" name="Test08" finished-at="2021-09-15T01:31:18 COT" duration-ms="0" status="PASS">
          <reporter-output>
          </reporter-output>
        </test-method> <!-- Test08 -->
        <test-method signature="Test08()[pri:0, instance:cs.ing.software.lab1.MainTest@1976f537]" started-at="2021-09-15T01:31:18 COT" name="Test08" finished-at="2021-09-15T01:31:18 COT" duration-ms="3" status="PASS">
          <reporter-output>
          </reporter-output>
        </test-method> <!-- Test08 -->
        <test-method signature="Test08()[pri:0, instance:cs.ing.software.lab1.MainTest@1976f537]" started-at="2021-09-15T01:31:18 COT" name="Test08" finished-at="2021-09-15T01:31:18 COT" duration-ms="3" status="PASS">
          <reporter-output>
          </reporter-output>
        </test-method> <!-- Test08 -->
        <test-method signature="Test08()[pri:0, instance:cs.ing.software.lab1.MainTest@1976f537]" started-at="2021-09-15T01:31:18 COT" name="Test08" finished-at="2021-09-15T01:31:18 COT" duration-ms="0" status="PASS">
          <reporter-output>
          </reporter-output>
        </test-method> <!-- Test08 -->
        <test-method signature="Test08()[pri:0, instance:cs.ing.software.lab1.MainTest@1976f537]" started-at="2021-09-15T01:31:18 COT" name="Test08" finished-at="2021-09-15T01:31:18 COT" duration-ms="1" status="PASS">
          <reporter-output>
          </reporter-output>
        </test-method> <!-- Test08 -->
        <test-method signature="Test08()[pri:0, instance:cs.ing.software.lab1.MainTest@1976f537]" started-at="2021-09-15T01:31:18 COT" name="Test08" finished-at="2021-09-15T01:31:18 COT" duration-ms="0" status="PASS">
          <reporter-output>
          </reporter-output>
        </test-method> <!-- Test08 -->
        <test-method signature="Test08()[pri:0, instance:cs.ing.software.lab1.MainTest@1976f537]" started-at="2021-09-15T01:31:18 COT" name="Test08" finished-at="2021-09-15T01:31:18 COT" duration-ms="0" status="PASS">
          <reporter-output>
          </reporter-output>
        </test-method> <!-- Test08 -->
        <test-method signature="Test08()[pri:0, instance:cs.ing.software.lab1.MainTest@1976f537]" started-at="2021-09-15T01:31:18 COT" name="Test08" finished-at="2021-09-15T01:31:18 COT" duration-ms="1" status="PASS">
          <reporter-output>
          </reporter-output>
        </test-method> <!-- Test08 -->
        <test-method signature="Test08()[pri:0, instance:cs.ing.software.lab1.MainTest@1976f537]" started-at="2021-09-15T01:31:18 COT" name="Test08" finished-at="2021-09-15T01:31:18 COT" duration-ms="0" status="PASS">
          <reporter-output>
          </reporter-output>
        </test-method> <!-- Test08 -->
        <test-method signature="Test08()[pri:0, instance:cs.ing.software.lab1.MainTest@1976f537]" started-at="2021-09-15T01:31:18 COT" name="Test08" finished-at="2021-09-15T01:31:18 COT" duration-ms="1" status="PASS">
          <reporter-output>
          </reporter-output>
        </test-method> <!-- Test08 -->
        <test-method signature="Test08()[pri:0, instance:cs.ing.software.lab1.MainTest@1976f537]" started-at="2021-09-15T01:31:18 COT" name="Test08" finished-at="2021-09-15T01:31:18 COT" duration-ms="5" status="PASS">
          <reporter-output>
          </reporter-output>
        </test-method> <!-- Test08 -->
        <test-method signature="Test08()[pri:0, instance:cs.ing.software.lab1.MainTest@1976f537]" started-at="2021-09-15T01:31:18 COT" name="Test08" finished-at="2021-09-15T01:31:18 COT" duration-ms="1" status="PASS">
          <reporter-output>
          </reporter-output>
        </test-method> <!-- Test08 -->
        <test-method signature="Test08()[pri:0, instance:cs.ing.software.lab1.MainTest@1976f537]" started-at="2021-09-15T01:31:18 COT" name="Test08" finished-at="2021-09-15T01:31:18 COT" duration-ms="3" status="PASS">
          <reporter-output>
          </reporter-output>
        </test-method> <!-- Test08 -->
        <test-method signature="Test08()[pri:0, instance:cs.ing.software.lab1.MainTest@1976f537]" started-at="2021-09-15T01:31:18 COT" name="Test08" finished-at="2021-09-15T01:31:18 COT" duration-ms="1" status="PASS">
          <reporter-output>
          </reporter-output>
        </test-method> <!-- Test08 -->
        <test-method signature="Test08()[pri:0, instance:cs.ing.software.lab1.MainTest@1976f537]" started-at="2021-09-15T01:31:18 COT" name="Test08" finished-at="2021-09-15T01:31:18 COT" duration-ms="0" status="PASS">
          <reporter-output>
          </reporter-output>
        </test-method> <!-- Test08 -->
        <test-method signature="Test08()[pri:0, instance:cs.ing.software.lab1.MainTest@1976f537]" started-at="2021-09-15T01:31:18 COT" name="Test08" finished-at="2021-09-15T01:31:18 COT" duration-ms="1" status="PASS">
          <reporter-output>
          </reporter-output>
        </test-method> <!-- Test08 -->
        <test-method signature="Test08()[pri:0, instance:cs.ing.software.lab1.MainTest@1976f537]" started-at="2021-09-15T01:31:18 COT" name="Test08" finished-at="2021-09-15T01:31:18 COT" duration-ms="1" status="PASS">
          <reporter-output>
          </reporter-output>
        </test-method> <!-- Test08 -->
        <test-method signature="Test08()[pri:0, instance:cs.ing.software.lab1.MainTest@1976f537]" started-at="2021-09-15T01:31:18 COT" name="Test08" finished-at="2021-09-15T01:31:18 COT" duration-ms="1" status="PASS">
          <reporter-output>
          </reporter-output>
        </test-method> <!-- Test08 -->
        <test-method signature="Test08()[pri:0, instance:cs.ing.software.lab1.MainTest@1976f537]" started-at="2021-09-15T01:31:18 COT" name="Test08" finished-at="2021-09-15T01:31:18 COT" duration-ms="1" status="PASS">
          <reporter-output>
          </reporter-output>
        </test-method> <!-- Test08 -->
        <test-method signature="Test08()[pri:0, instance:cs.ing.software.lab1.MainTest@1976f537]" started-at="2021-09-15T01:31:18 COT" name="Test08" finished-at="2021-09-15T01:31:18 COT" duration-ms="1" status="PASS">
          <reporter-output>
          </reporter-output>
        </test-method> <!-- Test08 -->
        <test-method signature="Test08()[pri:0, instance:cs.ing.software.lab1.MainTest@1976f537]" started-at="2021-09-15T01:31:18 COT" name="Test08" finished-at="2021-09-15T01:31:18 COT" duration-ms="0" status="PASS">
          <reporter-output>
          </reporter-output>
        </test-method> <!-- Test08 -->
        <test-method signature="Test08()[pri:0, instance:cs.ing.software.lab1.MainTest@1976f537]" started-at="2021-09-15T01:31:18 COT" name="Test08" finished-at="2021-09-15T01:31:18 COT" duration-ms="0" status="PASS">
          <reporter-output>
          </reporter-output>
        </test-method> <!-- Test08 -->
        <test-method signature="Test08()[pri:0, instance:cs.ing.software.lab1.MainTest@1976f537]" started-at="2021-09-15T01:31:18 COT" name="Test08" finished-at="2021-09-15T01:31:18 COT" duration-ms="1" status="PASS">
          <reporter-output>
          </reporter-output>
        </test-method> <!-- Test08 -->
        <test-method signature="Test08()[pri:0, instance:cs.ing.software.lab1.MainTest@1976f537]" started-at="2021-09-15T01:31:18 COT" name="Test08" finished-at="2021-09-15T01:31:18 COT" duration-ms="1" status="PASS">
          <reporter-output>
          </reporter-output>
        </test-method> <!-- Test08 -->
        <test-method signature="Test08()[pri:0, instance:cs.ing.software.lab1.MainTest@1976f537]" started-at="2021-09-15T01:31:18 COT" name="Test08" finished-at="2021-09-15T01:31:18 COT" duration-ms="1" status="PASS">
          <reporter-output>
          </reporter-output>
        </test-method> <!-- Test08 -->
        <test-method signature="Test08()[pri:0, instance:cs.ing.software.lab1.MainTest@1976f537]" started-at="2021-09-15T01:31:18 COT" name="Test08" finished-at="2021-09-15T01:31:18 COT" duration-ms="0" status="PASS">
          <reporter-output>
          </reporter-output>
        </test-method> <!-- Test08 -->
        <test-method signature="Test08()[pri:0, instance:cs.ing.software.lab1.MainTest@1976f537]" started-at="2021-09-15T01:31:18 COT" name="Test08" finished-at="2021-09-15T01:31:18 COT" duration-ms="0" status="PASS">
          <reporter-output>
          </reporter-output>
        </test-method> <!-- Test08 -->
        <test-method signature="Test08()[pri:0, instance:cs.ing.software.lab1.MainTest@1976f537]" started-at="2021-09-15T01:31:18 COT" name="Test08" finished-at="2021-09-15T01:31:18 COT" duration-ms="0" status="PASS">
          <reporter-output>
          </reporter-output>
        </test-method> <!-- Test08 -->
        <test-method signature="Test08()[pri:0, instance:cs.ing.software.lab1.MainTest@1976f537]" started-at="2021-09-15T01:31:18 COT" name="Test08" finished-at="2021-09-15T01:31:18 COT" duration-ms="12" status="PASS">
          <reporter-output>
          </reporter-output>
        </test-method> <!-- Test08 -->
        <test-method signature="Test08()[pri:0, instance:cs.ing.software.lab1.MainTest@1976f537]" started-at="2021-09-15T01:31:18 COT" name="Test08" finished-at="2021-09-15T01:31:18 COT" duration-ms="1" status="PASS">
          <reporter-output>
          </reporter-output>
        </test-method> <!-- Test08 -->
        <test-method signature="Test08()[pri:0, instance:cs.ing.software.lab1.MainTest@1976f537]" started-at="2021-09-15T01:31:18 COT" name="Test08" finished-at="2021-09-15T01:31:18 COT" duration-ms="0" status="PASS">
          <reporter-output>
          </reporter-output>
        </test-method> <!-- Test08 -->
        <test-method signature="Test08()[pri:0, instance:cs.ing.software.lab1.MainTest@1976f537]" started-at="2021-09-15T01:31:18 COT" name="Test08" finished-at="2021-09-15T01:31:18 COT" duration-ms="0" status="PASS">
          <reporter-output>
          </reporter-output>
        </test-method> <!-- Test08 -->
        <test-method signature="Test08()[pri:0, instance:cs.ing.software.lab1.MainTest@1976f537]" started-at="2021-09-15T01:31:18 COT" name="Test08" finished-at="2021-09-15T01:31:18 COT" duration-ms="0" status="PASS">
          <reporter-output>
          </reporter-output>
        </test-method> <!-- Test08 -->
        <test-method signature="Test08()[pri:0, instance:cs.ing.software.lab1.MainTest@1976f537]" started-at="2021-09-15T01:31:18 COT" name="Test08" finished-at="2021-09-15T01:31:18 COT" duration-ms="0" status="PASS">
          <reporter-output>
          </reporter-output>
        </test-method> <!-- Test08 -->
        <test-method signature="Test08()[pri:0, instance:cs.ing.software.lab1.MainTest@1976f537]" started-at="2021-09-15T01:31:18 COT" name="Test08" finished-at="2021-09-15T01:31:18 COT" duration-ms="0" status="PASS">
          <reporter-output>
          </reporter-output>
        </test-method> <!-- Test08 -->
        <test-method signature="Test08()[pri:0, instance:cs.ing.software.lab1.MainTest@1976f537]" started-at="2021-09-15T01:31:18 COT" name="Test08" finished-at="2021-09-15T01:31:18 COT" duration-ms="11" status="PASS">
          <reporter-output>
          </reporter-output>
        </test-method> <!-- Test08 -->
        <test-method signature="Test08()[pri:0, instance:cs.ing.software.lab1.MainTest@1976f537]" started-at="2021-09-15T01:31:18 COT" name="Test08" finished-at="2021-09-15T01:31:18 COT" duration-ms="1" status="PASS">
          <reporter-output>
          </reporter-output>
        </test-method> <!-- Test08 -->
        <test-method signature="Test08()[pri:0, instance:cs.ing.software.lab1.MainTest@1976f537]" started-at="2021-09-15T01:31:18 COT" name="Test08" finished-at="2021-09-15T01:31:18 COT" duration-ms="0" status="PASS">
          <reporter-output>
          </reporter-output>
        </test-method> <!-- Test08 -->
        <test-method signature="Test08()[pri:0, instance:cs.ing.software.lab1.MainTest@1976f537]" started-at="2021-09-15T01:31:18 COT" name="Test08" finished-at="2021-09-15T01:31:18 COT" duration-ms="1" status="PASS">
          <reporter-output>
          </reporter-output>
        </test-method> <!-- Test08 -->
        <test-method signature="Test08()[pri:0, instance:cs.ing.software.lab1.MainTest@1976f537]" started-at="2021-09-15T01:31:18 COT" name="Test08" finished-at="2021-09-15T01:31:18 COT" duration-ms="0" status="PASS">
          <reporter-output>
          </reporter-output>
        </test-method> <!-- Test08 -->
        <test-method signature="Test08()[pri:0, instance:cs.ing.software.lab1.MainTest@1976f537]" started-at="2021-09-15T01:31:18 COT" name="Test08" finished-at="2021-09-15T01:31:18 COT" duration-ms="0" status="PASS">
          <reporter-output>
          </reporter-output>
        </test-method> <!-- Test08 -->
        <test-method signature="Test08()[pri:0, instance:cs.ing.software.lab1.MainTest@1976f537]" started-at="2021-09-15T01:31:18 COT" name="Test08" finished-at="2021-09-15T01:31:18 COT" duration-ms="0" status="PASS">
          <reporter-output>
          </reporter-output>
        </test-method> <!-- Test08 -->
        <test-method signature="Test08()[pri:0, instance:cs.ing.software.lab1.MainTest@1976f537]" started-at="2021-09-15T01:31:18 COT" name="Test08" finished-at="2021-09-15T01:31:18 COT" duration-ms="0" status="PASS">
          <reporter-output>
          </reporter-output>
        </test-method> <!-- Test08 -->
        <test-method signature="Test08()[pri:0, instance:cs.ing.software.lab1.MainTest@1976f537]" started-at="2021-09-15T01:31:18 COT" name="Test08" finished-at="2021-09-15T01:31:18 COT" duration-ms="1" status="PASS">
          <reporter-output>
          </reporter-output>
        </test-method> <!-- Test08 -->
        <test-method signature="Test08()[pri:0, instance:cs.ing.software.lab1.MainTest@1976f537]" started-at="2021-09-15T01:31:18 COT" name="Test08" finished-at="2021-09-15T01:31:18 COT" duration-ms="1" status="PASS">
          <reporter-output>
          </reporter-output>
        </test-method> <!-- Test08 -->
        <test-method signature="Test08()[pri:0, instance:cs.ing.software.lab1.MainTest@1976f537]" started-at="2021-09-15T01:31:18 COT" name="Test08" finished-at="2021-09-15T01:31:18 COT" duration-ms="16" status="PASS">
          <reporter-output>
          </reporter-output>
        </test-method> <!-- Test08 -->
        <test-method signature="Test08()[pri:0, instance:cs.ing.software.lab1.MainTest@1976f537]" started-at="2021-09-15T01:31:18 COT" name="Test08" finished-at="2021-09-15T01:31:18 COT" duration-ms="1" status="PASS">
          <reporter-output>
          </reporter-output>
        </test-method> <!-- Test08 -->
        <test-method signature="Test08()[pri:0, instance:cs.ing.software.lab1.MainTest@1976f537]" started-at="2021-09-15T01:31:18 COT" name="Test08" finished-at="2021-09-15T01:31:18 COT" duration-ms="0" status="PASS">
          <reporter-output>
          </reporter-output>
        </test-method> <!-- Test08 -->
        <test-method signature="Test08()[pri:0, instance:cs.ing.software.lab1.MainTest@1976f537]" started-at="2021-09-15T01:31:18 COT" name="Test08" finished-at="2021-09-15T01:31:18 COT" duration-ms="1" status="PASS">
          <reporter-output>
          </reporter-output>
        </test-method> <!-- Test08 -->
        <test-method signature="Test08()[pri:0, instance:cs.ing.software.lab1.MainTest@1976f537]" started-at="2021-09-15T01:31:18 COT" name="Test08" finished-at="2021-09-15T01:31:18 COT" duration-ms="11" status="PASS">
          <reporter-output>
          </reporter-output>
        </test-method> <!-- Test08 -->
        <test-method signature="Test08()[pri:0, instance:cs.ing.software.lab1.MainTest@1976f537]" started-at="2021-09-15T01:31:18 COT" name="Test08" finished-at="2021-09-15T01:31:18 COT" duration-ms="13" status="PASS">
          <reporter-output>
          </reporter-output>
        </test-method> <!-- Test08 -->
        <test-method signature="Test08()[pri:0, instance:cs.ing.software.lab1.MainTest@1976f537]" started-at="2021-09-15T01:31:18 COT" name="Test08" finished-at="2021-09-15T01:31:18 COT" duration-ms="0" status="PASS">
          <reporter-output>
          </reporter-output>
        </test-method> <!-- Test08 -->
        <test-method signature="Test08()[pri:0, instance:cs.ing.software.lab1.MainTest@1976f537]" started-at="2021-09-15T01:31:18 COT" name="Test08" finished-at="2021-09-15T01:31:18 COT" duration-ms="0" status="PASS">
          <reporter-output>
          </reporter-output>
        </test-method> <!-- Test08 -->
        <test-method signature="Test08()[pri:0, instance:cs.ing.software.lab1.MainTest@1976f537]" started-at="2021-09-15T01:31:18 COT" name="Test08" finished-at="2021-09-15T01:31:18 COT" duration-ms="1" status="PASS">
          <reporter-output>
          </reporter-output>
        </test-method> <!-- Test08 -->
        <test-method signature="Test08()[pri:0, instance:cs.ing.software.lab1.MainTest@1976f537]" started-at="2021-09-15T01:31:18 COT" name="Test08" finished-at="2021-09-15T01:31:18 COT" duration-ms="7" status="PASS">
          <reporter-output>
          </reporter-output>
        </test-method> <!-- Test08 -->
        <test-method signature="Test08()[pri:0, instance:cs.ing.software.lab1.MainTest@1976f537]" started-at="2021-09-15T01:31:18 COT" name="Test08" finished-at="2021-09-15T01:31:18 COT" duration-ms="0" status="PASS">
          <reporter-output>
          </reporter-output>
        </test-method> <!-- Test08 -->
        <test-method signature="Test08()[pri:0, instance:cs.ing.software.lab1.MainTest@1976f537]" started-at="2021-09-15T01:31:18 COT" name="Test08" finished-at="2021-09-15T01:31:18 COT" duration-ms="0" status="PASS">
          <reporter-output>
          </reporter-output>
        </test-method> <!-- Test08 -->
        <test-method signature="Test08()[pri:0, instance:cs.ing.software.lab1.MainTest@1976f537]" started-at="2021-09-15T01:31:18 COT" name="Test08" finished-at="2021-09-15T01:31:18 COT" duration-ms="0" status="PASS">
          <reporter-output>
          </reporter-output>
        </test-method> <!-- Test08 -->
        <test-method signature="Test08()[pri:0, instance:cs.ing.software.lab1.MainTest@1976f537]" started-at="2021-09-15T01:31:18 COT" name="Test08" finished-at="2021-09-15T01:31:18 COT" duration-ms="1" status="PASS">
          <reporter-output>
          </reporter-output>
        </test-method> <!-- Test08 -->
        <test-method signature="Test08()[pri:0, instance:cs.ing.software.lab1.MainTest@1976f537]" started-at="2021-09-15T01:31:18 COT" name="Test08" finished-at="2021-09-15T01:31:18 COT" duration-ms="0" status="PASS">
          <reporter-output>
          </reporter-output>
        </test-method> <!-- Test08 -->
        <test-method signature="Test08()[pri:0, instance:cs.ing.software.lab1.MainTest@1976f537]" started-at="2021-09-15T01:31:18 COT" name="Test08" finished-at="2021-09-15T01:31:18 COT" duration-ms="1" status="PASS">
          <reporter-output>
          </reporter-output>
        </test-method> <!-- Test08 -->
        <test-method signature="Test08()[pri:0, instance:cs.ing.software.lab1.MainTest@1976f537]" started-at="2021-09-15T01:31:18 COT" name="Test08" finished-at="2021-09-15T01:31:18 COT" duration-ms="0" status="PASS">
          <reporter-output>
          </reporter-output>
        </test-method> <!-- Test08 -->
        <test-method signature="Test08()[pri:0, instance:cs.ing.software.lab1.MainTest@1976f537]" started-at="2021-09-15T01:31:18 COT" name="Test08" finished-at="2021-09-15T01:31:18 COT" duration-ms="1" status="PASS">
          <reporter-output>
          </reporter-output>
        </test-method> <!-- Test08 -->
        <test-method signature="Test08()[pri:0, instance:cs.ing.software.lab1.MainTest@1976f537]" started-at="2021-09-15T01:31:18 COT" name="Test08" finished-at="2021-09-15T01:31:18 COT" duration-ms="1" status="PASS">
          <reporter-output>
          </reporter-output>
        </test-method> <!-- Test08 -->
        <test-method signature="Test08()[pri:0, instance:cs.ing.software.lab1.MainTest@1976f537]" started-at="2021-09-15T01:31:18 COT" name="Test08" finished-at="2021-09-15T01:31:18 COT" duration-ms="0" status="PASS">
          <reporter-output>
          </reporter-output>
        </test-method> <!-- Test08 -->
        <test-method signature="Test08()[pri:0, instance:cs.ing.software.lab1.MainTest@1976f537]" started-at="2021-09-15T01:31:18 COT" name="Test08" finished-at="2021-09-15T01:31:18 COT" duration-ms="1" status="PASS">
          <reporter-output>
          </reporter-output>
        </test-method> <!-- Test08 -->
        <test-method signature="Test08()[pri:0, instance:cs.ing.software.lab1.MainTest@1976f537]" started-at="2021-09-15T01:31:18 COT" name="Test08" finished-at="2021-09-15T01:31:18 COT" duration-ms="1" status="PASS">
          <reporter-output>
          </reporter-output>
        </test-method> <!-- Test08 -->
        <test-method signature="Test08()[pri:0, instance:cs.ing.software.lab1.MainTest@1976f537]" started-at="2021-09-15T01:31:18 COT" name="Test08" finished-at="2021-09-15T01:31:18 COT" duration-ms="42" status="PASS">
          <reporter-output>
          </reporter-output>
        </test-method> <!-- Test08 -->
        <test-method signature="Test08()[pri:0, instance:cs.ing.software.lab1.MainTest@1976f537]" started-at="2021-09-15T01:31:18 COT" name="Test08" finished-at="2021-09-15T01:31:18 COT" duration-ms="41" status="PASS">
          <reporter-output>
          </reporter-output>
        </test-method> <!-- Test08 -->
        <test-method signature="Test08()[pri:0, instance:cs.ing.software.lab1.MainTest@1976f537]" started-at="2021-09-15T01:31:18 COT" name="Test08" finished-at="2021-09-15T01:31:18 COT" duration-ms="1" status="PASS">
          <reporter-output>
          </reporter-output>
        </test-method> <!-- Test08 -->
        <test-method signature="Test08()[pri:0, instance:cs.ing.software.lab1.MainTest@1976f537]" started-at="2021-09-15T01:31:18 COT" name="Test08" finished-at="2021-09-15T01:31:18 COT" duration-ms="1" status="PASS">
          <reporter-output>
          </reporter-output>
        </test-method> <!-- Test08 -->
        <test-method signature="Test08()[pri:0, instance:cs.ing.software.lab1.MainTest@1976f537]" started-at="2021-09-15T01:31:18 COT" name="Test08" finished-at="2021-09-15T01:31:18 COT" duration-ms="2" status="PASS">
          <reporter-output>
          </reporter-output>
        </test-method> <!-- Test08 -->
        <test-method signature="Test08()[pri:0, instance:cs.ing.software.lab1.MainTest@1976f537]" started-at="2021-09-15T01:31:18 COT" name="Test08" finished-at="2021-09-15T01:31:18 COT" duration-ms="1" status="PASS">
          <reporter-output>
          </reporter-output>
        </test-method> <!-- Test08 -->
        <test-method signature="Test08()[pri:0, instance:cs.ing.software.lab1.MainTest@1976f537]" started-at="2021-09-15T01:31:18 COT" name="Test08" finished-at="2021-09-15T01:31:18 COT" duration-ms="0" status="PASS">
          <reporter-output>
          </reporter-output>
        </test-method> <!-- Test08 -->
        <test-method signature="Test08()[pri:0, instance:cs.ing.software.lab1.MainTest@1976f537]" started-at="2021-09-15T01:31:18 COT" name="Test08" finished-at="2021-09-15T01:31:18 COT" duration-ms="32" status="PASS">
          <reporter-output>
          </reporter-output>
        </test-method> <!-- Test08 -->
        <test-method signature="Test08()[pri:0, instance:cs.ing.software.lab1.MainTest@1976f537]" started-at="2021-09-15T01:31:18 COT" name="Test08" finished-at="2021-09-15T01:31:18 COT" duration-ms="0" status="PASS">
          <reporter-output>
          </reporter-output>
        </test-method> <!-- Test08 -->
        <test-method signature="Test08()[pri:0, instance:cs.ing.software.lab1.MainTest@1976f537]" started-at="2021-09-15T01:31:18 COT" name="Test08" finished-at="2021-09-15T01:31:18 COT" duration-ms="0" status="PASS">
          <reporter-output>
          </reporter-output>
        </test-method> <!-- Test08 -->
        <test-method signature="Test08()[pri:0, instance:cs.ing.software.lab1.MainTest@1976f537]" started-at="2021-09-15T01:31:18 COT" name="Test08" finished-at="2021-09-15T01:31:18 COT" duration-ms="2" status="PASS">
          <reporter-output>
          </reporter-output>
        </test-method> <!-- Test08 -->
        <test-method signature="Test08()[pri:0, instance:cs.ing.software.lab1.MainTest@1976f537]" started-at="2021-09-15T01:31:18 COT" name="Test08" finished-at="2021-09-15T01:31:18 COT" duration-ms="1" status="PASS">
          <reporter-output>
          </reporter-output>
        </test-method> <!-- Test08 -->
        <test-method signature="Test08()[pri:0, instance:cs.ing.software.lab1.MainTest@1976f537]" started-at="2021-09-15T01:31:18 COT" name="Test08" finished-at="2021-09-15T01:31:18 COT" duration-ms="0" status="PASS">
          <reporter-output>
          </reporter-output>
        </test-method> <!-- Test08 -->
        <test-method signature="Test08()[pri:0, instance:cs.ing.software.lab1.MainTest@1976f537]" started-at="2021-09-15T01:31:18 COT" name="Test08" finished-at="2021-09-15T01:31:18 COT" duration-ms="0" status="PASS">
          <reporter-output>
          </reporter-output>
        </test-method> <!-- Test08 -->
        <test-method signature="Test08()[pri:0, instance:cs.ing.software.lab1.MainTest@1976f537]" started-at="2021-09-15T01:31:18 COT" name="Test08" finished-at="2021-09-15T01:31:18 COT" duration-ms="14" status="PASS">
          <reporter-output>
          </reporter-output>
        </test-method> <!-- Test08 -->
        <test-method signature="Test08()[pri:0, instance:cs.ing.software.lab1.MainTest@1976f537]" started-at="2021-09-15T01:31:18 COT" name="Test08" finished-at="2021-09-15T01:31:18 COT" duration-ms="0" status="PASS">
          <reporter-output>
          </reporter-output>
        </test-method> <!-- Test08 -->
        <test-method signature="Test08()[pri:0, instance:cs.ing.software.lab1.MainTest@1976f537]" started-at="2021-09-15T01:31:18 COT" name="Test08" finished-at="2021-09-15T01:31:18 COT" duration-ms="0" status="PASS">
          <reporter-output>
          </reporter-output>
        </test-method> <!-- Test08 -->
        <test-method signature="Test08()[pri:0, instance:cs.ing.software.lab1.MainTest@1976f537]" started-at="2021-09-15T01:31:18 COT" name="Test08" finished-at="2021-09-15T01:31:18 COT" duration-ms="10" status="PASS">
          <reporter-output>
          </reporter-output>
        </test-method> <!-- Test08 -->
        <test-method signature="Test08()[pri:0, instance:cs.ing.software.lab1.MainTest@1976f537]" started-at="2021-09-15T01:31:18 COT" name="Test08" finished-at="2021-09-15T01:31:18 COT" duration-ms="0" status="PASS">
          <reporter-output>
          </reporter-output>
        </test-method> <!-- Test08 -->
        <test-method signature="Test08()[pri:0, instance:cs.ing.software.lab1.MainTest@1976f537]" started-at="2021-09-15T01:31:18 COT" name="Test08" finished-at="2021-09-15T01:31:18 COT" duration-ms="1" status="PASS">
          <reporter-output>
          </reporter-output>
        </test-method> <!-- Test08 -->
        <test-method signature="Test08()[pri:0, instance:cs.ing.software.lab1.MainTest@1976f537]" started-at="2021-09-15T01:31:18 COT" name="Test08" finished-at="2021-09-15T01:31:18 COT" duration-ms="0" status="PASS">
          <reporter-output>
          </reporter-output>
        </test-method> <!-- Test08 -->
        <test-method signature="Test08()[pri:0, instance:cs.ing.software.lab1.MainTest@1976f537]" started-at="2021-09-15T01:31:18 COT" name="Test08" finished-at="2021-09-15T01:31:18 COT" duration-ms="0" status="PASS">
          <reporter-output>
          </reporter-output>
        </test-method> <!-- Test08 -->
        <test-method signature="Test08()[pri:0, instance:cs.ing.software.lab1.MainTest@1976f537]" started-at="2021-09-15T01:31:18 COT" name="Test08" finished-at="2021-09-15T01:31:18 COT" duration-ms="9" status="PASS">
          <reporter-output>
          </reporter-output>
        </test-method> <!-- Test08 -->
        <test-method signature="Test08()[pri:0, instance:cs.ing.software.lab1.MainTest@1976f537]" started-at="2021-09-15T01:31:18 COT" name="Test08" finished-at="2021-09-15T01:31:18 COT" duration-ms="1" status="PASS">
          <reporter-output>
          </reporter-output>
        </test-method> <!-- Test08 -->
        <test-method signature="Test08()[pri:0, instance:cs.ing.software.lab1.MainTest@1976f537]" started-at="2021-09-15T01:31:18 COT" name="Test08" finished-at="2021-09-15T01:31:18 COT" duration-ms="0" status="PASS">
          <reporter-output>
          </reporter-output>
        </test-method> <!-- Test08 -->
        <test-method signature="Test08()[pri:0, instance:cs.ing.software.lab1.MainTest@1976f537]" started-at="2021-09-15T01:31:18 COT" name="Test08" finished-at="2021-09-15T01:31:18 COT" duration-ms="0" status="PASS">
          <reporter-output>
          </reporter-output>
        </test-method> <!-- Test08 -->
        <test-method signature="Test08()[pri:0, instance:cs.ing.software.lab1.MainTest@1976f537]" started-at="2021-09-15T01:31:18 COT" name="Test08" finished-at="2021-09-15T01:31:18 COT" duration-ms="0" status="PASS">
          <reporter-output>
          </reporter-output>
        </test-method> <!-- Test08 -->
        <test-method signature="Test08()[pri:0, instance:cs.ing.software.lab1.MainTest@1976f537]" started-at="2021-09-15T01:31:18 COT" name="Test08" finished-at="2021-09-15T01:31:18 COT" duration-ms="1" status="PASS">
          <reporter-output>
          </reporter-output>
        </test-method> <!-- Test08 -->
        <test-method signature="Test08()[pri:0, instance:cs.ing.software.lab1.MainTest@1976f537]" started-at="2021-09-15T01:31:18 COT" name="Test08" finished-at="2021-09-15T01:31:18 COT" duration-ms="0" status="PASS">
          <reporter-output>
          </reporter-output>
        </test-method> <!-- Test08 -->
        <test-method signature="Test08()[pri:0, instance:cs.ing.software.lab1.MainTest@1976f537]" started-at="2021-09-15T01:31:18 COT" name="Test08" finished-at="2021-09-15T01:31:18 COT" duration-ms="1" status="PASS">
          <reporter-output>
          </reporter-output>
        </test-method> <!-- Test08 -->
        <test-method signature="Test08()[pri:0, instance:cs.ing.software.lab1.MainTest@1976f537]" started-at="2021-09-15T01:31:18 COT" name="Test08" finished-at="2021-09-15T01:31:18 COT" duration-ms="86" status="PASS">
          <reporter-output>
          </reporter-output>
        </test-method> <!-- Test08 -->
        <test-method signature="Test08()[pri:0, instance:cs.ing.software.lab1.MainTest@1976f537]" started-at="2021-09-15T01:31:18 COT" name="Test08" finished-at="2021-09-15T01:31:18 COT" duration-ms="0" status="PASS">
          <reporter-output>
          </reporter-output>
        </test-method> <!-- Test08 -->
        <test-method signature="Test08()[pri:0, instance:cs.ing.software.lab1.MainTest@1976f537]" started-at="2021-09-15T01:31:18 COT" name="Test08" finished-at="2021-09-15T01:31:18 COT" duration-ms="0" status="PASS">
          <reporter-output>
          </reporter-output>
        </test-method> <!-- Test08 -->
        <test-method signature="Test08()[pri:0, instance:cs.ing.software.lab1.MainTest@1976f537]" started-at="2021-09-15T01:31:18 COT" name="Test08" finished-at="2021-09-15T01:31:18 COT" duration-ms="1" status="PASS">
          <reporter-output>
          </reporter-output>
        </test-method> <!-- Test08 -->
        <test-method signature="Test08()[pri:0, instance:cs.ing.software.lab1.MainTest@1976f537]" started-at="2021-09-15T01:31:18 COT" name="Test08" finished-at="2021-09-15T01:31:18 COT" duration-ms="0" status="PASS">
          <reporter-output>
          </reporter-output>
        </test-method> <!-- Test08 -->
        <test-method signature="Test08()[pri:0, instance:cs.ing.software.lab1.MainTest@1976f537]" started-at="2021-09-15T01:31:18 COT" name="Test08" finished-at="2021-09-15T01:31:18 COT" duration-ms="0" status="PASS">
          <reporter-output>
          </reporter-output>
        </test-method> <!-- Test08 -->
        <test-method signature="Test08()[pri:0, instance:cs.ing.software.lab1.MainTest@1976f537]" started-at="2021-09-15T01:31:18 COT" name="Test08" finished-at="2021-09-15T01:31:18 COT" duration-ms="2" status="PASS">
          <reporter-output>
          </reporter-output>
        </test-method> <!-- Test08 -->
        <test-method signature="Test08()[pri:0, instance:cs.ing.software.lab1.MainTest@1976f537]" started-at="2021-09-15T01:31:18 COT" name="Test08" finished-at="2021-09-15T01:31:18 COT" duration-ms="0" status="PASS">
          <reporter-output>
          </reporter-output>
        </test-method> <!-- Test08 -->
        <test-method signature="Test08()[pri:0, instance:cs.ing.software.lab1.MainTest@1976f537]" started-at="2021-09-15T01:31:18 COT" name="Test08" finished-at="2021-09-15T01:31:18 COT" duration-ms="12" status="PASS">
          <reporter-output>
          </reporter-output>
        </test-method> <!-- Test08 -->
        <test-method signature="Test08()[pri:0, instance:cs.ing.software.lab1.MainTest@1976f537]" started-at="2021-09-15T01:31:18 COT" name="Test08" finished-at="2021-09-15T01:31:18 COT" duration-ms="3" status="PASS">
          <reporter-output>
          </reporter-output>
        </test-method> <!-- Test08 -->
        <test-method signature="Test08()[pri:0, instance:cs.ing.software.lab1.MainTest@1976f537]" started-at="2021-09-15T01:31:18 COT" name="Test08" finished-at="2021-09-15T01:31:18 COT" duration-ms="1" status="PASS">
          <reporter-output>
          </reporter-output>
        </test-method> <!-- Test08 -->
        <test-method signature="Test08()[pri:0, instance:cs.ing.software.lab1.MainTest@1976f537]" started-at="2021-09-15T01:31:18 COT" name="Test08" finished-at="2021-09-15T01:31:18 COT" duration-ms="0" status="PASS">
          <reporter-output>
          </reporter-output>
        </test-method> <!-- Test08 -->
        <test-method signature="Test08()[pri:0, instance:cs.ing.software.lab1.MainTest@1976f537]" started-at="2021-09-15T01:31:18 COT" name="Test08" finished-at="2021-09-15T01:31:18 COT" duration-ms="1" status="PASS">
          <reporter-output>
          </reporter-output>
        </test-method> <!-- Test08 -->
        <test-method signature="Test08()[pri:0, instance:cs.ing.software.lab1.MainTest@1976f537]" started-at="2021-09-15T01:31:18 COT" name="Test08" finished-at="2021-09-15T01:31:18 COT" duration-ms="2" status="PASS">
          <reporter-output>
          </reporter-output>
        </test-method> <!-- Test08 -->
        <test-method signature="Test08()[pri:0, instance:cs.ing.software.lab1.MainTest@1976f537]" started-at="2021-09-15T01:31:18 COT" name="Test08" finished-at="2021-09-15T01:31:18 COT" duration-ms="64" status="PASS">
          <reporter-output>
          </reporter-output>
        </test-method> <!-- Test08 -->
        <test-method signature="Test08()[pri:0, instance:cs.ing.software.lab1.MainTest@1976f537]" started-at="2021-09-15T01:31:18 COT" name="Test08" finished-at="2021-09-15T01:31:18 COT" duration-ms="1" status="PASS">
          <reporter-output>
          </reporter-output>
        </test-method> <!-- Test08 -->
        <test-method signature="Test08()[pri:0, instance:cs.ing.software.lab1.MainTest@1976f537]" started-at="2021-09-15T01:31:18 COT" name="Test08" finished-at="2021-09-15T01:31:18 COT" duration-ms="1" status="PASS">
          <reporter-output>
          </reporter-output>
        </test-method> <!-- Test08 -->
        <test-method signature="Test08()[pri:0, instance:cs.ing.software.lab1.MainTest@1976f537]" started-at="2021-09-15T01:31:18 COT" name="Test08" finished-at="2021-09-15T01:31:18 COT" duration-ms="0" status="PASS">
          <reporter-output>
          </reporter-output>
        </test-method> <!-- Test08 -->
        <test-method signature="Test08()[pri:0, instance:cs.ing.software.lab1.MainTest@1976f537]" started-at="2021-09-15T01:31:18 COT" name="Test08" finished-at="2021-09-15T01:31:18 COT" duration-ms="61" status="PASS">
          <reporter-output>
          </reporter-output>
        </test-method> <!-- Test08 -->
        <test-method signature="Test08()[pri:0, instance:cs.ing.software.lab1.MainTest@1976f537]" started-at="2021-09-15T01:31:18 COT" name="Test08" finished-at="2021-09-15T01:31:18 COT" duration-ms="0" status="PASS">
          <reporter-output>
          </reporter-output>
        </test-method> <!-- Test08 -->
        <test-method signature="Test08()[pri:0, instance:cs.ing.software.lab1.MainTest@1976f537]" started-at="2021-09-15T01:31:18 COT" name="Test08" finished-at="2021-09-15T01:31:18 COT" duration-ms="0" status="PASS">
          <reporter-output>
          </reporter-output>
        </test-method> <!-- Test08 -->
        <test-method signature="Test08()[pri:0, instance:cs.ing.software.lab1.MainTest@1976f537]" started-at="2021-09-15T01:31:18 COT" name="Test08" finished-at="2021-09-15T01:31:18 COT" duration-ms="0" status="PASS">
          <reporter-output>
          </reporter-output>
        </test-method> <!-- Test08 -->
        <test-method signature="Test08()[pri:0, instance:cs.ing.software.lab1.MainTest@1976f537]" started-at="2021-09-15T01:31:18 COT" name="Test08" finished-at="2021-09-15T01:31:18 COT" duration-ms="60" status="PASS">
          <reporter-output>
          </reporter-output>
        </test-method> <!-- Test08 -->
        <test-method signature="Test08()[pri:0, instance:cs.ing.software.lab1.MainTest@1976f537]" started-at="2021-09-15T01:31:18 COT" name="Test08" finished-at="2021-09-15T01:31:18 COT" duration-ms="0" status="PASS">
          <reporter-output>
          </reporter-output>
        </test-method> <!-- Test08 -->
        <test-method signature="Test08()[pri:0, instance:cs.ing.software.lab1.MainTest@1976f537]" started-at="2021-09-15T01:31:18 COT" name="Test08" finished-at="2021-09-15T01:31:18 COT" duration-ms="0" status="PASS">
          <reporter-output>
          </reporter-output>
        </test-method> <!-- Test08 -->
        <test-method signature="Test08()[pri:0, instance:cs.ing.software.lab1.MainTest@1976f537]" started-at="2021-09-15T01:31:18 COT" name="Test08" finished-at="2021-09-15T01:31:18 COT" duration-ms="1" status="PASS">
          <reporter-output>
          </reporter-output>
        </test-method> <!-- Test08 -->
        <test-method signature="Test08()[pri:0, instance:cs.ing.software.lab1.MainTest@1976f537]" started-at="2021-09-15T01:31:18 COT" name="Test08" finished-at="2021-09-15T01:31:18 COT" duration-ms="0" status="PASS">
          <reporter-output>
          </reporter-output>
        </test-method> <!-- Test08 -->
        <test-method signature="Test08()[pri:0, instance:cs.ing.software.lab1.MainTest@1976f537]" started-at="2021-09-15T01:31:18 COT" name="Test08" finished-at="2021-09-15T01:31:18 COT" duration-ms="0" status="PASS">
          <reporter-output>
          </reporter-output>
        </test-method> <!-- Test08 -->
        <test-method signature="Test08()[pri:0, instance:cs.ing.software.lab1.MainTest@1976f537]" started-at="2021-09-15T01:31:18 COT" name="Test08" finished-at="2021-09-15T01:31:18 COT" duration-ms="1" status="PASS">
          <reporter-output>
          </reporter-output>
        </test-method> <!-- Test08 -->
        <test-method signature="Test08()[pri:0, instance:cs.ing.software.lab1.MainTest@1976f537]" started-at="2021-09-15T01:31:18 COT" name="Test08" finished-at="2021-09-15T01:31:18 COT" duration-ms="0" status="PASS">
          <reporter-output>
          </reporter-output>
        </test-method> <!-- Test08 -->
        <test-method signature="Test08()[pri:0, instance:cs.ing.software.lab1.MainTest@1976f537]" started-at="2021-09-15T01:31:18 COT" name="Test08" finished-at="2021-09-15T01:31:18 COT" duration-ms="0" status="PASS">
          <reporter-output>
          </reporter-output>
        </test-method> <!-- Test08 -->
        <test-method signature="Test08()[pri:0, instance:cs.ing.software.lab1.MainTest@1976f537]" started-at="2021-09-15T01:31:18 COT" name="Test08" finished-at="2021-09-15T01:31:18 COT" duration-ms="0" status="PASS">
          <reporter-output>
          </reporter-output>
        </test-method> <!-- Test08 -->
        <test-method signature="Test08()[pri:0, instance:cs.ing.software.lab1.MainTest@1976f537]" started-at="2021-09-15T01:31:18 COT" name="Test08" finished-at="2021-09-15T01:31:18 COT" duration-ms="0" status="PASS">
          <reporter-output>
          </reporter-output>
        </test-method> <!-- Test08 -->
        <test-method signature="Test08()[pri:0, instance:cs.ing.software.lab1.MainTest@1976f537]" started-at="2021-09-15T01:31:18 COT" name="Test08" finished-at="2021-09-15T01:31:18 COT" duration-ms="0" status="PASS">
          <reporter-output>
          </reporter-output>
        </test-method> <!-- Test08 -->
        <test-method signature="Test08()[pri:0, instance:cs.ing.software.lab1.MainTest@1976f537]" started-at="2021-09-15T01:31:18 COT" name="Test08" finished-at="2021-09-15T01:31:18 COT" duration-ms="1" status="PASS">
          <reporter-output>
          </reporter-output>
        </test-method> <!-- Test08 -->
        <test-method signature="Test08()[pri:0, instance:cs.ing.software.lab1.MainTest@1976f537]" started-at="2021-09-15T01:31:18 COT" name="Test08" finished-at="2021-09-15T01:31:18 COT" duration-ms="0" status="PASS">
          <reporter-output>
          </reporter-output>
        </test-method> <!-- Test08 -->
        <test-method signature="Test08()[pri:0, instance:cs.ing.software.lab1.MainTest@1976f537]" started-at="2021-09-15T01:31:18 COT" name="Test08" finished-at="2021-09-15T01:31:18 COT" duration-ms="0" status="PASS">
          <reporter-output>
          </reporter-output>
        </test-method> <!-- Test08 -->
        <test-method signature="Test08()[pri:0, instance:cs.ing.software.lab1.MainTest@1976f537]" started-at="2021-09-15T01:31:18 COT" name="Test08" finished-at="2021-09-15T01:31:18 COT" duration-ms="34" status="PASS">
          <reporter-output>
          </reporter-output>
        </test-method> <!-- Test08 -->
        <test-method signature="Test08()[pri:0, instance:cs.ing.software.lab1.MainTest@1976f537]" started-at="2021-09-15T01:31:18 COT" name="Test08" finished-at="2021-09-15T01:31:18 COT" duration-ms="1" status="PASS">
          <reporter-output>
          </reporter-output>
        </test-method> <!-- Test08 -->
        <test-method signature="Test08()[pri:0, instance:cs.ing.software.lab1.MainTest@1976f537]" started-at="2021-09-15T01:31:18 COT" name="Test08" finished-at="2021-09-15T01:31:18 COT" duration-ms="0" status="PASS">
          <reporter-output>
          </reporter-output>
        </test-method> <!-- Test08 -->
        <test-method signature="Test08()[pri:0, instance:cs.ing.software.lab1.MainTest@1976f537]" started-at="2021-09-15T01:31:18 COT" name="Test08" finished-at="2021-09-15T01:31:18 COT" duration-ms="1" status="PASS">
          <reporter-output>
          </reporter-output>
        </test-method> <!-- Test08 -->
        <test-method signature="Test08()[pri:0, instance:cs.ing.software.lab1.MainTest@1976f537]" started-at="2021-09-15T01:31:18 COT" name="Test08" finished-at="2021-09-15T01:31:18 COT" duration-ms="1" status="PASS">
          <reporter-output>
          </reporter-output>
        </test-method> <!-- Test08 -->
        <test-method signature="Test08()[pri:0, instance:cs.ing.software.lab1.MainTest@1976f537]" started-at="2021-09-15T01:31:18 COT" name="Test08" finished-at="2021-09-15T01:31:18 COT" duration-ms="29" status="PASS">
          <reporter-output>
          </reporter-output>
        </test-method> <!-- Test08 -->
        <test-method signature="Test08()[pri:0, instance:cs.ing.software.lab1.MainTest@1976f537]" started-at="2021-09-15T01:31:18 COT" name="Test08" finished-at="2021-09-15T01:31:18 COT" duration-ms="0" status="PASS">
          <reporter-output>
          </reporter-output>
        </test-method> <!-- Test08 -->
        <test-method signature="Test08()[pri:0, instance:cs.ing.software.lab1.MainTest@1976f537]" started-at="2021-09-15T01:31:18 COT" name="Test08" finished-at="2021-09-15T01:31:18 COT" duration-ms="21" status="PASS">
          <reporter-output>
          </reporter-output>
        </test-method> <!-- Test08 -->
        <test-method signature="Test08()[pri:0, instance:cs.ing.software.lab1.MainTest@1976f537]" started-at="2021-09-15T01:31:18 COT" name="Test08" finished-at="2021-09-15T01:31:18 COT" duration-ms="0" status="PASS">
          <reporter-output>
          </reporter-output>
        </test-method> <!-- Test08 -->
        <test-method signature="Test08()[pri:0, instance:cs.ing.software.lab1.MainTest@1976f537]" started-at="2021-09-15T01:31:18 COT" name="Test08" finished-at="2021-09-15T01:31:18 COT" duration-ms="1" status="PASS">
          <reporter-output>
          </reporter-output>
        </test-method> <!-- Test08 -->
        <test-method signature="Test08()[pri:0, instance:cs.ing.software.lab1.MainTest@1976f537]" started-at="2021-09-15T01:31:18 COT" name="Test08" finished-at="2021-09-15T01:31:18 COT" duration-ms="16" status="PASS">
          <reporter-output>
          </reporter-output>
        </test-method> <!-- Test08 -->
        <test-method signature="Test08()[pri:0, instance:cs.ing.software.lab1.MainTest@1976f537]" started-at="2021-09-15T01:31:18 COT" name="Test08" finished-at="2021-09-15T01:31:18 COT" duration-ms="0" status="PASS">
          <reporter-output>
          </reporter-output>
        </test-method> <!-- Test08 -->
        <test-method signature="Test08()[pri:0, instance:cs.ing.software.lab1.MainTest@1976f537]" started-at="2021-09-15T01:31:18 COT" name="Test08" finished-at="2021-09-15T01:31:18 COT" duration-ms="0" status="PASS">
          <reporter-output>
          </reporter-output>
        </test-method> <!-- Test08 -->
        <test-method signature="Test08()[pri:0, instance:cs.ing.software.lab1.MainTest@1976f537]" started-at="2021-09-15T01:31:18 COT" name="Test08" finished-at="2021-09-15T01:31:18 COT" duration-ms="8" status="PASS">
          <reporter-output>
          </reporter-output>
        </test-method> <!-- Test08 -->
        <test-method signature="Test08()[pri:0, instance:cs.ing.software.lab1.MainTest@1976f537]" started-at="2021-09-15T01:31:18 COT" name="Test08" finished-at="2021-09-15T01:31:18 COT" duration-ms="1" status="PASS">
          <reporter-output>
          </reporter-output>
        </test-method> <!-- Test08 -->
        <test-method signature="Test08()[pri:0, instance:cs.ing.software.lab1.MainTest@1976f537]" started-at="2021-09-15T01:31:18 COT" name="Test08" finished-at="2021-09-15T01:31:18 COT" duration-ms="0" status="PASS">
          <reporter-output>
          </reporter-output>
        </test-method> <!-- Test08 -->
        <test-method signature="Test08()[pri:0, instance:cs.ing.software.lab1.MainTest@1976f537]" started-at="2021-09-15T01:31:18 COT" name="Test08" finished-at="2021-09-15T01:31:18 COT" duration-ms="0" status="PASS">
          <reporter-output>
          </reporter-output>
        </test-method> <!-- Test08 -->
        <test-method signature="Test08()[pri:0, instance:cs.ing.software.lab1.MainTest@1976f537]" started-at="2021-09-15T01:31:18 COT" name="Test08" finished-at="2021-09-15T01:31:18 COT" duration-ms="4" status="PASS">
          <reporter-output>
          </reporter-output>
        </test-method> <!-- Test08 -->
        <test-method signature="Test08()[pri:0, instance:cs.ing.software.lab1.MainTest@1976f537]" started-at="2021-09-15T01:31:18 COT" name="Test08" finished-at="2021-09-15T01:31:18 COT" duration-ms="6" status="PASS">
          <reporter-output>
          </reporter-output>
        </test-method> <!-- Test08 -->
        <test-method signature="Test08()[pri:0, instance:cs.ing.software.lab1.MainTest@1976f537]" started-at="2021-09-15T01:31:18 COT" name="Test08" finished-at="2021-09-15T01:31:18 COT" duration-ms="2" status="PASS">
          <reporter-output>
          </reporter-output>
        </test-method> <!-- Test08 -->
        <test-method signature="Test08()[pri:0, instance:cs.ing.software.lab1.MainTest@1976f537]" started-at="2021-09-15T01:31:18 COT" name="Test08" finished-at="2021-09-15T01:31:18 COT" duration-ms="0" status="PASS">
          <reporter-output>
          </reporter-output>
        </test-method> <!-- Test08 -->
        <test-method signature="Test08()[pri:0, instance:cs.ing.software.lab1.MainTest@1976f537]" started-at="2021-09-15T01:31:18 COT" name="Test08" finished-at="2021-09-15T01:31:18 COT" duration-ms="1" status="PASS">
          <reporter-output>
          </reporter-output>
        </test-method> <!-- Test08 -->
        <test-method signature="Test08()[pri:0, instance:cs.ing.software.lab1.MainTest@1976f537]" started-at="2021-09-15T01:31:18 COT" name="Test08" finished-at="2021-09-15T01:31:18 COT" duration-ms="113" status="PASS">
          <reporter-output>
          </reporter-output>
        </test-method> <!-- Test08 -->
        <test-method signature="Test08()[pri:0, instance:cs.ing.software.lab1.MainTest@1976f537]" started-at="2021-09-15T01:31:18 COT" name="Test08" finished-at="2021-09-15T01:31:18 COT" duration-ms="0" status="PASS">
          <reporter-output>
          </reporter-output>
        </test-method> <!-- Test08 -->
        <test-method signature="Test08()[pri:0, instance:cs.ing.software.lab1.MainTest@1976f537]" started-at="2021-09-15T01:31:18 COT" name="Test08" finished-at="2021-09-15T01:31:18 COT" duration-ms="113" status="PASS">
          <reporter-output>
          </reporter-output>
        </test-method> <!-- Test08 -->
        <test-method signature="Test08()[pri:0, instance:cs.ing.software.lab1.MainTest@1976f537]" started-at="2021-09-15T01:31:18 COT" name="Test08" finished-at="2021-09-15T01:31:18 COT" duration-ms="115" status="PASS">
          <reporter-output>
          </reporter-output>
        </test-method> <!-- Test08 -->
        <test-method signature="Test08()[pri:0, instance:cs.ing.software.lab1.MainTest@1976f537]" started-at="2021-09-15T01:31:18 COT" name="Test08" finished-at="2021-09-15T01:31:18 COT" duration-ms="1" status="PASS">
          <reporter-output>
          </reporter-output>
        </test-method> <!-- Test08 -->
        <test-method signature="Test08()[pri:0, instance:cs.ing.software.lab1.MainTest@1976f537]" started-at="2021-09-15T01:31:18 COT" name="Test08" finished-at="2021-09-15T01:31:18 COT" duration-ms="115" status="PASS">
          <reporter-output>
          </reporter-output>
        </test-method> <!-- Test08 -->
        <test-method signature="Test08()[pri:0, instance:cs.ing.software.lab1.MainTest@1976f537]" started-at="2021-09-15T01:31:18 COT" name="Test08" finished-at="2021-09-15T01:31:18 COT" duration-ms="0" status="PASS">
          <reporter-output>
          </reporter-output>
        </test-method> <!-- Test08 -->
        <test-method signature="Test08()[pri:0, instance:cs.ing.software.lab1.MainTest@1976f537]" started-at="2021-09-15T01:31:18 COT" name="Test08" finished-at="2021-09-15T01:31:18 COT" duration-ms="0" status="PASS">
          <reporter-output>
          </reporter-output>
        </test-method> <!-- Test08 -->
        <test-method signature="Test08()[pri:0, instance:cs.ing.software.lab1.MainTest@1976f537]" started-at="2021-09-15T01:31:18 COT" name="Test08" finished-at="2021-09-15T01:31:18 COT" duration-ms="0" status="PASS">
          <reporter-output>
          </reporter-output>
        </test-method> <!-- Test08 -->
        <test-method signature="Test08()[pri:0, instance:cs.ing.software.lab1.MainTest@1976f537]" started-at="2021-09-15T01:31:18 COT" name="Test08" finished-at="2021-09-15T01:31:18 COT" duration-ms="1" status="PASS">
          <reporter-output>
          </reporter-output>
        </test-method> <!-- Test08 -->
        <test-method signature="Test08()[pri:0, instance:cs.ing.software.lab1.MainTest@1976f537]" started-at="2021-09-15T01:31:18 COT" name="Test08" finished-at="2021-09-15T01:31:18 COT" duration-ms="1" status="PASS">
          <reporter-output>
          </reporter-output>
        </test-method> <!-- Test08 -->
[...]
        </test-method> <!-- Test08 -->
        <test-method signature="Test08()[pri:0, instance:cs.ing.software.lab1.MainTest@1976f537]" started-at="2021-09-15T01:31:18 COT" name="Test08" finished-at="2021-09-15T01:31:18 COT" duration-ms="0" status="PASS">
          <reporter-output>
          </reporter-output>
        </test-method> <!-- Test08 -->
        <test-method signature="Test08()[pri:0, instance:cs.ing.software.lab1.MainTest@1976f537]" started-at="2021-09-15T01:31:18 COT" name="Test08" finished-at="2021-09-15T01:31:18 COT" duration-ms="0" status="PASS">
          <reporter-output>
          </reporter-output>
        </test-method> <!-- Test08 -->
        <test-method signature="Test08()[pri:0, instance:cs.ing.software.lab1.MainTest@1976f537]" started-at="2021-09-15T01:31:18 COT" name="Test08" finished-at="2021-09-15T01:31:18 COT" duration-ms="1" status="PASS">
          <reporter-output>
          </reporter-output>
        </test-method> <!-- Test08 -->
        <test-method signature="Test08()[pri:0, instance:cs.ing.software.lab1.MainTest@1976f537]" started-at="2021-09-15T01:31:18 COT" name="Test08" finished-at="2021-09-15T01:31:18 COT" duration-ms="0" status="PASS">
          <reporter-output>
          </reporter-output>
        </test-method> <!-- Test08 -->
        <test-method signature="Test08()[pri:0, instance:cs.ing.software.lab1.MainTest@1976f537]" started-at="2021-09-15T01:31:18 COT" name="Test08" finished-at="2021-09-15T01:31:18 COT" duration-ms="21" status="PASS">
          <reporter-output>
          </reporter-output>
        </test-method> <!-- Test08 -->
        <test-method signature="Test08()[pri:0, instance:cs.ing.software.lab1.MainTest@1976f537]" started-at="2021-09-15T01:31:18 COT" name="Test08" finished-at="2021-09-15T01:31:18 COT" duration-ms="0" status="PASS">
          <reporter-output>
          </reporter-output>
        </test-method> <!-- Test08 -->
        <test-method signature="Test08()[pri:0, instance:cs.ing.software.lab1.MainTest@1976f537]" started-at="2021-09-15T01:31:18 COT" name="Test08" finished-at="2021-09-15T01:31:18 COT" duration-ms="0" status="PASS">
          <reporter-output>
          </reporter-output>
        </test-method> <!-- Test08 -->
        <test-method signature="Test08()[pri:0, instance:cs.ing.software.lab1.MainTest@1976f537]" started-at="2021-09-15T01:31:18 COT" name="Test08" finished-at="2021-09-15T01:31:18 COT" duration-ms="0" status="PASS">
          <reporter-output>
          </reporter-output>
        </test-method> <!-- Test08 -->
        <test-method signature="Test08()[pri:0, instance:cs.ing.software.lab1.MainTest@1976f537]" started-at="2021-09-15T01:31:18 COT" name="Test08" finished-at="2021-09-15T01:31:18 COT" duration-ms="21" status="PASS">
          <reporter-output>
          </reporter-output>
        </test-method> <!-- Test08 -->
        <test-method signature="Test08()[pri:0, instance:cs.ing.software.lab1.MainTest@1976f537]" started-at="2021-09-15T01:31:18 COT" name="Test08" finished-at="2021-09-15T01:31:18 COT" duration-ms="19" status="PASS">
          <reporter-output>
          </reporter-output>
        </test-method> <!-- Test08 -->
        <test-method signature="Test08()[pri:0, instance:cs.ing.software.lab1.MainTest@1976f537]" started-at="2021-09-15T01:31:18 COT" name="Test08" finished-at="2021-09-15T01:31:18 COT" duration-ms="0" status="PASS">
          <reporter-output>
          </reporter-output>
        </test-method> <!-- Test08 -->
        <test-method signature="Test08()[pri:0, instance:cs.ing.software.lab1.MainTest@1976f537]" started-at="2021-09-15T01:31:18 COT" name="Test08" finished-at="2021-09-15T01:31:18 COT" duration-ms="1" status="PASS">
          <reporter-output>
          </reporter-output>
        </test-method> <!-- Test08 -->
        <test-method signature="Test08()[pri:0, instance:cs.ing.software.lab1.MainTest@1976f537]" started-at="2021-09-15T01:31:18 COT" name="Test08" finished-at="2021-09-15T01:31:18 COT" duration-ms="0" status="PASS">
          <reporter-output>
          </reporter-output>
        </test-method> <!-- Test08 -->
        <test-method signature="Test08()[pri:0, instance:cs.ing.software.lab1.MainTest@1976f537]" started-at="2021-09-15T01:31:18 COT" name="Test08" finished-at="2021-09-15T01:31:18 COT" duration-ms="0" status="PASS">
          <reporter-output>
          </reporter-output>
        </test-method> <!-- Test08 -->
        <test-method signature="Test08()[pri:0, instance:cs.ing.software.lab1.MainTest@1976f537]" started-at="2021-09-15T01:31:18 COT" name="Test08" finished-at="2021-09-15T01:31:18 COT" duration-ms="18" status="PASS">
          <reporter-output>
          </reporter-output>
        </test-method> <!-- Test08 -->
        <test-method signature="Test08()[pri:0, instance:cs.ing.software.lab1.MainTest@1976f537]" started-at="2021-09-15T01:31:18 COT" name="Test08" finished-at="2021-09-15T01:31:18 COT" duration-ms="1" status="PASS">
          <reporter-output>
          </reporter-output>
        </test-method> <!-- Test08 -->
        <test-method signature="Test08()[pri:0, instance:cs.ing.software.lab1.MainTest@1976f537]" started-at="2021-09-15T01:31:18 COT" name="Test08" finished-at="2021-09-15T01:31:18 COT" duration-ms="1" status="PASS">
          <reporter-output>
          </reporter-output>
        </test-method> <!-- Test08 -->
        <test-method signature="Test08()[pri:0, instance:cs.ing.software.lab1.MainTest@1976f537]" started-at="2021-09-15T01:31:18 COT" name="Test08" finished-at="2021-09-15T01:31:18 COT" duration-ms="0" status="PASS">
          <reporter-output>
          </reporter-output>
        </test-method> <!-- Test08 -->
        <test-method signature="Test08()[pri:0, instance:cs.ing.software.lab1.MainTest@1976f537]" started-at="2021-09-15T01:31:18 COT" name="Test08" finished-at="2021-09-15T01:31:18 COT" duration-ms="0" status="PASS">
          <reporter-output>
          </reporter-output>
        </test-method> <!-- Test08 -->
        <test-method signature="Test08()[pri:0, instance:cs.ing.software.lab1.MainTest@1976f537]" started-at="2021-09-15T01:31:18 COT" name="Test08" finished-at="2021-09-15T01:31:18 COT" duration-ms="17" status="PASS">
          <reporter-output>
          </reporter-output>
        </test-method> <!-- Test08 -->
        <test-method signature="Test08()[pri:0, instance:cs.ing.software.lab1.MainTest@1976f537]" started-at="2021-09-15T01:31:18 COT" name="Test08" finished-at="2021-09-15T01:31:18 COT" duration-ms="1" status="PASS">
          <reporter-output>
          </reporter-output>
        </test-method> <!-- Test08 -->
        <test-method signature="Test08()[pri:0, instance:cs.ing.software.lab1.MainTest@1976f537]" started-at="2021-09-15T01:31:18 COT" name="Test08" finished-at="2021-09-15T01:31:18 COT" duration-ms="1" status="PASS">
          <reporter-output>
          </reporter-output>
        </test-method> <!-- Test08 -->
        <test-method signature="Test08()[pri:0, instance:cs.ing.software.lab1.MainTest@1976f537]" started-at="2021-09-15T01:31:18 COT" name="Test08" finished-at="2021-09-15T01:31:18 COT" duration-ms="15" status="PASS">
          <reporter-output>
          </reporter-output>
        </test-method> <!-- Test08 -->
        <test-method signature="Test08()[pri:0, instance:cs.ing.software.lab1.MainTest@1976f537]" started-at="2021-09-15T01:31:18 COT" name="Test08" finished-at="2021-09-15T01:31:18 COT" duration-ms="1" status="PASS">
          <reporter-output>
          </reporter-output>
        </test-method> <!-- Test08 -->
        <test-method signature="Test08()[pri:0, instance:cs.ing.software.lab1.MainTest@1976f537]" started-at="2021-09-15T01:31:18 COT" name="Test08" finished-at="2021-09-15T01:31:18 COT" duration-ms="0" status="PASS">
          <reporter-output>
          </reporter-output>
        </test-method> <!-- Test08 -->
        <test-method signature="Test08()[pri:0, instance:cs.ing.software.lab1.MainTest@1976f537]" started-at="2021-09-15T01:31:18 COT" name="Test08" finished-at="2021-09-15T01:31:18 COT" duration-ms="0" status="PASS">
          <reporter-output>
          </reporter-output>
        </test-method> <!-- Test08 -->
        <test-method signature="Test08()[pri:0, instance:cs.ing.software.lab1.MainTest@1976f537]" started-at="2021-09-15T01:31:18 COT" name="Test08" finished-at="2021-09-15T01:31:18 COT" duration-ms="1" status="PASS">
          <reporter-output>
          </reporter-output>
        </test-method> <!-- Test08 -->
        <test-method signature="Test08()[pri:0, instance:cs.ing.software.lab1.MainTest@1976f537]" started-at="2021-09-15T01:31:18 COT" name="Test08" finished-at="2021-09-15T01:31:18 COT" duration-ms="1" status="PASS">
          <reporter-output>
          </reporter-output>
        </test-method> <!-- Test08 -->
        <test-method signature="Test08()[pri:0, instance:cs.ing.software.lab1.MainTest@1976f537]" started-at="2021-09-15T01:31:18 COT" name="Test08" finished-at="2021-09-15T01:31:18 COT" duration-ms="0" status="PASS">
          <reporter-output>
          </reporter-output>
        </test-method> <!-- Test08 -->
        <test-method signature="Test08()[pri:0, instance:cs.ing.software.lab1.MainTest@1976f537]" started-at="2021-09-15T01:31:18 COT" name="Test08" finished-at="2021-09-15T01:31:18 COT" duration-ms="0" status="PASS">
          <reporter-output>
          </reporter-output>
        </test-method> <!-- Test08 -->
        <test-method signature="Test08()[pri:0, instance:cs.ing.software.lab1.MainTest@1976f537]" started-at="2021-09-15T01:31:18 COT" name="Test08" finished-at="2021-09-15T01:31:18 COT" duration-ms="0" status="PASS">
          <reporter-output>
          </reporter-output>
        </test-method> <!-- Test08 -->
        <test-method signature="Test08()[pri:0, instance:cs.ing.software.lab1.MainTest@1976f537]" started-at="2021-09-15T01:31:18 COT" name="Test08" finished-at="2021-09-15T01:31:18 COT" duration-ms="13" status="PASS">
          <reporter-output>
          </reporter-output>
        </test-method> <!-- Test08 -->
        <test-method signature="Test08()[pri:0, instance:cs.ing.software.lab1.MainTest@1976f537]" started-at="2021-09-15T01:31:18 COT" name="Test08" finished-at="2021-09-15T01:31:18 COT" duration-ms="13" status="PASS">
          <reporter-output>
          </reporter-output>
        </test-method> <!-- Test08 -->
        <test-method signature="Test08()[pri:0, instance:cs.ing.software.lab1.MainTest@1976f537]" started-at="2021-09-15T01:31:18 COT" name="Test08" finished-at="2021-09-15T01:31:18 COT" duration-ms="0" status="PASS">
          <reporter-output>
          </reporter-output>
        </test-method> <!-- Test08 -->
        <test-method signature="Test08()[pri:0, instance:cs.ing.software.lab1.MainTest@1976f537]" started-at="2021-09-15T01:31:18 COT" name="Test08" finished-at="2021-09-15T01:31:18 COT" duration-ms="0" status="PASS">
          <reporter-output>
          </reporter-output>
        </test-method> <!-- Test08 -->
        <test-method signature="Test08()[pri:0, instance:cs.ing.software.lab1.MainTest@1976f537]" started-at="2021-09-15T01:31:18 COT" name="Test08" finished-at="2021-09-15T01:31:18 COT" duration-ms="0" status="PASS">
          <reporter-output>
          </reporter-output>
        </test-method> <!-- Test08 -->
        <test-method signature="Test08()[pri:0, instance:cs.ing.software.lab1.MainTest@1976f537]" started-at="2021-09-15T01:31:18 COT" name="Test08" finished-at="2021-09-15T01:31:18 COT" duration-ms="0" status="PASS">
          <reporter-output>
          </reporter-output>
        </test-method> <!-- Test08 -->
        <test-method signature="Test08()[pri:0, instance:cs.ing.software.lab1.MainTest@1976f537]" started-at="2021-09-15T01:31:18 COT" name="Test08" finished-at="2021-09-15T01:31:18 COT" duration-ms="0" status="PASS">
          <reporter-output>
          </reporter-output>
        </test-method> <!-- Test08 -->
        <test-method signature="Test08()[pri:0, instance:cs.ing.software.lab1.MainTest@1976f537]" started-at="2021-09-15T01:31:18 COT" name="Test08" finished-at="2021-09-15T01:31:18 COT" duration-ms="0" status="PASS">
          <reporter-output>
          </reporter-output>
        </test-method> <!-- Test08 -->
        <test-method signature="Test08()[pri:0, instance:cs.ing.software.lab1.MainTest@1976f537]" started-at="2021-09-15T01:31:18 COT" name="Test08" finished-at="2021-09-15T01:31:18 COT" duration-ms="0" status="PASS">
          <reporter-output>
          </reporter-output>
        </test-method> <!-- Test08 -->
        <test-method signature="Test08()[pri:0, instance:cs.ing.software.lab1.MainTest@1976f537]" started-at="2021-09-15T01:31:18 COT" name="Test08" finished-at="2021-09-15T01:31:18 COT" duration-ms="0" status="PASS">
          <reporter-output>
          </reporter-output>
        </test-method> <!-- Test08 -->
        <test-method signature="Test08()[pri:0, instance:cs.ing.software.lab1.MainTest@1976f537]" started-at="2021-09-15T01:31:18 COT" name="Test08" finished-at="2021-09-15T01:31:18 COT" duration-ms="0" status="PASS">
          <reporter-output>
          </reporter-output>
        </test-method> <!-- Test08 -->
        <test-method signature="Test08()[pri:0, instance:cs.ing.software.lab1.MainTest@1976f537]" started-at="2021-09-15T01:31:18 COT" name="Test08" finished-at="2021-09-15T01:31:18 COT" duration-ms="0" status="PASS">
          <reporter-output>
          </reporter-output>
        </test-method> <!-- Test08 -->
        <test-method signature="Test08()[pri:0, instance:cs.ing.software.lab1.MainTest@1976f537]" started-at="2021-09-15T01:31:18 COT" name="Test08" finished-at="2021-09-15T01:31:18 COT" duration-ms="11" status="PASS">
          <reporter-output>
          </reporter-output>
        </test-method> <!-- Test08 -->
        <test-method signature="Test08()[pri:0, instance:cs.ing.software.lab1.MainTest@1976f537]" started-at="2021-09-15T01:31:18 COT" name="Test08" finished-at="2021-09-15T01:31:18 COT" duration-ms="0" status="PASS">
          <reporter-output>
          </reporter-output>
        </test-method> <!-- Test08 -->
        <test-method signature="Test08()[pri:0, instance:cs.ing.software.lab1.MainTest@1976f537]" started-at="2021-09-15T01:31:18 COT" name="Test08" finished-at="2021-09-15T01:31:18 COT" duration-ms="0" status="PASS">
          <reporter-output>
          </reporter-output>
        </test-method> <!-- Test08 -->
        <test-method signature="Test08()[pri:0, instance:cs.ing.software.lab1.MainTest@1976f537]" started-at="2021-09-15T01:31:18 COT" name="Test08" finished-at="2021-09-15T01:31:18 COT" duration-ms="9" status="PASS">
          <reporter-output>
          </reporter-output>
        </test-method> <!-- Test08 -->
        <test-method signature="Test08()[pri:0, instance:cs.ing.software.lab1.MainTest@1976f537]" started-at="2021-09-15T01:31:18 COT" name="Test08" finished-at="2021-09-15T01:31:18 COT" duration-ms="1" status="PASS">
          <reporter-output>
          </reporter-output>
        </test-method> <!-- Test08 -->
        <test-method signature="Test08()[pri:0, instance:cs.ing.software.lab1.MainTest@1976f537]" started-at="2021-09-15T01:31:18 COT" name="Test08" finished-at="2021-09-15T01:31:18 COT" duration-ms="0" status="PASS">
          <reporter-output>
          </reporter-output>
        </test-method> <!-- Test08 -->
        <test-method signature="Test08()[pri:0, instance:cs.ing.software.lab1.MainTest@1976f537]" started-at="2021-09-15T01:31:18 COT" name="Test08" finished-at="2021-09-15T01:31:18 COT" duration-ms="0" status="PASS">
          <reporter-output>
          </reporter-output>
        </test-method> <!-- Test08 -->
        <test-method signature="Test08()[pri:0, instance:cs.ing.software.lab1.MainTest@1976f537]" started-at="2021-09-15T01:31:18 COT" name="Test08" finished-at="2021-09-15T01:31:18 COT" duration-ms="8" status="PASS">
          <reporter-output>
          </reporter-output>
        </test-method> <!-- Test08 -->
        <test-method signature="Test08()[pri:0, instance:cs.ing.software.lab1.MainTest@1976f537]" started-at="2021-09-15T01:31:18 COT" name="Test08" finished-at="2021-09-15T01:31:18 COT" duration-ms="0" status="PASS">
          <reporter-output>
          </reporter-output>
        </test-method> <!-- Test08 -->
        <test-method signature="Test08()[pri:0, instance:cs.ing.software.lab1.MainTest@1976f537]" started-at="2021-09-15T01:31:18 COT" name="Test08" finished-at="2021-09-15T01:31:18 COT" duration-ms="0" status="PASS">
          <reporter-output>
          </reporter-output>
        </test-method> <!-- Test08 -->
        <test-method signature="Test08()[pri:0, instance:cs.ing.software.lab1.MainTest@1976f537]" started-at="2021-09-15T01:31:18 COT" name="Test08" finished-at="2021-09-15T01:31:18 COT" duration-ms="0" status="PASS">
          <reporter-output>
          </reporter-output>
        </test-method> <!-- Test08 -->
        <test-method signature="Test08()[pri:0, instance:cs.ing.software.lab1.MainTest@1976f537]" started-at="2021-09-15T01:31:18 COT" name="Test08" finished-at="2021-09-15T01:31:18 COT" duration-ms="1" status="PASS">
          <reporter-output>
          </reporter-output>
        </test-method> <!-- Test08 -->
        <test-method signature="Test08()[pri:0, instance:cs.ing.software.lab1.MainTest@1976f537]" started-at="2021-09-15T01:31:18 COT" name="Test08" finished-at="2021-09-15T01:31:18 COT" duration-ms="0" status="PASS">
          <reporter-output>
          </reporter-output>
        </test-method> <!-- Test08 -->
        <test-method signature="Test08()[pri:0, instance:cs.ing.software.lab1.MainTest@1976f537]" started-at="2021-09-15T01:31:18 COT" name="Test08" finished-at="2021-09-15T01:31:18 COT" duration-ms="0" status="PASS">
          <reporter-output>
          </reporter-output>
        </test-method> <!-- Test08 -->
        <test-method signature="Test08()[pri:0, instance:cs.ing.software.lab1.MainTest@1976f537]" started-at="2021-09-15T01:31:18 COT" name="Test08" finished-at="2021-09-15T01:31:18 COT" duration-ms="0" status="PASS">
          <reporter-output>
          </reporter-output>
        </test-method> <!-- Test08 -->
        <test-method signature="Test08()[pri:0, instance:cs.ing.software.lab1.MainTest@1976f537]" started-at="2021-09-15T01:31:18 COT" name="Test08" finished-at="2021-09-15T01:31:18 COT" duration-ms="0" status="PASS">
          <reporter-output>
          </reporter-output>
        </test-method> <!-- Test08 -->
        <test-method signature="Test08()[pri:0, instance:cs.ing.software.lab1.MainTest@1976f537]" started-at="2021-09-15T01:31:18 COT" name="Test08" finished-at="2021-09-15T01:31:18 COT" duration-ms="0" status="PASS">
          <reporter-output>
          </reporter-output>
        </test-method> <!-- Test08 -->
        <test-method signature="Test08()[pri:0, instance:cs.ing.software.lab1.MainTest@1976f537]" started-at="2021-09-15T01:31:18 COT" name="Test08" finished-at="2021-09-15T01:31:18 COT" duration-ms="4" status="PASS">
          <reporter-output>
          </reporter-output>
        </test-method> <!-- Test08 -->
        <test-method signature="Test08()[pri:0, instance:cs.ing.software.lab1.MainTest@1976f537]" started-at="2021-09-15T01:31:18 COT" name="Test08" finished-at="2021-09-15T01:31:18 COT" duration-ms="0" status="PASS">
          <reporter-output>
          </reporter-output>
        </test-method> <!-- Test08 -->
        <test-method signature="Test08()[pri:0, instance:cs.ing.software.lab1.MainTest@1976f537]" started-at="2021-09-15T01:31:18 COT" name="Test08" finished-at="2021-09-15T01:31:18 COT" duration-ms="0" status="PASS">
          <reporter-output>
          </reporter-output>
        </test-method> <!-- Test08 -->
      </class> <!-- cs.ing.software.lab1.MainTest -->
    </test> <!-- Command line test -->
  </suite> <!-- cs.ing.software.lab1.MainTest -->
</testng-results>
